{"C:\\laragon\\www\\MIMARKET\\mimarket-frontend\\app\\layout.tsx": {"path":"C:\\laragon\\www\\MIMARKET\\mimarket-frontend\\app\\layout.tsx","statementMap":{"0":{"start":{"line":16,"column":24},"end":{"line":16,"column":35}},"1":{"start":{"line":10,"column":13},"end":{"line":10,"column":21}},"2":{"start":{"line":2,"column":26},"end":{"line":2,"column":null}},"3":{"start":{"line":3,"column":26},"end":{"line":3,"column":null}},"4":{"start":{"line":4,"column":26},"end":{"line":4,"column":null}},"5":{"start":{"line":5,"column":29},"end":{"line":5,"column":null}},"6":{"start":{"line":6,"column":32},"end":{"line":6,"column":null}},"7":{"start":{"line":7,"column":24},"end":{"line":7,"column":null}},"8":{"start":{"line":8,"column":7},"end":{"line":8,"column":null}},"9":{"start":{"line":10,"column":34},"end":{"line":14,"column":null}}},"fnMap":{"0":{"name":"RootLayout","decl":{"start":{"line":16,"column":24},"end":{"line":16,"column":35}},"loc":{"start":{"line":20,"column":2},"end":{"line":34,"column":1}}}},"branchMap":{},"s":{"0":0,"1":0,"2":0,"3":0,"4":0,"5":0,"6":0,"7":0,"8":0,"9":0},"f":{"0":0},"b":{}}
,"C:\\laragon\\www\\MIMARKET\\mimarket-frontend\\app\\page.tsx": {"path":"C:\\laragon\\www\\MIMARKET\\mimarket-frontend\\app\\page.tsx","statementMap":{"0":{"start":{"line":15,"column":24},"end":{"line":15,"column":null}},"1":{"start":{"line":1,"column":25},"end":{"line":1,"column":null}},"2":{"start":{"line":2,"column":19},"end":{"line":2,"column":null}},"3":{"start":{"line":3,"column":24},"end":{"line":3,"column":null}},"4":{"start":{"line":4,"column":27},"end":{"line":4,"column":null}},"5":{"start":{"line":5,"column":19},"end":{"line":5,"column":null}},"6":{"start":{"line":6,"column":25},"end":{"line":6,"column":null}},"7":{"start":{"line":7,"column":75},"end":{"line":7,"column":null}},"8":{"start":{"line":8,"column":34},"end":{"line":8,"column":null}},"9":{"start":{"line":9,"column":23},"end":{"line":9,"column":null}},"10":{"start":{"line":10,"column":17},"end":{"line":10,"column":null}},"11":{"start":{"line":12,"column":35},"end":{"line":12,"column":null}},"12":{"start":{"line":13,"column":27},"end":{"line":13,"column":null}},"13":{"start":{"line":88,"column":10},"end":{"line":88,"column":23}}},"fnMap":{"0":{"name":"Home","decl":{"start":{"line":15,"column":24},"end":{"line":15,"column":null}},"loc":{"start":{"line":15,"column":24},"end":{"line":80,"column":null}}},"1":{"name":"ProductListSkeleton","decl":{"start":{"line":82,"column":9},"end":{"line":82,"column":null}},"loc":{"start":{"line":82,"column":9},"end":{"line":99,"column":null}}},"2":{"name":"(anonymous_4)","decl":{"start":{"line":87,"column":13},"end":{"line":87,"column":14}},"loc":{"start":{"line":88,"column":10},"end":{"line":88,"column":23}}}},"branchMap":{},"s":{"0":0,"1":0,"2":0,"3":0,"4":0,"5":0,"6":0,"7":0,"8":0,"9":0,"10":0,"11":0,"12":0,"13":0},"f":{"0":0,"1":0,"2":0},"b":{}}
,"C:\\laragon\\www\\MIMARKET\\mimarket-frontend\\app\\busqueda-inteligente\\loading.tsx": {"path":"C:\\laragon\\www\\MIMARKET\\mimarket-frontend\\app\\busqueda-inteligente\\loading.tsx","statementMap":{"0":{"start":{"line":1,"column":24},"end":{"line":1,"column":null}},"1":{"start":{"line":2,"column":2},"end":{"line":2,"column":null}}},"fnMap":{"0":{"name":"Loading","decl":{"start":{"line":1,"column":24},"end":{"line":1,"column":null}},"loc":{"start":{"line":1,"column":24},"end":{"line":3,"column":null}}}},"branchMap":{},"s":{"0":0,"1":0},"f":{"0":0},"b":{}}
,"C:\\laragon\\www\\MIMARKET\\mimarket-frontend\\app\\busqueda-inteligente\\page.tsx": {"path":"C:\\laragon\\www\\MIMARKET\\mimarket-frontend\\app\\busqueda-inteligente\\page.tsx","statementMap":{"0":{"start":{"line":8,"column":24},"end":{"line":8,"column":null}},"1":{"start":{"line":3,"column":36},"end":{"line":3,"column":null}},"2":{"start":{"line":4,"column":19},"end":{"line":4,"column":null}},"3":{"start":{"line":5,"column":19},"end":{"line":5,"column":null}},"4":{"start":{"line":6,"column":24},"end":{"line":6,"column":null}},"5":{"start":{"line":9,"column":32},"end":{"line":9,"column":null}},"6":{"start":{"line":11,"column":2},"end":{"line":13,"column":null}},"7":{"start":{"line":12,"column":4},"end":{"line":12,"column":null}},"8":{"start":{"line":15,"column":2},"end":{"line":30,"column":null}}},"fnMap":{"0":{"name":"BusquedaInteligentePage","decl":{"start":{"line":8,"column":24},"end":{"line":8,"column":null}},"loc":{"start":{"line":8,"column":24},"end":{"line":83,"column":null}}},"1":{"name":"(anonymous_3)","decl":{"start":{"line":11,"column":12},"end":{"line":11,"column":null}},"loc":{"start":{"line":11,"column":12},"end":{"line":13,"column":5}}}},"branchMap":{"0":{"loc":{"start":{"line":15,"column":2},"end":{"line":30,"column":null}},"type":"if","locations":[{"start":{"line":15,"column":2},"end":{"line":30,"column":null}},{"start":{},"end":{}}]}},"s":{"0":0,"1":0,"2":0,"3":0,"4":0,"5":0,"6":0,"7":0,"8":0},"f":{"0":0,"1":0},"b":{"0":[0,0]}}
,"C:\\laragon\\www\\MIMARKET\\mimarket-frontend\\app\\carrito\\page.tsx": {"path":"C:\\laragon\\www\\MIMARKET\\mimarket-frontend\\app\\carrito\\page.tsx","statementMap":{"0":{"start":{"line":17,"column":24},"end":{"line":17,"column":null}},"1":{"start":{"line":3,"column":36},"end":{"line":3,"column":null}},"2":{"start":{"line":4,"column":17},"end":{"line":4,"column":null}},"3":{"start":{"line":5,"column":18},"end":{"line":5,"column":null}},"4":{"start":{"line":6,"column":69},"end":{"line":6,"column":null}},"5":{"start":{"line":7,"column":19},"end":{"line":7,"column":null}},"6":{"start":{"line":8,"column":19},"end":{"line":8,"column":null}},"7":{"start":{"line":9,"column":23},"end":{"line":9,"column":null}},"8":{"start":{"line":10,"column":57},"end":{"line":10,"column":null}},"9":{"start":{"line":11,"column":22},"end":{"line":11,"column":null}},"10":{"start":{"line":12,"column":24},"end":{"line":12,"column":null}},"11":{"start":{"line":13,"column":28},"end":{"line":13,"column":null}},"12":{"start":{"line":14,"column":41},"end":{"line":14,"column":null}},"13":{"start":{"line":15,"column":24},"end":{"line":15,"column":null}},"14":{"start":{"line":18,"column":119},"end":{"line":18,"column":null}},"15":{"start":{"line":19,"column":30},"end":{"line":19,"column":null}},"16":{"start":{"line":20,"column":38},"end":{"line":20,"column":null}},"17":{"start":{"line":23,"column":2},"end":{"line":23,"column":null}},"18":{"start":{"line":25,"column":2},"end":{"line":29,"column":null}},"19":{"start":{"line":26,"column":4},"end":{"line":28,"column":null}},"20":{"start":{"line":27,"column":6},"end":{"line":27,"column":null}},"21":{"start":{"line":31,"column":23},"end":{"line":31,"column":null}},"22":{"start":{"line":32,"column":16},"end":{"line":32,"column":null}},"23":{"start":{"line":34,"column":26},"end":{"line":42,"column":null}},"24":{"start":{"line":35,"column":4},"end":{"line":35,"column":null}},"25":{"start":{"line":36,"column":4},"end":{"line":40,"column":null}},"26":{"start":{"line":37,"column":6},"end":{"line":37,"column":null}},"27":{"start":{"line":39,"column":6},"end":{"line":39,"column":null}},"28":{"start":{"line":41,"column":4},"end":{"line":41,"column":null}},"29":{"start":{"line":44,"column":27},"end":{"line":55,"column":null}},"30":{"start":{"line":45,"column":4},"end":{"line":54,"column":null}},"31":{"start":{"line":47,"column":8},"end":{"line":47,"column":null}},"32":{"start":{"line":49,"column":8},"end":{"line":49,"column":null}},"33":{"start":{"line":51,"column":8},"end":{"line":51,"column":null}},"34":{"start":{"line":53,"column":8},"end":{"line":53,"column":null}},"35":{"start":{"line":57,"column":2},"end":{"line":72,"column":null}},"36":{"start":{"line":74,"column":2},"end":{"line":90,"column":null}},"37":{"start":{"line":83,"column":37},"end":{"line":83,"column":49}},"38":{"start":{"line":92,"column":2},"end":{"line":113,"column":null}},"39":{"start":{"line":141,"column":39},"end":{"line":141,"column":null}},"40":{"start":{"line":142,"column":18},"end":{"line":142,"column":null}},"41":{"start":{"line":142,"column":33},"end":{"line":142,"column":null}},"42":{"start":{"line":144,"column":35},"end":{"line":144,"column":63}},"43":{"start":{"line":145,"column":41},"end":{"line":145,"column":null}},"44":{"start":{"line":147,"column":18},"end":{"line":148,"column":null}},"45":{"start":{"line":180,"column":47},"end":{"line":180,"column":null}},"46":{"start":{"line":194,"column":49},"end":{"line":194,"column":null}},"47":{"start":{"line":204,"column":49},"end":{"line":204,"column":null}},"48":{"start":{"line":232,"column":43},"end":{"line":232,"column":null}},"49":{"start":{"line":233,"column":22},"end":{"line":233,"column":null}},"50":{"start":{"line":233,"column":37},"end":{"line":233,"column":null}},"51":{"start":{"line":236,"column":24},"end":{"line":236,"column":115}},"52":{"start":{"line":238,"column":22},"end":{"line":239,"column":43}}},"fnMap":{"0":{"name":"CarritoPage","decl":{"start":{"line":17,"column":24},"end":{"line":17,"column":null}},"loc":{"start":{"line":17,"column":24},"end":{"line":279,"column":null}}},"1":{"name":"(anonymous_3)","decl":{"start":{"line":25,"column":12},"end":{"line":25,"column":null}},"loc":{"start":{"line":25,"column":12},"end":{"line":29,"column":5}}},"2":{"name":"(anonymous_4)","decl":{"start":{"line":34,"column":26},"end":{"line":34,"column":null}},"loc":{"start":{"line":34,"column":26},"end":{"line":42,"column":null}}},"3":{"name":"(anonymous_5)","decl":{"start":{"line":44,"column":27},"end":{"line":44,"column":28}},"loc":{"start":{"line":44,"column":28},"end":{"line":55,"column":null}}},"4":{"name":"(anonymous_6)","decl":{"start":{"line":83,"column":31},"end":{"line":83,"column":37}},"loc":{"start":{"line":83,"column":37},"end":{"line":83,"column":49}}},"5":{"name":"(anonymous_7)","decl":{"start":{"line":140,"column":34},"end":{"line":140,"column":35}},"loc":{"start":{"line":140,"column":35},"end":{"line":220,"column":null}}},"6":{"name":"(anonymous_8)","decl":{"start":{"line":180,"column":41},"end":{"line":180,"column":47}},"loc":{"start":{"line":180,"column":47},"end":{"line":180,"column":null}}},"7":{"name":"(anonymous_9)","decl":{"start":{"line":194,"column":43},"end":{"line":194,"column":49}},"loc":{"start":{"line":194,"column":49},"end":{"line":194,"column":null}}},"8":{"name":"(anonymous_10)","decl":{"start":{"line":204,"column":43},"end":{"line":204,"column":49}},"loc":{"start":{"line":204,"column":49},"end":{"line":204,"column":null}}},"9":{"name":"(anonymous_11)","decl":{"start":{"line":231,"column":38},"end":{"line":231,"column":39}},"loc":{"start":{"line":231,"column":39},"end":{"line":246,"column":null}}}},"branchMap":{"0":{"loc":{"start":{"line":26,"column":4},"end":{"line":28,"column":null}},"type":"if","locations":[{"start":{"line":26,"column":4},"end":{"line":28,"column":null}},{"start":{},"end":{}}]},"1":{"loc":{"start":{"line":45,"column":4},"end":{"line":54,"column":null}},"type":"switch","locations":[{"start":{"line":46,"column":6},"end":{"line":47,"column":null}},{"start":{"line":48,"column":6},"end":{"line":49,"column":null}},{"start":{"line":50,"column":6},"end":{"line":51,"column":null}},{"start":{"line":52,"column":6},"end":{"line":53,"column":null}}]},"2":{"loc":{"start":{"line":57,"column":2},"end":{"line":72,"column":null}},"type":"if","locations":[{"start":{"line":57,"column":2},"end":{"line":72,"column":null}},{"start":{},"end":{}}]},"3":{"loc":{"start":{"line":74,"column":2},"end":{"line":90,"column":null}},"type":"if","locations":[{"start":{"line":74,"column":2},"end":{"line":90,"column":null}},{"start":{},"end":{}}]},"4":{"loc":{"start":{"line":92,"column":2},"end":{"line":113,"column":null}},"type":"if","locations":[{"start":{"line":92,"column":2},"end":{"line":113,"column":null}},{"start":{},"end":{}}]},"5":{"loc":{"start":{"line":135,"column":19},"end":{"line":135,"column":null}},"type":"cond-expr","locations":[{"start":{"line":135,"column":32},"end":{"line":135,"column":49}},{"start":{"line":135,"column":49},"end":{"line":135,"column":null}}]},"6":{"loc":{"start":{"line":142,"column":18},"end":{"line":142,"column":null}},"type":"if","locations":[{"start":{"line":142,"column":18},"end":{"line":142,"column":null}},{"start":{},"end":{}}]},"7":{"loc":{"start":{"line":153,"column":35},"end":{"line":153,"column":null}},"type":"binary-expr","locations":[{"start":{"line":153,"column":35},"end":{"line":153,"column":60}},{"start":{"line":153,"column":64},"end":{"line":153,"column":null}}]},"8":{"loc":{"start":{"line":233,"column":22},"end":{"line":233,"column":null}},"type":"if","locations":[{"start":{"line":233,"column":22},"end":{"line":233,"column":null}},{"start":{},"end":{}}]},"9":{"loc":{"start":{"line":236,"column":24},"end":{"line":236,"column":115}},"type":"cond-expr","locations":[{"start":{"line":236,"column":49},"end":{"line":236,"column":100}},{"start":{"line":236,"column":100},"end":{"line":236,"column":115}}]}},"s":{"0":0,"1":0,"2":0,"3":0,"4":0,"5":0,"6":0,"7":0,"8":0,"9":0,"10":0,"11":0,"12":0,"13":0,"14":0,"15":0,"16":0,"17":0,"18":0,"19":0,"20":0,"21":0,"22":0,"23":0,"24":0,"25":0,"26":0,"27":0,"28":0,"29":0,"30":0,"31":0,"32":0,"33":0,"34":0,"35":0,"36":0,"37":0,"38":0,"39":0,"40":0,"41":0,"42":0,"43":0,"44":0,"45":0,"46":0,"47":0,"48":0,"49":0,"50":0,"51":0,"52":0},"f":{"0":0,"1":0,"2":0,"3":0,"4":0,"5":0,"6":0,"7":0,"8":0,"9":0},"b":{"0":[0,0],"1":[0,0,0,0],"2":[0,0],"3":[0,0],"4":[0,0],"5":[0,0],"6":[0,0],"7":[0,0],"8":[0,0],"9":[0,0]}}
,"C:\\laragon\\www\\MIMARKET\\mimarket-frontend\\app\\checkout\\page.tsx": {"path":"C:\\laragon\\www\\MIMARKET\\mimarket-frontend\\app\\checkout\\page.tsx","statementMap":{"0":{"start":{"line":56,"column":24},"end":{"line":56,"column":null}},"1":{"start":{"line":3,"column":36},"end":{"line":3,"column":null}},"2":{"start":{"line":4,"column":26},"end":{"line":4,"column":null}},"3":{"start":{"line":5,"column":18},"end":{"line":5,"column":null}},"4":{"start":{"line":6,"column":20},"end":{"line":6,"column":null}},"5":{"start":{"line":7,"column":68},"end":{"line":7,"column":null}},"6":{"start":{"line":8,"column":19},"end":{"line":8,"column":null}},"7":{"start":{"line":9,"column":19},"end":{"line":9,"column":null}},"8":{"start":{"line":10,"column":23},"end":{"line":10,"column":null}},"9":{"start":{"line":11,"column":57},"end":{"line":11,"column":null}},"10":{"start":{"line":12,"column":22},"end":{"line":12,"column":null}},"11":{"start":{"line":13,"column":22},"end":{"line":13,"column":null}},"12":{"start":{"line":14,"column":25},"end":{"line":14,"column":null}},"13":{"start":{"line":15,"column":43},"end":{"line":15,"column":null}},"14":{"start":{"line":16,"column":57},"end":{"line":16,"column":null}},"15":{"start":{"line":17,"column":22},"end":{"line":17,"column":null}},"16":{"start":{"line":18,"column":24},"end":{"line":18,"column":null}},"17":{"start":{"line":19,"column":28},"end":{"line":19,"column":null}},"18":{"start":{"line":20,"column":22},"end":{"line":20,"column":null}},"19":{"start":{"line":21,"column":44},"end":{"line":21,"column":null}},"20":{"start":{"line":22,"column":41},"end":{"line":22,"column":null}},"21":{"start":{"line":25,"column":34},"end":{"line":25,"column":null}},"22":{"start":{"line":57,"column":17},"end":{"line":57,"column":null}},"23":{"start":{"line":58,"column":56},"end":{"line":58,"column":null}},"24":{"start":{"line":59,"column":66},"end":{"line":59,"column":null}},"25":{"start":{"line":60,"column":26},"end":{"line":60,"column":null}},"26":{"start":{"line":61,"column":40},"end":{"line":61,"column":null}},"27":{"start":{"line":63,"column":23},"end":{"line":63,"column":null}},"28":{"start":{"line":64,"column":16},"end":{"line":64,"column":null}},"29":{"start":{"line":67,"column":42},"end":{"line":71,"column":null}},"30":{"start":{"line":73,"column":44},"end":{"line":73,"column":null}},"31":{"start":{"line":74,"column":46},"end":{"line":74,"column":null}},"32":{"start":{"line":75,"column":32},"end":{"line":82,"column":null}},"33":{"start":{"line":84,"column":60},"end":{"line":88,"column":null}},"34":{"start":{"line":91,"column":27},"end":{"line":91,"column":null}},"35":{"start":{"line":91,"column":55},"end":{"line":91,"column":null}},"36":{"start":{"line":92,"column":25},"end":{"line":92,"column":null}},"37":{"start":{"line":92,"column":53},"end":{"line":92,"column":null}},"38":{"start":{"line":93,"column":25},"end":{"line":93,"column":null}},"39":{"start":{"line":93,"column":53},"end":{"line":93,"column":null}},"40":{"start":{"line":95,"column":2},"end":{"line":102,"column":null}},"41":{"start":{"line":96,"column":4},"end":{"line":101,"column":null}},"42":{"start":{"line":97,"column":6},"end":{"line":97,"column":null}},"43":{"start":{"line":100,"column":6},"end":{"line":100,"column":null}},"44":{"start":{"line":105,"column":28},"end":{"line":109,"column":null}},"45":{"start":{"line":106,"column":4},"end":{"line":108,"column":null}},"46":{"start":{"line":107,"column":6},"end":{"line":107,"column":null}},"47":{"start":{"line":111,"column":28},"end":{"line":148,"column":null}},"48":{"start":{"line":112,"column":4},"end":{"line":147,"column":null}},"49":{"start":{"line":114,"column":27},"end":{"line":114,"column":null}},"50":{"start":{"line":115,"column":6},"end":{"line":127,"column":null}},"51":{"start":{"line":116,"column":8},"end":{"line":116,"column":null}},"52":{"start":{"line":117,"column":8},"end":{"line":119,"column":null}},"53":{"start":{"line":118,"column":10},"end":{"line":118,"column":null}},"54":{"start":{"line":120,"column":13},"end":{"line":127,"column":null}},"55":{"start":{"line":121,"column":8},"end":{"line":121,"column":null}},"56":{"start":{"line":122,"column":8},"end":{"line":124,"column":null}},"57":{"start":{"line":123,"column":10},"end":{"line":123,"column":null}},"58":{"start":{"line":126,"column":8},"end":{"line":126,"column":null}},"59":{"start":{"line":129,"column":27},"end":{"line":134,"column":null}},"60":{"start":{"line":136,"column":21},"end":{"line":136,"column":null}},"61":{"start":{"line":138,"column":6},"end":{"line":144,"column":null}},"62":{"start":{"line":140,"column":8},"end":{"line":140,"column":null}},"63":{"start":{"line":143,"column":8},"end":{"line":143,"column":null}},"64":{"start":{"line":146,"column":6},"end":{"line":146,"column":null}},"65":{"start":{"line":150,"column":22},"end":{"line":164,"column":null}},"66":{"start":{"line":151,"column":4},"end":{"line":163,"column":null}},"67":{"start":{"line":153,"column":8},"end":{"line":153,"column":null}},"68":{"start":{"line":155,"column":8},"end":{"line":155,"column":null}},"69":{"start":{"line":157,"column":8},"end":{"line":159,"column":null}},"70":{"start":{"line":158,"column":10},"end":{"line":158,"column":null}},"71":{"start":{"line":160,"column":8},"end":{"line":160,"column":null}},"72":{"start":{"line":162,"column":8},"end":{"line":162,"column":null}},"73":{"start":{"line":166,"column":31},"end":{"line":187,"column":null}},"74":{"start":{"line":167,"column":4},"end":{"line":167,"column":null}},"75":{"start":{"line":167,"column":26},"end":{"line":167,"column":null}},"76":{"start":{"line":170,"column":4},"end":{"line":186,"column":null}},"77":{"start":{"line":171,"column":27},"end":{"line":171,"column":null}},"78":{"start":{"line":172,"column":6},"end":{"line":172,"column":null}},"79":{"start":{"line":174,"column":6},"end":{"line":185,"column":null}},"80":{"start":{"line":175,"column":8},"end":{"line":178,"column":null}},"81":{"start":{"line":180,"column":8},"end":{"line":184,"column":null}},"82":{"start":{"line":189,"column":2},"end":{"line":191,"column":null}},"83":{"start":{"line":190,"column":4},"end":{"line":190,"column":null}},"84":{"start":{"line":193,"column":24},"end":{"line":193,"column":null}},"85":{"start":{"line":201,"column":51},"end":{"line":201,"column":null}},"86":{"start":{"line":240,"column":45},"end":{"line":240,"column":null}},"87":{"start":{"line":240,"column":72},"end":{"line":240,"column":null}},"88":{"start":{"line":250,"column":45},"end":{"line":250,"column":null}},"89":{"start":{"line":250,"column":72},"end":{"line":250,"column":null}},"90":{"start":{"line":261,"column":43},"end":{"line":261,"column":null}},"91":{"start":{"line":261,"column":70},"end":{"line":261,"column":null}},"92":{"start":{"line":266,"column":45},"end":{"line":266,"column":57}},"93":{"start":{"line":319,"column":65},"end":{"line":319,"column":77}},"94":{"start":{"line":322,"column":47},"end":{"line":322,"column":59}},"95":{"start":{"line":400,"column":49},"end":{"line":400,"column":null}},"96":{"start":{"line":400,"column":71},"end":{"line":400,"column":null}},"97":{"start":{"line":409,"column":49},"end":{"line":409,"column":null}},"98":{"start":{"line":409,"column":71},"end":{"line":409,"column":null}},"99":{"start":{"line":421,"column":49},"end":{"line":421,"column":null}},"100":{"start":{"line":421,"column":71},"end":{"line":421,"column":null}},"101":{"start":{"line":430,"column":49},"end":{"line":430,"column":null}},"102":{"start":{"line":430,"column":71},"end":{"line":430,"column":null}},"103":{"start":{"line":441,"column":47},"end":{"line":441,"column":null}},"104":{"start":{"line":441,"column":69},"end":{"line":441,"column":null}},"105":{"start":{"line":465,"column":63},"end":{"line":465,"column":75}},"106":{"start":{"line":486,"column":43},"end":{"line":486,"column":null}},"107":{"start":{"line":487,"column":22},"end":{"line":487,"column":null}},"108":{"start":{"line":487,"column":37},"end":{"line":487,"column":null}},"109":{"start":{"line":490,"column":24},"end":{"line":490,"column":115}},"110":{"start":{"line":492,"column":47},"end":{"line":503,"column":null}},"111":{"start":{"line":493,"column":24},"end":{"line":502,"column":null}},"112":{"start":{"line":495,"column":28},"end":{"line":495,"column":null}},"113":{"start":{"line":497,"column":28},"end":{"line":497,"column":null}},"114":{"start":{"line":499,"column":28},"end":{"line":499,"column":null}},"115":{"start":{"line":501,"column":28},"end":{"line":501,"column":null}},"116":{"start":{"line":505,"column":39},"end":{"line":505,"column":null}},"117":{"start":{"line":507,"column":22},"end":{"line":508,"column":43}},"118":{"start":{"line":541,"column":43},"end":{"line":541,"column":null}}},"fnMap":{"0":{"name":"(anonymous_5)","decl":{"start":{"line":25,"column":28},"end":{"line":25,"column":34}},"loc":{"start":{"line":25,"column":34},"end":{"line":25,"column":null}}},"1":{"name":"(anonymous_6)","decl":{"start":{"line":25,"column":34},"end":{"line":25,"column":41}},"loc":{"start":{"line":25,"column":34},"end":{"line":25,"column":null}}},"2":{"name":"CheckoutPage","decl":{"start":{"line":56,"column":24},"end":{"line":56,"column":null}},"loc":{"start":{"line":56,"column":24},"end":{"line":602,"column":null}}},"3":{"name":"(anonymous_10)","decl":{"start":{"line":91,"column":45},"end":{"line":91,"column":46}},"loc":{"start":{"line":91,"column":55},"end":{"line":91,"column":null}}},"4":{"name":"(anonymous_11)","decl":{"start":{"line":92,"column":43},"end":{"line":92,"column":44}},"loc":{"start":{"line":92,"column":53},"end":{"line":92,"column":null}}},"5":{"name":"(anonymous_12)","decl":{"start":{"line":93,"column":43},"end":{"line":93,"column":44}},"loc":{"start":{"line":93,"column":53},"end":{"line":93,"column":null}}},"6":{"name":"(anonymous_13)","decl":{"start":{"line":95,"column":12},"end":{"line":95,"column":null}},"loc":{"start":{"line":95,"column":12},"end":{"line":102,"column":5}}},"7":{"name":"(anonymous_14)","decl":{"start":{"line":105,"column":28},"end":{"line":105,"column":null}},"loc":{"start":{"line":105,"column":28},"end":{"line":109,"column":null}}},"8":{"name":"(anonymous_15)","decl":{"start":{"line":111,"column":28},"end":{"line":111,"column":null}},"loc":{"start":{"line":111,"column":28},"end":{"line":148,"column":null}}},"9":{"name":"(anonymous_16)","decl":{"start":{"line":150,"column":22},"end":{"line":150,"column":23}},"loc":{"start":{"line":150,"column":23},"end":{"line":164,"column":null}}},"10":{"name":"(anonymous_17)","decl":{"start":{"line":166,"column":31},"end":{"line":166,"column":32}},"loc":{"start":{"line":166,"column":32},"end":{"line":187,"column":null}}},"11":{"name":"(anonymous_18)","decl":{"start":{"line":167,"column":15},"end":{"line":167,"column":16}},"loc":{"start":{"line":167,"column":26},"end":{"line":167,"column":null}}},"12":{"name":"(anonymous_19)","decl":{"start":{"line":201,"column":45},"end":{"line":201,"column":51}},"loc":{"start":{"line":201,"column":51},"end":{"line":201,"column":null}}},"13":{"name":"(anonymous_20)","decl":{"start":{"line":240,"column":38},"end":{"line":240,"column":39}},"loc":{"start":{"line":240,"column":45},"end":{"line":240,"column":null}}},"14":{"name":"(anonymous_21)","decl":{"start":{"line":240,"column":61},"end":{"line":240,"column":62}},"loc":{"start":{"line":240,"column":72},"end":{"line":240,"column":null}}},"15":{"name":"(anonymous_22)","decl":{"start":{"line":250,"column":38},"end":{"line":250,"column":39}},"loc":{"start":{"line":250,"column":45},"end":{"line":250,"column":null}}},"16":{"name":"(anonymous_23)","decl":{"start":{"line":250,"column":61},"end":{"line":250,"column":62}},"loc":{"start":{"line":250,"column":72},"end":{"line":250,"column":null}}},"17":{"name":"(anonymous_24)","decl":{"start":{"line":261,"column":36},"end":{"line":261,"column":37}},"loc":{"start":{"line":261,"column":43},"end":{"line":261,"column":null}}},"18":{"name":"(anonymous_25)","decl":{"start":{"line":261,"column":59},"end":{"line":261,"column":60}},"loc":{"start":{"line":261,"column":70},"end":{"line":261,"column":null}}},"19":{"name":"(anonymous_26)","decl":{"start":{"line":266,"column":39},"end":{"line":266,"column":45}},"loc":{"start":{"line":266,"column":45},"end":{"line":266,"column":57}}},"20":{"name":"(anonymous_27)","decl":{"start":{"line":319,"column":59},"end":{"line":319,"column":65}},"loc":{"start":{"line":319,"column":65},"end":{"line":319,"column":77}}},"21":{"name":"(anonymous_28)","decl":{"start":{"line":322,"column":41},"end":{"line":322,"column":47}},"loc":{"start":{"line":322,"column":47},"end":{"line":322,"column":59}}},"22":{"name":"(anonymous_29)","decl":{"start":{"line":400,"column":42},"end":{"line":400,"column":43}},"loc":{"start":{"line":400,"column":49},"end":{"line":400,"column":null}}},"23":{"name":"(anonymous_30)","decl":{"start":{"line":400,"column":60},"end":{"line":400,"column":61}},"loc":{"start":{"line":400,"column":71},"end":{"line":400,"column":null}}},"24":{"name":"(anonymous_31)","decl":{"start":{"line":409,"column":42},"end":{"line":409,"column":43}},"loc":{"start":{"line":409,"column":49},"end":{"line":409,"column":null}}},"25":{"name":"(anonymous_32)","decl":{"start":{"line":409,"column":60},"end":{"line":409,"column":61}},"loc":{"start":{"line":409,"column":71},"end":{"line":409,"column":null}}},"26":{"name":"(anonymous_33)","decl":{"start":{"line":421,"column":42},"end":{"line":421,"column":43}},"loc":{"start":{"line":421,"column":49},"end":{"line":421,"column":null}}},"27":{"name":"(anonymous_34)","decl":{"start":{"line":421,"column":60},"end":{"line":421,"column":61}},"loc":{"start":{"line":421,"column":71},"end":{"line":421,"column":null}}},"28":{"name":"(anonymous_35)","decl":{"start":{"line":430,"column":42},"end":{"line":430,"column":43}},"loc":{"start":{"line":430,"column":49},"end":{"line":430,"column":null}}},"29":{"name":"(anonymous_36)","decl":{"start":{"line":430,"column":60},"end":{"line":430,"column":61}},"loc":{"start":{"line":430,"column":71},"end":{"line":430,"column":null}}},"30":{"name":"(anonymous_37)","decl":{"start":{"line":441,"column":40},"end":{"line":441,"column":41}},"loc":{"start":{"line":441,"column":47},"end":{"line":441,"column":null}}},"31":{"name":"(anonymous_38)","decl":{"start":{"line":441,"column":58},"end":{"line":441,"column":59}},"loc":{"start":{"line":441,"column":69},"end":{"line":441,"column":null}}},"32":{"name":"(anonymous_39)","decl":{"start":{"line":465,"column":57},"end":{"line":465,"column":63}},"loc":{"start":{"line":465,"column":63},"end":{"line":465,"column":75}}},"33":{"name":"(anonymous_40)","decl":{"start":{"line":485,"column":38},"end":{"line":485,"column":39}},"loc":{"start":{"line":485,"column":39},"end":{"line":529,"column":null}}},"34":{"name":"(anonymous_41)","decl":{"start":{"line":492,"column":47},"end":{"line":492,"column":48}},"loc":{"start":{"line":492,"column":48},"end":{"line":503,"column":null}}},"35":{"name":"(anonymous_42)","decl":{"start":{"line":541,"column":36},"end":{"line":541,"column":37}},"loc":{"start":{"line":541,"column":43},"end":{"line":541,"column":null}}}},"branchMap":{"0":{"loc":{"start":{"line":96,"column":4},"end":{"line":101,"column":null}},"type":"if","locations":[{"start":{"line":96,"column":4},"end":{"line":101,"column":null}},{"start":{"line":98,"column":11},"end":{"line":101,"column":null}}]},"1":{"loc":{"start":{"line":106,"column":4},"end":{"line":108,"column":null}},"type":"if","locations":[{"start":{"line":106,"column":4},"end":{"line":108,"column":null}},{"start":{},"end":{}}]},"2":{"loc":{"start":{"line":115,"column":6},"end":{"line":127,"column":null}},"type":"if","locations":[{"start":{"line":115,"column":6},"end":{"line":127,"column":null}},{"start":{"line":120,"column":13},"end":{"line":127,"column":null}}]},"3":{"loc":{"start":{"line":115,"column":10},"end":{"line":115,"column":61}},"type":"binary-expr","locations":[{"start":{"line":115,"column":10},"end":{"line":115,"column":30}},{"start":{"line":115,"column":30},"end":{"line":115,"column":61}}]},"4":{"loc":{"start":{"line":117,"column":8},"end":{"line":119,"column":null}},"type":"if","locations":[{"start":{"line":117,"column":8},"end":{"line":119,"column":null}},{"start":{},"end":{}}]},"5":{"loc":{"start":{"line":120,"column":13},"end":{"line":127,"column":null}},"type":"if","locations":[{"start":{"line":120,"column":13},"end":{"line":127,"column":null}},{"start":{"line":125,"column":13},"end":{"line":127,"column":null}}]},"6":{"loc":{"start":{"line":122,"column":8},"end":{"line":124,"column":null}},"type":"if","locations":[{"start":{"line":122,"column":8},"end":{"line":124,"column":null}},{"start":{},"end":{}}]},"7":{"loc":{"start":{"line":132,"column":15},"end":{"line":132,"column":null}},"type":"binary-expr","locations":[{"start":{"line":132,"column":15},"end":{"line":132,"column":28}},{"start":{"line":132,"column":32},"end":{"line":132,"column":null}}]},"8":{"loc":{"start":{"line":133,"column":22},"end":{"line":133,"column":null}},"type":"binary-expr","locations":[{"start":{"line":133,"column":22},"end":{"line":133,"column":37}},{"start":{"line":133,"column":37},"end":{"line":133,"column":null}}]},"9":{"loc":{"start":{"line":138,"column":6},"end":{"line":144,"column":null}},"type":"if","locations":[{"start":{"line":138,"column":6},"end":{"line":144,"column":null}},{"start":{},"end":{}}]},"10":{"loc":{"start":{"line":151,"column":4},"end":{"line":163,"column":null}},"type":"switch","locations":[{"start":{"line":152,"column":6},"end":{"line":153,"column":null}},{"start":{"line":154,"column":6},"end":{"line":155,"column":null}},{"start":{"line":156,"column":6},"end":{"line":160,"column":null}},{"start":{"line":161,"column":6},"end":{"line":162,"column":null}}]},"11":{"loc":{"start":{"line":153,"column":15},"end":{"line":153,"column":76}},"type":"binary-expr","locations":[{"start":{"line":153,"column":15},"end":{"line":153,"column":32}},{"start":{"line":153,"column":36},"end":{"line":153,"column":54}},{"start":{"line":153,"column":58},"end":{"line":153,"column":76}}]},"12":{"loc":{"start":{"line":157,"column":8},"end":{"line":159,"column":null}},"type":"if","locations":[{"start":{"line":157,"column":8},"end":{"line":159,"column":null}},{"start":{},"end":{}}]},"13":{"loc":{"start":{"line":157,"column":12},"end":{"line":157,"column":98}},"type":"binary-expr","locations":[{"start":{"line":157,"column":12},"end":{"line":157,"column":33}},{"start":{"line":157,"column":33},"end":{"line":157,"column":67}},{"start":{"line":157,"column":67},"end":{"line":157,"column":98}}]},"14":{"loc":{"start":{"line":158,"column":17},"end":{"line":158,"column":106}},"type":"binary-expr","locations":[{"start":{"line":158,"column":17},"end":{"line":158,"column":35}},{"start":{"line":158,"column":35},"end":{"line":158,"column":49}},{"start":{"line":158,"column":53},"end":{"line":158,"column":67}},{"start":{"line":158,"column":71},"end":{"line":158,"column":83}},{"start":{"line":158,"column":87},"end":{"line":158,"column":106}}]},"15":{"loc":{"start":{"line":170,"column":4},"end":{"line":186,"column":null}},"type":"if","locations":[{"start":{"line":170,"column":4},"end":{"line":186,"column":null}},{"start":{},"end":{}}]},"16":{"loc":{"start":{"line":170,"column":8},"end":{"line":170,"column":59}},"type":"binary-expr","locations":[{"start":{"line":170,"column":8},"end":{"line":170,"column":28}},{"start":{"line":170,"column":28},"end":{"line":170,"column":59}}]},"17":{"loc":{"start":{"line":174,"column":6},"end":{"line":185,"column":null}},"type":"if","locations":[{"start":{"line":174,"column":6},"end":{"line":185,"column":null}},{"start":{"line":179,"column":13},"end":{"line":185,"column":null}}]},"18":{"loc":{"start":{"line":189,"column":2},"end":{"line":191,"column":null}},"type":"if","locations":[{"start":{"line":189,"column":2},"end":{"line":191,"column":null}},{"start":{},"end":{}}]},"19":{"loc":{"start":{"line":193,"column":24},"end":{"line":193,"column":null}},"type":"binary-expr","locations":[{"start":{"line":193,"column":24},"end":{"line":193,"column":57}},{"start":{"line":193,"column":57},"end":{"line":193,"column":null}}]},"20":{"loc":{"start":{"line":193,"column":57},"end":{"line":193,"column":null}},"type":"cond-expr","locations":[{"start":{"line":193,"column":89},"end":{"line":193,"column":96}},{"start":{"line":193,"column":96},"end":{"line":193,"column":null}}]},"21":{"loc":{"start":{"line":306,"column":27},"end":{"line":306,"column":null}},"type":"binary-expr","locations":[{"start":{"line":306,"column":27},"end":{"line":306,"column":null}}]},"22":{"loc":{"start":{"line":341,"column":29},"end":{"line":341,"column":null}},"type":"binary-expr","locations":[{"start":{"line":341,"column":29},"end":{"line":341,"column":null}}]},"23":{"loc":{"start":{"line":367,"column":30},"end":{"line":367,"column":48}},"type":"binary-expr","locations":[{"start":{"line":367,"column":30},"end":{"line":367,"column":48}},{"start":{"line":367,"column":48},"end":{"line":367,"column":61}}]},"24":{"loc":{"start":{"line":385,"column":22},"end":{"line":385,"column":55}},"type":"binary-expr","locations":[{"start":{"line":385,"column":22},"end":{"line":385,"column":55}},{"start":{"line":385,"column":55},"end":{"line":385,"column":83}}]},"25":{"loc":{"start":{"line":447,"column":28},"end":{"line":447,"column":61}},"type":"binary-expr","locations":[{"start":{"line":447,"column":28},"end":{"line":447,"column":61}},{"start":{"line":447,"column":61},"end":{"line":447,"column":89}}]},"26":{"loc":{"start":{"line":452,"column":33},"end":{"line":452,"column":85}},"type":"cond-expr","locations":[{"start":{"line":452,"column":65},"end":{"line":452,"column":77}},{"start":{"line":452,"column":77},"end":{"line":452,"column":85}}]},"27":{"loc":{"start":{"line":468,"column":68},"end":{"line":468,"column":98}},"type":"binary-expr","locations":[{"start":{"line":468,"column":68},"end":{"line":468,"column":87}},{"start":{"line":468,"column":87},"end":{"line":468,"column":98}}]},"28":{"loc":{"start":{"line":469,"column":25},"end":{"line":469,"column":null}},"type":"cond-expr","locations":[{"start":{"line":469,"column":37},"end":{"line":469,"column":55}},{"start":{"line":469,"column":55},"end":{"line":469,"column":null}}]},"29":{"loc":{"start":{"line":487,"column":22},"end":{"line":487,"column":null}},"type":"if","locations":[{"start":{"line":487,"column":22},"end":{"line":487,"column":null}},{"start":{},"end":{}}]},"30":{"loc":{"start":{"line":490,"column":24},"end":{"line":490,"column":115}},"type":"cond-expr","locations":[{"start":{"line":490,"column":49},"end":{"line":490,"column":100}},{"start":{"line":490,"column":100},"end":{"line":490,"column":115}}]},"31":{"loc":{"start":{"line":493,"column":24},"end":{"line":502,"column":null}},"type":"switch","locations":[{"start":{"line":494,"column":26},"end":{"line":495,"column":null}},{"start":{"line":496,"column":26},"end":{"line":497,"column":null}},{"start":{"line":498,"column":26},"end":{"line":499,"column":null}},{"start":{"line":500,"column":26},"end":{"line":501,"column":null}}]},"32":{"loc":{"start":{"line":511,"column":35},"end":{"line":511,"column":null}},"type":"binary-expr","locations":[{"start":{"line":511,"column":35},"end":{"line":511,"column":50}},{"start":{"line":511,"column":54},"end":{"line":511,"column":null}}]},"33":{"loc":{"start":{"line":546,"column":36},"end":{"line":546,"column":null}},"type":"binary-expr","locations":[{"start":{"line":546,"column":36},"end":{"line":546,"column":49}},{"start":{"line":546,"column":49},"end":{"line":546,"column":null}}]},"34":{"loc":{"start":{"line":551,"column":23},"end":{"line":551,"column":null}},"type":"binary-expr","locations":[{"start":{"line":551,"column":23},"end":{"line":551,"column":null}}]},"35":{"loc":{"start":{"line":562,"column":54},"end":{"line":562,"column":null}},"type":"binary-expr","locations":[{"start":{"line":562,"column":54},"end":{"line":562,"column":74}},{"start":{"line":562,"column":74},"end":{"line":562,"column":null}}]},"36":{"loc":{"start":{"line":565,"column":21},"end":{"line":565,"column":null}},"type":"binary-expr","locations":[{"start":{"line":565,"column":21},"end":{"line":565,"column":null}}]},"37":{"loc":{"start":{"line":572,"column":21},"end":{"line":572,"column":null}},"type":"binary-expr","locations":[{"start":{"line":572,"column":21},"end":{"line":572,"column":null}}]},"38":{"loc":{"start":{"line":579,"column":21},"end":{"line":579,"column":null}},"type":"binary-expr","locations":[{"start":{"line":579,"column":21},"end":{"line":579,"column":null}}]},"39":{"loc":{"start":{"line":590,"column":54},"end":{"line":590,"column":null}},"type":"binary-expr","locations":[{"start":{"line":590,"column":54},"end":{"line":590,"column":71}},{"start":{"line":590,"column":71},"end":{"line":590,"column":null}}]}},"s":{"0":0,"1":0,"2":0,"3":0,"4":0,"5":0,"6":0,"7":0,"8":0,"9":0,"10":0,"11":0,"12":0,"13":0,"14":0,"15":0,"16":0,"17":0,"18":0,"19":0,"20":0,"21":0,"22":0,"23":0,"24":0,"25":0,"26":0,"27":0,"28":0,"29":0,"30":0,"31":0,"32":0,"33":0,"34":0,"35":0,"36":0,"37":0,"38":0,"39":0,"40":0,"41":0,"42":0,"43":0,"44":0,"45":0,"46":0,"47":0,"48":0,"49":0,"50":0,"51":0,"52":0,"53":0,"54":0,"55":0,"56":0,"57":0,"58":0,"59":0,"60":0,"61":0,"62":0,"63":0,"64":0,"65":0,"66":0,"67":0,"68":0,"69":0,"70":0,"71":0,"72":0,"73":0,"74":0,"75":0,"76":0,"77":0,"78":0,"79":0,"80":0,"81":0,"82":0,"83":0,"84":0,"85":0,"86":0,"87":0,"88":0,"89":0,"90":0,"91":0,"92":0,"93":0,"94":0,"95":0,"96":0,"97":0,"98":0,"99":0,"100":0,"101":0,"102":0,"103":0,"104":0,"105":0,"106":0,"107":0,"108":0,"109":0,"110":0,"111":0,"112":0,"113":0,"114":0,"115":0,"116":0,"117":0,"118":0},"f":{"0":0,"1":0,"2":0,"3":0,"4":0,"5":0,"6":0,"7":0,"8":0,"9":0,"10":0,"11":0,"12":0,"13":0,"14":0,"15":0,"16":0,"17":0,"18":0,"19":0,"20":0,"21":0,"22":0,"23":0,"24":0,"25":0,"26":0,"27":0,"28":0,"29":0,"30":0,"31":0,"32":0,"33":0,"34":0,"35":0},"b":{"0":[0,0],"1":[0,0],"2":[0,0],"3":[0,0],"4":[0,0],"5":[0,0],"6":[0,0],"7":[0,0],"8":[0,0],"9":[0,0],"10":[0,0,0,0],"11":[0,0,0],"12":[0,0],"13":[0,0,0],"14":[0,0,0,0,0],"15":[0,0],"16":[0,0],"17":[0,0],"18":[0,0],"19":[0,0],"20":[0,0],"21":[0],"22":[0],"23":[0,0],"24":[0,0],"25":[0,0],"26":[0,0],"27":[0,0],"28":[0,0],"29":[0,0],"30":[0,0],"31":[0,0,0,0],"32":[0,0],"33":[0,0],"34":[0],"35":[0,0],"36":[0],"37":[0],"38":[0],"39":[0,0]}}
,"C:\\laragon\\www\\MIMARKET\\mimarket-frontend\\app\\dashboard-tienda\\page.tsx": {"path":"C:\\laragon\\www\\MIMARKET\\mimarket-frontend\\app\\dashboard-tienda\\page.tsx","statementMap":{"0":{"start":{"line":87,"column":24},"end":{"line":87,"column":null}},"1":{"start":{"line":4,"column":17},"end":{"line":4,"column":null}},"2":{"start":{"line":16,"column":7},"end":{"line":16,"column":null}},"3":{"start":{"line":17,"column":19},"end":{"line":17,"column":null}},"4":{"start":{"line":18,"column":19},"end":{"line":18,"column":null}},"5":{"start":{"line":19,"column":23},"end":{"line":19,"column":null}},"6":{"start":{"line":20,"column":57},"end":{"line":20,"column":null}},"7":{"start":{"line":21,"column":22},"end":{"line":21,"column":null}},"8":{"start":{"line":22,"column":41},"end":{"line":22,"column":null}},"9":{"start":{"line":23,"column":57},"end":{"line":23,"column":null}},"10":{"start":{"line":24,"column":25},"end":{"line":24,"column":null}},"11":{"start":{"line":25,"column":47},"end":{"line":25,"column":null}},"12":{"start":{"line":28,"column":22},"end":{"line":85,"column":null}},"13":{"start":{"line":88,"column":38},"end":{"line":88,"column":null}},"14":{"start":{"line":89,"column":38},"end":{"line":89,"column":null}},"15":{"start":{"line":91,"column":25},"end":{"line":104,"column":null}},"16":{"start":{"line":92,"column":4},"end":{"line":103,"column":null}},"17":{"start":{"line":106,"column":2},"end":{"line":122,"column":null}},"18":{"start":{"line":239,"column":22},"end":{"line":239,"column":42}},"19":{"start":{"line":271,"column":22},"end":{"line":271,"column":39}},"20":{"start":{"line":305,"column":24},"end":{"line":305,"column":43}}},"fnMap":{"0":{"name":"DashboardTiendaPage","decl":{"start":{"line":87,"column":24},"end":{"line":87,"column":null}},"loc":{"start":{"line":87,"column":24},"end":{"line":389,"column":null}}},"1":{"name":"(anonymous_3)","decl":{"start":{"line":91,"column":25},"end":{"line":91,"column":26}},"loc":{"start":{"line":91,"column":26},"end":{"line":104,"column":null}}},"2":{"name":"(anonymous_4)","decl":{"start":{"line":238,"column":55},"end":{"line":238,"column":56}},"loc":{"start":{"line":239,"column":22},"end":{"line":239,"column":42}}},"3":{"name":"(anonymous_5)","decl":{"start":{"line":270,"column":58},"end":{"line":270,"column":59}},"loc":{"start":{"line":271,"column":22},"end":{"line":271,"column":39}}},"4":{"name":"(anonymous_6)","decl":{"start":{"line":304,"column":54},"end":{"line":304,"column":55}},"loc":{"start":{"line":305,"column":24},"end":{"line":305,"column":43}}}},"branchMap":{"0":{"loc":{"start":{"line":106,"column":2},"end":{"line":122,"column":null}},"type":"if","locations":[{"start":{"line":106,"column":2},"end":{"line":122,"column":null}},{"start":{},"end":{}}]},"1":{"loc":{"start":{"line":277,"column":38},"end":{"line":277,"column":null}},"type":"cond-expr","locations":[{"start":{"line":277,"column":59},"end":{"line":277,"column":73}},{"start":{"line":277,"column":76},"end":{"line":277,"column":null}}]}},"s":{"0":0,"1":0,"2":0,"3":0,"4":0,"5":0,"6":0,"7":0,"8":0,"9":0,"10":0,"11":0,"12":0,"13":0,"14":0,"15":0,"16":0,"17":0,"18":0,"19":0,"20":0},"f":{"0":0,"1":0,"2":0,"3":0,"4":0},"b":{"0":[0,0],"1":[0,0]}}
,"C:\\laragon\\www\\MIMARKET\\mimarket-frontend\\app\\dashboard-tienda\\clientes\\loading.tsx": {"path":"C:\\laragon\\www\\MIMARKET\\mimarket-frontend\\app\\dashboard-tienda\\clientes\\loading.tsx","statementMap":{"0":{"start":{"line":1,"column":24},"end":{"line":1,"column":null}},"1":{"start":{"line":2,"column":2},"end":{"line":2,"column":null}}},"fnMap":{"0":{"name":"Loading","decl":{"start":{"line":1,"column":24},"end":{"line":1,"column":null}},"loc":{"start":{"line":1,"column":24},"end":{"line":3,"column":null}}}},"branchMap":{},"s":{"0":0,"1":0},"f":{"0":0},"b":{}}
,"C:\\laragon\\www\\MIMARKET\\mimarket-frontend\\app\\dashboard-tienda\\clientes\\page.tsx": {"path":"C:\\laragon\\www\\MIMARKET\\mimarket-frontend\\app\\dashboard-tienda\\clientes\\page.tsx","statementMap":{"0":{"start":{"line":83,"column":24},"end":{"line":83,"column":null}},"1":{"start":{"line":3,"column":25},"end":{"line":3,"column":null}},"2":{"start":{"line":4,"column":17},"end":{"line":4,"column":null}},"3":{"start":{"line":5,"column":18},"end":{"line":5,"column":null}},"4":{"start":{"line":6,"column":84},"end":{"line":6,"column":null}},"5":{"start":{"line":7,"column":19},"end":{"line":7,"column":null}},"6":{"start":{"line":8,"column":19},"end":{"line":8,"column":null}},"7":{"start":{"line":9,"column":23},"end":{"line":9,"column":null}},"8":{"start":{"line":10,"column":57},"end":{"line":10,"column":null}},"9":{"start":{"line":11,"column":22},"end":{"line":11,"column":null}},"10":{"start":{"line":12,"column":22},"end":{"line":12,"column":null}},"11":{"start":{"line":15,"column":17},"end":{"line":81,"column":null}},"12":{"start":{"line":84,"column":34},"end":{"line":84,"column":null}},"13":{"start":{"line":86,"column":28},"end":{"line":89,"column":null}},"14":{"start":{"line":88,"column":6},"end":{"line":89,"column":null}},"15":{"start":{"line":92,"column":25},"end":{"line":103,"column":null}},"16":{"start":{"line":93,"column":4},"end":{"line":102,"column":null}},"17":{"start":{"line":105,"column":21},"end":{"line":111,"column":null}},"18":{"start":{"line":106,"column":4},"end":{"line":110,"column":null}},"19":{"start":{"line":113,"column":26},"end":{"line":115,"column":null}},"20":{"start":{"line":114,"column":4},"end":{"line":114,"column":null}},"21":{"start":{"line":114,"column":34},"end":{"line":114,"column":55}},"22":{"start":{"line":117,"column":24},"end":{"line":117,"column":39}},"23":{"start":{"line":118,"column":24},"end":{"line":118,"column":null}},"24":{"start":{"line":118,"column":58},"end":{"line":118,"column":84}},"25":{"start":{"line":119,"column":24},"end":{"line":119,"column":null}},"26":{"start":{"line":194,"column":35},"end":{"line":194,"column":null}},"27":{"start":{"line":209,"column":18},"end":{"line":209,"column":40}}},"fnMap":{"0":{"name":"ClientesTiendaPage","decl":{"start":{"line":83,"column":24},"end":{"line":83,"column":null}},"loc":{"start":{"line":83,"column":24},"end":{"line":293,"column":null}}},"1":{"name":"(anonymous_3)","decl":{"start":{"line":87,"column":4},"end":{"line":87,"column":5}},"loc":{"start":{"line":88,"column":6},"end":{"line":89,"column":null}}},"2":{"name":"(anonymous_4)","decl":{"start":{"line":92,"column":25},"end":{"line":92,"column":26}},"loc":{"start":{"line":92,"column":26},"end":{"line":103,"column":null}}},"3":{"name":"(anonymous_5)","decl":{"start":{"line":105,"column":21},"end":{"line":105,"column":22}},"loc":{"start":{"line":105,"column":22},"end":{"line":111,"column":null}}},"4":{"name":"(anonymous_6)","decl":{"start":{"line":113,"column":26},"end":{"line":113,"column":27}},"loc":{"start":{"line":113,"column":27},"end":{"line":115,"column":null}}},"5":{"name":"(anonymous_7)","decl":{"start":{"line":114,"column":27},"end":{"line":114,"column":28}},"loc":{"start":{"line":114,"column":34},"end":{"line":114,"column":55}}},"6":{"name":"(anonymous_8)","decl":{"start":{"line":118,"column":40},"end":{"line":118,"column":41}},"loc":{"start":{"line":118,"column":58},"end":{"line":118,"column":84}}},"7":{"name":"(anonymous_9)","decl":{"start":{"line":194,"column":28},"end":{"line":194,"column":29}},"loc":{"start":{"line":194,"column":35},"end":{"line":194,"column":null}}},"8":{"name":"(anonymous_10)","decl":{"start":{"line":208,"column":39},"end":{"line":208,"column":40}},"loc":{"start":{"line":209,"column":18},"end":{"line":209,"column":40}}}},"branchMap":{"0":{"loc":{"start":{"line":88,"column":6},"end":{"line":89,"column":null}},"type":"binary-expr","locations":[{"start":{"line":88,"column":6},"end":{"line":88,"column":null}},{"start":{"line":89,"column":6},"end":{"line":89,"column":null}}]},"1":{"loc":{"start":{"line":213,"column":31},"end":{"line":213,"column":null}},"type":"binary-expr","locations":[{"start":{"line":213,"column":31},"end":{"line":213,"column":45}},{"start":{"line":213,"column":49},"end":{"line":213,"column":null}}]},"2":{"loc":{"start":{"line":280,"column":15},"end":{"line":280,"column":null}},"type":"binary-expr","locations":[{"start":{"line":280,"column":15},"end":{"line":280,"column":null}}]}},"s":{"0":0,"1":0,"2":0,"3":0,"4":0,"5":0,"6":0,"7":0,"8":0,"9":0,"10":0,"11":0,"12":0,"13":0,"14":0,"15":0,"16":0,"17":0,"18":0,"19":0,"20":0,"21":0,"22":0,"23":0,"24":0,"25":0,"26":0,"27":0},"f":{"0":0,"1":0,"2":0,"3":0,"4":0,"5":0,"6":0,"7":0,"8":0},"b":{"0":[0,0],"1":[0,0],"2":[0]}}
,"C:\\laragon\\www\\MIMARKET\\mimarket-frontend\\app\\dashboard-tienda\\configuracion\\page.tsx": {"path":"C:\\laragon\\www\\MIMARKET\\mimarket-frontend\\app\\dashboard-tienda\\configuracion\\page.tsx","statementMap":{"0":{"start":{"line":123,"column":24},"end":{"line":123,"column":null}},"1":{"start":{"line":3,"column":36},"end":{"line":3,"column":null}},"2":{"start":{"line":4,"column":26},"end":{"line":4,"column":null}},"3":{"start":{"line":5,"column":75},"end":{"line":5,"column":null}},"4":{"start":{"line":6,"column":19},"end":{"line":6,"column":null}},"5":{"start":{"line":7,"column":19},"end":{"line":7,"column":null}},"6":{"start":{"line":8,"column":23},"end":{"line":8,"column":null}},"7":{"start":{"line":9,"column":57},"end":{"line":9,"column":null}},"8":{"start":{"line":10,"column":22},"end":{"line":10,"column":null}},"9":{"start":{"line":11,"column":22},"end":{"line":11,"column":null}},"10":{"start":{"line":12,"column":25},"end":{"line":12,"column":null}},"11":{"start":{"line":13,"column":23},"end":{"line":13,"column":null}},"12":{"start":{"line":14,"column":57},"end":{"line":14,"column":null}},"13":{"start":{"line":15,"column":78},"end":{"line":15,"column":null}},"14":{"start":{"line":16,"column":22},"end":{"line":16,"column":null}},"15":{"start":{"line":17,"column":24},"end":{"line":17,"column":null}},"16":{"start":{"line":18,"column":38},"end":{"line":18,"column":null}},"17":{"start":{"line":72,"column":35},"end":{"line":102,"column":null}},"18":{"start":{"line":104,"column":19},"end":{"line":112,"column":null}},"19":{"start":{"line":114,"column":23},"end":{"line":121,"column":null}},"20":{"start":{"line":124,"column":17},"end":{"line":124,"column":null}},"21":{"start":{"line":125,"column":40},"end":{"line":125,"column":null}},"22":{"start":{"line":126,"column":30},"end":{"line":126,"column":null}},"23":{"start":{"line":127,"column":36},"end":{"line":127,"column":null}},"24":{"start":{"line":129,"column":2},"end":{"line":154,"column":null}},"25":{"start":{"line":131,"column":20},"end":{"line":131,"column":null}},"26":{"start":{"line":132,"column":4},"end":{"line":153,"column":null}},"27":{"start":{"line":133,"column":28},"end":{"line":133,"column":null}},"28":{"start":{"line":134,"column":6},"end":{"line":134,"column":null}},"29":{"start":{"line":137,"column":29},"end":{"line":137,"column":null}},"30":{"start":{"line":138,"column":6},"end":{"line":152,"column":null}},"31":{"start":{"line":139,"column":8},"end":{"line":139,"column":null}},"32":{"start":{"line":140,"column":13},"end":{"line":152,"column":null}},"33":{"start":{"line":142,"column":8},"end":{"line":151,"column":null}},"34":{"start":{"line":142,"column":29},"end":{"line":151,"column":null}},"35":{"start":{"line":156,"column":21},"end":{"line":198,"column":null}},"36":{"start":{"line":157,"column":4},"end":{"line":157,"column":null}},"37":{"start":{"line":159,"column":4},"end":{"line":197,"column":null}},"38":{"start":{"line":161,"column":6},"end":{"line":161,"column":null}},"39":{"start":{"line":161,"column":37},"end":{"line":161,"column":null}},"40":{"start":{"line":164,"column":6},"end":{"line":164,"column":null}},"41":{"start":{"line":167,"column":6},"end":{"line":183,"column":null}},"42":{"start":{"line":168,"column":31},"end":{"line":180,"column":null}},"43":{"start":{"line":181,"column":8},"end":{"line":181,"column":null}},"44":{"start":{"line":182,"column":8},"end":{"line":182,"column":null}},"45":{"start":{"line":185,"column":6},"end":{"line":188,"column":null}},"46":{"start":{"line":190,"column":6},"end":{"line":194,"column":null}},"47":{"start":{"line":196,"column":6},"end":{"line":196,"column":null}},"48":{"start":{"line":200,"column":30},"end":{"line":207,"column":null}},"49":{"start":{"line":201,"column":4},"end":{"line":206,"column":null}},"50":{"start":{"line":201,"column":25},"end":{"line":206,"column":null}},"51":{"start":{"line":204,"column":47},"end":{"line":204,"column":null}},"52":{"start":{"line":209,"column":2},"end":{"line":223,"column":null}},"53":{"start":{"line":217,"column":35},"end":{"line":217,"column":53}},"54":{"start":{"line":274,"column":41},"end":{"line":274,"column":null}},"55":{"start":{"line":274,"column":62},"end":{"line":274,"column":null}},"56":{"start":{"line":282,"column":50},"end":{"line":282,"column":null}},"57":{"start":{"line":282,"column":71},"end":{"line":282,"column":null}},"58":{"start":{"line":306,"column":39},"end":{"line":306,"column":null}},"59":{"start":{"line":306,"column":60},"end":{"line":306,"column":null}},"60":{"start":{"line":318,"column":41},"end":{"line":318,"column":null}},"61":{"start":{"line":318,"column":62},"end":{"line":318,"column":null}},"62":{"start":{"line":327,"column":41},"end":{"line":327,"column":null}},"63":{"start":{"line":327,"column":62},"end":{"line":327,"column":null}},"64":{"start":{"line":348,"column":22},"end":{"line":348,"column":41}},"65":{"start":{"line":355,"column":28},"end":{"line":361,"column":null}},"66":{"start":{"line":355,"column":49},"end":{"line":361,"column":null}},"67":{"start":{"line":370,"column":32},"end":{"line":376,"column":null}},"68":{"start":{"line":370,"column":53},"end":{"line":376,"column":null}},"69":{"start":{"line":385,"column":32},"end":{"line":391,"column":null}},"70":{"start":{"line":385,"column":53},"end":{"line":391,"column":null}},"71":{"start":{"line":423,"column":54},"end":{"line":423,"column":null}},"72":{"start":{"line":423,"column":75},"end":{"line":423,"column":null}},"73":{"start":{"line":436,"column":30},"end":{"line":436,"column":null}},"74":{"start":{"line":436,"column":51},"end":{"line":436,"column":null}},"75":{"start":{"line":451,"column":56},"end":{"line":451,"column":null}},"76":{"start":{"line":451,"column":77},"end":{"line":451,"column":null}},"77":{"start":{"line":478,"column":41},"end":{"line":478,"column":null}},"78":{"start":{"line":478,"column":62},"end":{"line":478,"column":null}},"79":{"start":{"line":488,"column":41},"end":{"line":488,"column":null}},"80":{"start":{"line":488,"column":62},"end":{"line":488,"column":null}},"81":{"start":{"line":499,"column":39},"end":{"line":499,"column":null}},"82":{"start":{"line":499,"column":60},"end":{"line":499,"column":null}},"83":{"start":{"line":509,"column":39},"end":{"line":509,"column":null}},"84":{"start":{"line":509,"column":60},"end":{"line":509,"column":null}},"85":{"start":{"line":517,"column":57},"end":{"line":517,"column":null}},"86":{"start":{"line":517,"column":78},"end":{"line":517,"column":null}},"87":{"start":{"line":539,"column":24},"end":{"line":539,"column":45}},"88":{"start":{"line":542,"column":51},"end":{"line":542,"column":null}},"89":{"start":{"line":569,"column":41},"end":{"line":569,"column":null}},"90":{"start":{"line":569,"column":62},"end":{"line":569,"column":null}},"91":{"start":{"line":580,"column":41},"end":{"line":580,"column":null}},"92":{"start":{"line":580,"column":62},"end":{"line":580,"column":null}},"93":{"start":{"line":591,"column":41},"end":{"line":591,"column":null}},"94":{"start":{"line":591,"column":62},"end":{"line":591,"column":null}},"95":{"start":{"line":614,"column":54},"end":{"line":614,"column":null}},"96":{"start":{"line":614,"column":75},"end":{"line":614,"column":null}},"97":{"start":{"line":625,"column":54},"end":{"line":625,"column":null}},"98":{"start":{"line":625,"column":75},"end":{"line":625,"column":null}},"99":{"start":{"line":636,"column":54},"end":{"line":636,"column":null}},"100":{"start":{"line":636,"column":75},"end":{"line":636,"column":null}}},"fnMap":{"0":{"name":"ConfiguracionTiendaPage","decl":{"start":{"line":123,"column":24},"end":{"line":123,"column":null}},"loc":{"start":{"line":123,"column":24},"end":{"line":649,"column":null}}},"1":{"name":"(anonymous_3)","decl":{"start":{"line":129,"column":12},"end":{"line":129,"column":null}},"loc":{"start":{"line":129,"column":12},"end":{"line":154,"column":5}}},"2":{"name":"(anonymous_4)","decl":{"start":{"line":142,"column":18},"end":{"line":142,"column":19}},"loc":{"start":{"line":142,"column":29},"end":{"line":151,"column":null}}},"3":{"name":"(anonymous_5)","decl":{"start":{"line":156,"column":21},"end":{"line":156,"column":null}},"loc":{"start":{"line":156,"column":21},"end":{"line":198,"column":null}}},"4":{"name":"(anonymous_6)","decl":{"start":{"line":161,"column":24},"end":{"line":161,"column":25}},"loc":{"start":{"line":161,"column":37},"end":{"line":161,"column":null}}},"5":{"name":"(anonymous_7)","decl":{"start":{"line":200,"column":30},"end":{"line":200,"column":31}},"loc":{"start":{"line":200,"column":31},"end":{"line":207,"column":null}}},"6":{"name":"(anonymous_8)","decl":{"start":{"line":201,"column":14},"end":{"line":201,"column":15}},"loc":{"start":{"line":201,"column":25},"end":{"line":206,"column":null}}},"7":{"name":"(anonymous_9)","decl":{"start":{"line":204,"column":39},"end":{"line":204,"column":40}},"loc":{"start":{"line":204,"column":47},"end":{"line":204,"column":null}}},"8":{"name":"(anonymous_10)","decl":{"start":{"line":217,"column":29},"end":{"line":217,"column":35}},"loc":{"start":{"line":217,"column":35},"end":{"line":217,"column":53}}},"9":{"name":"(anonymous_11)","decl":{"start":{"line":274,"column":34},"end":{"line":274,"column":35}},"loc":{"start":{"line":274,"column":41},"end":{"line":274,"column":null}}},"10":{"name":"(anonymous_12)","decl":{"start":{"line":274,"column":51},"end":{"line":274,"column":52}},"loc":{"start":{"line":274,"column":62},"end":{"line":274,"column":null}}},"11":{"name":"(anonymous_13)","decl":{"start":{"line":282,"column":39},"end":{"line":282,"column":40}},"loc":{"start":{"line":282,"column":50},"end":{"line":282,"column":null}}},"12":{"name":"(anonymous_14)","decl":{"start":{"line":282,"column":60},"end":{"line":282,"column":61}},"loc":{"start":{"line":282,"column":71},"end":{"line":282,"column":null}}},"13":{"name":"(anonymous_15)","decl":{"start":{"line":306,"column":32},"end":{"line":306,"column":33}},"loc":{"start":{"line":306,"column":39},"end":{"line":306,"column":null}}},"14":{"name":"(anonymous_16)","decl":{"start":{"line":306,"column":49},"end":{"line":306,"column":50}},"loc":{"start":{"line":306,"column":60},"end":{"line":306,"column":null}}},"15":{"name":"(anonymous_17)","decl":{"start":{"line":318,"column":34},"end":{"line":318,"column":35}},"loc":{"start":{"line":318,"column":41},"end":{"line":318,"column":null}}},"16":{"name":"(anonymous_18)","decl":{"start":{"line":318,"column":51},"end":{"line":318,"column":52}},"loc":{"start":{"line":318,"column":62},"end":{"line":318,"column":null}}},"17":{"name":"(anonymous_19)","decl":{"start":{"line":327,"column":34},"end":{"line":327,"column":35}},"loc":{"start":{"line":327,"column":41},"end":{"line":327,"column":null}}},"18":{"name":"(anonymous_20)","decl":{"start":{"line":327,"column":51},"end":{"line":327,"column":52}},"loc":{"start":{"line":327,"column":62},"end":{"line":327,"column":null}}},"19":{"name":"(anonymous_21)","decl":{"start":{"line":347,"column":36},"end":{"line":347,"column":37}},"loc":{"start":{"line":348,"column":22},"end":{"line":348,"column":41}}},"20":{"name":"(anonymous_22)","decl":{"start":{"line":354,"column":43},"end":{"line":354,"column":44}},"loc":{"start":{"line":355,"column":28},"end":{"line":361,"column":null}}},"21":{"name":"(anonymous_23)","decl":{"start":{"line":355,"column":38},"end":{"line":355,"column":39}},"loc":{"start":{"line":355,"column":49},"end":{"line":361,"column":null}}},"22":{"name":"(anonymous_24)","decl":{"start":{"line":369,"column":40},"end":{"line":369,"column":41}},"loc":{"start":{"line":370,"column":32},"end":{"line":376,"column":null}}},"23":{"name":"(anonymous_25)","decl":{"start":{"line":370,"column":42},"end":{"line":370,"column":43}},"loc":{"start":{"line":370,"column":53},"end":{"line":376,"column":null}}},"24":{"name":"(anonymous_26)","decl":{"start":{"line":384,"column":40},"end":{"line":384,"column":41}},"loc":{"start":{"line":385,"column":32},"end":{"line":391,"column":null}}},"25":{"name":"(anonymous_27)","decl":{"start":{"line":385,"column":42},"end":{"line":385,"column":43}},"loc":{"start":{"line":385,"column":53},"end":{"line":391,"column":null}}},"26":{"name":"(anonymous_28)","decl":{"start":{"line":423,"column":41},"end":{"line":423,"column":42}},"loc":{"start":{"line":423,"column":54},"end":{"line":423,"column":null}}},"27":{"name":"(anonymous_29)","decl":{"start":{"line":423,"column":64},"end":{"line":423,"column":65}},"loc":{"start":{"line":423,"column":75},"end":{"line":423,"column":null}}},"28":{"name":"(anonymous_30)","decl":{"start":{"line":435,"column":38},"end":{"line":435,"column":39}},"loc":{"start":{"line":436,"column":30},"end":{"line":436,"column":null}}},"29":{"name":"(anonymous_31)","decl":{"start":{"line":436,"column":40},"end":{"line":436,"column":41}},"loc":{"start":{"line":436,"column":51},"end":{"line":436,"column":null}}},"30":{"name":"(anonymous_32)","decl":{"start":{"line":451,"column":45},"end":{"line":451,"column":46}},"loc":{"start":{"line":451,"column":56},"end":{"line":451,"column":null}}},"31":{"name":"(anonymous_33)","decl":{"start":{"line":451,"column":66},"end":{"line":451,"column":67}},"loc":{"start":{"line":451,"column":77},"end":{"line":451,"column":null}}},"32":{"name":"(anonymous_34)","decl":{"start":{"line":478,"column":34},"end":{"line":478,"column":35}},"loc":{"start":{"line":478,"column":41},"end":{"line":478,"column":null}}},"33":{"name":"(anonymous_35)","decl":{"start":{"line":478,"column":51},"end":{"line":478,"column":52}},"loc":{"start":{"line":478,"column":62},"end":{"line":478,"column":null}}},"34":{"name":"(anonymous_36)","decl":{"start":{"line":488,"column":34},"end":{"line":488,"column":35}},"loc":{"start":{"line":488,"column":41},"end":{"line":488,"column":null}}},"35":{"name":"(anonymous_37)","decl":{"start":{"line":488,"column":51},"end":{"line":488,"column":52}},"loc":{"start":{"line":488,"column":62},"end":{"line":488,"column":null}}},"36":{"name":"(anonymous_38)","decl":{"start":{"line":499,"column":32},"end":{"line":499,"column":33}},"loc":{"start":{"line":499,"column":39},"end":{"line":499,"column":null}}},"37":{"name":"(anonymous_39)","decl":{"start":{"line":499,"column":49},"end":{"line":499,"column":50}},"loc":{"start":{"line":499,"column":60},"end":{"line":499,"column":null}}},"38":{"name":"(anonymous_40)","decl":{"start":{"line":509,"column":32},"end":{"line":509,"column":33}},"loc":{"start":{"line":509,"column":39},"end":{"line":509,"column":null}}},"39":{"name":"(anonymous_41)","decl":{"start":{"line":509,"column":49},"end":{"line":509,"column":50}},"loc":{"start":{"line":509,"column":60},"end":{"line":509,"column":null}}},"40":{"name":"(anonymous_42)","decl":{"start":{"line":517,"column":40},"end":{"line":517,"column":41}},"loc":{"start":{"line":517,"column":57},"end":{"line":517,"column":null}}},"41":{"name":"(anonymous_43)","decl":{"start":{"line":517,"column":67},"end":{"line":517,"column":68}},"loc":{"start":{"line":517,"column":78},"end":{"line":517,"column":null}}},"42":{"name":"(anonymous_44)","decl":{"start":{"line":538,"column":42},"end":{"line":538,"column":43}},"loc":{"start":{"line":539,"column":24},"end":{"line":539,"column":45}}},"43":{"name":"(anonymous_45)","decl":{"start":{"line":542,"column":45},"end":{"line":542,"column":51}},"loc":{"start":{"line":542,"column":51},"end":{"line":542,"column":null}}},"44":{"name":"(anonymous_46)","decl":{"start":{"line":569,"column":34},"end":{"line":569,"column":35}},"loc":{"start":{"line":569,"column":41},"end":{"line":569,"column":null}}},"45":{"name":"(anonymous_47)","decl":{"start":{"line":569,"column":51},"end":{"line":569,"column":52}},"loc":{"start":{"line":569,"column":62},"end":{"line":569,"column":null}}},"46":{"name":"(anonymous_48)","decl":{"start":{"line":580,"column":34},"end":{"line":580,"column":35}},"loc":{"start":{"line":580,"column":41},"end":{"line":580,"column":null}}},"47":{"name":"(anonymous_49)","decl":{"start":{"line":580,"column":51},"end":{"line":580,"column":52}},"loc":{"start":{"line":580,"column":62},"end":{"line":580,"column":null}}},"48":{"name":"(anonymous_50)","decl":{"start":{"line":591,"column":34},"end":{"line":591,"column":35}},"loc":{"start":{"line":591,"column":41},"end":{"line":591,"column":null}}},"49":{"name":"(anonymous_51)","decl":{"start":{"line":591,"column":51},"end":{"line":591,"column":52}},"loc":{"start":{"line":591,"column":62},"end":{"line":591,"column":null}}},"50":{"name":"(anonymous_52)","decl":{"start":{"line":614,"column":41},"end":{"line":614,"column":42}},"loc":{"start":{"line":614,"column":54},"end":{"line":614,"column":null}}},"51":{"name":"(anonymous_53)","decl":{"start":{"line":614,"column":64},"end":{"line":614,"column":65}},"loc":{"start":{"line":614,"column":75},"end":{"line":614,"column":null}}},"52":{"name":"(anonymous_54)","decl":{"start":{"line":625,"column":41},"end":{"line":625,"column":42}},"loc":{"start":{"line":625,"column":54},"end":{"line":625,"column":null}}},"53":{"name":"(anonymous_55)","decl":{"start":{"line":625,"column":64},"end":{"line":625,"column":65}},"loc":{"start":{"line":625,"column":75},"end":{"line":625,"column":null}}},"54":{"name":"(anonymous_56)","decl":{"start":{"line":636,"column":41},"end":{"line":636,"column":42}},"loc":{"start":{"line":636,"column":54},"end":{"line":636,"column":null}}},"55":{"name":"(anonymous_57)","decl":{"start":{"line":636,"column":64},"end":{"line":636,"column":65}},"loc":{"start":{"line":636,"column":75},"end":{"line":636,"column":null}}}},"branchMap":{"0":{"loc":{"start":{"line":132,"column":4},"end":{"line":153,"column":null}},"type":"if","locations":[{"start":{"line":132,"column":4},"end":{"line":153,"column":null}},{"start":{},"end":{}}]},"1":{"loc":{"start":{"line":138,"column":6},"end":{"line":152,"column":null}},"type":"if","locations":[{"start":{"line":138,"column":6},"end":{"line":152,"column":null}},{"start":{"line":140,"column":13},"end":{"line":152,"column":null}}]},"2":{"loc":{"start":{"line":140,"column":13},"end":{"line":152,"column":null}},"type":"if","locations":[{"start":{"line":140,"column":13},"end":{"line":152,"column":null}},{"start":{},"end":{}}]},"3":{"loc":{"start":{"line":144,"column":21},"end":{"line":144,"column":null}},"type":"binary-expr","locations":[{"start":{"line":144,"column":21},"end":{"line":144,"column":54}},{"start":{"line":144,"column":58},"end":{"line":144,"column":null}}]},"4":{"loc":{"start":{"line":145,"column":23},"end":{"line":145,"column":null}},"type":"binary-expr","locations":[{"start":{"line":145,"column":23},"end":{"line":145,"column":58}},{"start":{"line":145,"column":62},"end":{"line":145,"column":null}}]},"5":{"loc":{"start":{"line":146,"column":20},"end":{"line":146,"column":null}},"type":"binary-expr","locations":[{"start":{"line":146,"column":20},"end":{"line":146,"column":52}},{"start":{"line":146,"column":56},"end":{"line":146,"column":null}}]},"6":{"loc":{"start":{"line":147,"column":17},"end":{"line":147,"column":null}},"type":"binary-expr","locations":[{"start":{"line":147,"column":17},"end":{"line":147,"column":46}},{"start":{"line":147,"column":50},"end":{"line":147,"column":null}}]},"7":{"loc":{"start":{"line":148,"column":17},"end":{"line":148,"column":null}},"type":"binary-expr","locations":[{"start":{"line":148,"column":17},"end":{"line":148,"column":46}},{"start":{"line":148,"column":50},"end":{"line":148,"column":null}}]},"8":{"loc":{"start":{"line":149,"column":19},"end":{"line":149,"column":null}},"type":"binary-expr","locations":[{"start":{"line":149,"column":19},"end":{"line":149,"column":50}},{"start":{"line":149,"column":54},"end":{"line":149,"column":null}}]},"9":{"loc":{"start":{"line":150,"column":23},"end":{"line":150,"column":null}},"type":"binary-expr","locations":[{"start":{"line":150,"column":23},"end":{"line":150,"column":58}},{"start":{"line":150,"column":62},"end":{"line":150,"column":null}}]},"10":{"loc":{"start":{"line":167,"column":6},"end":{"line":183,"column":null}},"type":"if","locations":[{"start":{"line":167,"column":6},"end":{"line":183,"column":null}},{"start":{},"end":{}}]},"11":{"loc":{"start":{"line":203,"column":24},"end":{"line":205,"column":null}},"type":"cond-expr","locations":[{"start":{"line":204,"column":10},"end":{"line":204,"column":null}},{"start":{"line":205,"column":10},"end":{"line":205,"column":null}}]},"12":{"loc":{"start":{"line":209,"column":2},"end":{"line":223,"column":null}},"type":"if","locations":[{"start":{"line":209,"column":2},"end":{"line":223,"column":null}},{"start":{},"end":{}}]},"13":{"loc":{"start":{"line":209,"column":6},"end":{"line":209,"column":52}},"type":"binary-expr","locations":[{"start":{"line":209,"column":6},"end":{"line":209,"column":22}},{"start":{"line":209,"column":22},"end":{"line":209,"column":52}}]},"14":{"loc":{"start":{"line":238,"column":16},"end":{"line":240,"column":null}},"type":"cond-expr","locations":[{"start":{"line":238,"column":16},"end":{"line":240,"column":null}}]},"15":{"loc":{"start":{"line":364,"column":25},"end":{"line":364,"column":56}},"type":"binary-expr","locations":[{"start":{"line":364,"column":25},"end":{"line":364,"column":56}}]},"16":{"loc":{"start":{"line":397,"column":25},"end":{"line":397,"column":57}},"type":"binary-expr","locations":[{"start":{"line":397,"column":25},"end":{"line":397,"column":57}}]},"17":{"loc":{"start":{"line":427,"column":21},"end":{"line":427,"column":43}},"type":"binary-expr","locations":[{"start":{"line":427,"column":21},"end":{"line":427,"column":43}}]},"18":{"loc":{"start":{"line":442,"column":25},"end":{"line":442,"column":47}},"type":"binary-expr","locations":[{"start":{"line":442,"column":25},"end":{"line":442,"column":47}}]}},"s":{"0":0,"1":0,"2":0,"3":0,"4":0,"5":0,"6":0,"7":0,"8":0,"9":0,"10":0,"11":0,"12":0,"13":0,"14":0,"15":0,"16":0,"17":0,"18":0,"19":0,"20":0,"21":0,"22":0,"23":0,"24":0,"25":0,"26":0,"27":0,"28":0,"29":0,"30":0,"31":0,"32":0,"33":0,"34":0,"35":0,"36":0,"37":0,"38":0,"39":0,"40":0,"41":0,"42":0,"43":0,"44":0,"45":0,"46":0,"47":0,"48":0,"49":0,"50":0,"51":0,"52":0,"53":0,"54":0,"55":0,"56":0,"57":0,"58":0,"59":0,"60":0,"61":0,"62":0,"63":0,"64":0,"65":0,"66":0,"67":0,"68":0,"69":0,"70":0,"71":0,"72":0,"73":0,"74":0,"75":0,"76":0,"77":0,"78":0,"79":0,"80":0,"81":0,"82":0,"83":0,"84":0,"85":0,"86":0,"87":0,"88":0,"89":0,"90":0,"91":0,"92":0,"93":0,"94":0,"95":0,"96":0,"97":0,"98":0,"99":0,"100":0},"f":{"0":0,"1":0,"2":0,"3":0,"4":0,"5":0,"6":0,"7":0,"8":0,"9":0,"10":0,"11":0,"12":0,"13":0,"14":0,"15":0,"16":0,"17":0,"18":0,"19":0,"20":0,"21":0,"22":0,"23":0,"24":0,"25":0,"26":0,"27":0,"28":0,"29":0,"30":0,"31":0,"32":0,"33":0,"34":0,"35":0,"36":0,"37":0,"38":0,"39":0,"40":0,"41":0,"42":0,"43":0,"44":0,"45":0,"46":0,"47":0,"48":0,"49":0,"50":0,"51":0,"52":0,"53":0,"54":0,"55":0},"b":{"0":[0,0],"1":[0,0],"2":[0,0],"3":[0,0],"4":[0,0],"5":[0,0],"6":[0,0],"7":[0,0],"8":[0,0],"9":[0,0],"10":[0,0],"11":[0,0],"12":[0,0],"13":[0,0],"14":[0],"15":[0],"16":[0],"17":[0],"18":[0]}}
,"C:\\laragon\\www\\MIMARKET\\mimarket-frontend\\app\\dashboard-tienda\\pedidos\\loading.tsx": {"path":"C:\\laragon\\www\\MIMARKET\\mimarket-frontend\\app\\dashboard-tienda\\pedidos\\loading.tsx","statementMap":{"0":{"start":{"line":1,"column":24},"end":{"line":1,"column":null}},"1":{"start":{"line":2,"column":2},"end":{"line":2,"column":null}}},"fnMap":{"0":{"name":"Loading","decl":{"start":{"line":1,"column":24},"end":{"line":1,"column":null}},"loc":{"start":{"line":1,"column":24},"end":{"line":3,"column":null}}}},"branchMap":{},"s":{"0":0,"1":0},"f":{"0":0},"b":{}}
,"C:\\laragon\\www\\MIMARKET\\mimarket-frontend\\app\\dashboard-tienda\\pedidos\\page.tsx": {"path":"C:\\laragon\\www\\MIMARKET\\mimarket-frontend\\app\\dashboard-tienda\\pedidos\\page.tsx","statementMap":{"0":{"start":{"line":66,"column":24},"end":{"line":66,"column":null}},"1":{"start":{"line":3,"column":25},"end":{"line":3,"column":null}},"2":{"start":{"line":4,"column":17},"end":{"line":4,"column":null}},"3":{"start":{"line":5,"column":86},"end":{"line":5,"column":null}},"4":{"start":{"line":6,"column":19},"end":{"line":6,"column":null}},"5":{"start":{"line":7,"column":19},"end":{"line":7,"column":null}},"6":{"start":{"line":8,"column":23},"end":{"line":8,"column":null}},"7":{"start":{"line":9,"column":57},"end":{"line":9,"column":null}},"8":{"start":{"line":10,"column":22},"end":{"line":10,"column":null}},"9":{"start":{"line":11,"column":22},"end":{"line":11,"column":null}},"10":{"start":{"line":12,"column":78},"end":{"line":12,"column":null}},"11":{"start":{"line":15,"column":16},"end":{"line":64,"column":null}},"12":{"start":{"line":67,"column":42},"end":{"line":67,"column":null}},"13":{"start":{"line":68,"column":34},"end":{"line":68,"column":null}},"14":{"start":{"line":70,"column":27},"end":{"line":77,"column":null}},"15":{"start":{"line":72,"column":6},"end":{"line":73,"column":null}},"16":{"start":{"line":74,"column":27},"end":{"line":74,"column":null}},"17":{"start":{"line":76,"column":4},"end":{"line":76,"column":null}},"18":{"start":{"line":79,"column":25},"end":{"line":94,"column":null}},"19":{"start":{"line":80,"column":4},"end":{"line":93,"column":null}},"20":{"start":{"line":96,"column":24},"end":{"line":107,"column":null}},"21":{"start":{"line":97,"column":4},"end":{"line":106,"column":null}},"22":{"start":{"line":109,"column":26},"end":{"line":111,"column":null}},"23":{"start":{"line":110,"column":4},"end":{"line":110,"column":null}},"24":{"start":{"line":110,"column":33},"end":{"line":110,"column":54}},"25":{"start":{"line":191,"column":37},"end":{"line":191,"column":null}},"26":{"start":{"line":222,"column":18},"end":{"line":222,"column":39}},"27":{"start":{"line":250,"column":30},"end":{"line":250,"column":null}}},"fnMap":{"0":{"name":"PedidosTiendaPage","decl":{"start":{"line":66,"column":24},"end":{"line":66,"column":null}},"loc":{"start":{"line":66,"column":24},"end":{"line":286,"column":null}}},"1":{"name":"(anonymous_3)","decl":{"start":{"line":70,"column":42},"end":{"line":70,"column":43}},"loc":{"start":{"line":70,"column":43},"end":{"line":77,"column":null}}},"2":{"name":"(anonymous_4)","decl":{"start":{"line":79,"column":25},"end":{"line":79,"column":26}},"loc":{"start":{"line":79,"column":26},"end":{"line":94,"column":null}}},"3":{"name":"(anonymous_5)","decl":{"start":{"line":96,"column":24},"end":{"line":96,"column":25}},"loc":{"start":{"line":96,"column":25},"end":{"line":107,"column":null}}},"4":{"name":"(anonymous_6)","decl":{"start":{"line":109,"column":26},"end":{"line":109,"column":27}},"loc":{"start":{"line":109,"column":27},"end":{"line":111,"column":null}}},"5":{"name":"(anonymous_7)","decl":{"start":{"line":110,"column":26},"end":{"line":110,"column":27}},"loc":{"start":{"line":110,"column":33},"end":{"line":110,"column":54}}},"6":{"name":"(anonymous_8)","decl":{"start":{"line":191,"column":30},"end":{"line":191,"column":31}},"loc":{"start":{"line":191,"column":37},"end":{"line":191,"column":null}}},"7":{"name":"(anonymous_9)","decl":{"start":{"line":221,"column":38},"end":{"line":221,"column":39}},"loc":{"start":{"line":222,"column":18},"end":{"line":222,"column":39}}},"8":{"name":"(anonymous_10)","decl":{"start":{"line":249,"column":50},"end":{"line":249,"column":51}},"loc":{"start":{"line":250,"column":30},"end":{"line":250,"column":null}}}},"branchMap":{"0":{"loc":{"start":{"line":72,"column":6},"end":{"line":73,"column":null}},"type":"binary-expr","locations":[{"start":{"line":72,"column":6},"end":{"line":72,"column":null}},{"start":{"line":73,"column":6},"end":{"line":73,"column":null}}]},"1":{"loc":{"start":{"line":74,"column":27},"end":{"line":74,"column":null}},"type":"binary-expr","locations":[{"start":{"line":74,"column":27},"end":{"line":74,"column":55}},{"start":{"line":74,"column":55},"end":{"line":74,"column":null}}]},"2":{"loc":{"start":{"line":76,"column":11},"end":{"line":76,"column":null}},"type":"binary-expr","locations":[{"start":{"line":76,"column":11},"end":{"line":76,"column":31}},{"start":{"line":76,"column":31},"end":{"line":76,"column":null}}]},"3":{"loc":{"start":{"line":264,"column":25},"end":{"line":264,"column":58}},"type":"binary-expr","locations":[{"start":{"line":264,"column":25},"end":{"line":264,"column":58}}]},"4":{"loc":{"start":{"line":266,"column":25},"end":{"line":266,"column":59}},"type":"binary-expr","locations":[{"start":{"line":266,"column":25},"end":{"line":266,"column":59}}]},"5":{"loc":{"start":{"line":273,"column":15},"end":{"line":273,"column":null}},"type":"binary-expr","locations":[{"start":{"line":273,"column":15},"end":{"line":273,"column":null}}]}},"s":{"0":0,"1":0,"2":0,"3":0,"4":0,"5":0,"6":0,"7":0,"8":0,"9":0,"10":0,"11":0,"12":0,"13":0,"14":0,"15":0,"16":0,"17":0,"18":0,"19":0,"20":0,"21":0,"22":0,"23":0,"24":0,"25":0,"26":0,"27":0},"f":{"0":0,"1":0,"2":0,"3":0,"4":0,"5":0,"6":0,"7":0,"8":0},"b":{"0":[0,0],"1":[0,0],"2":[0,0],"3":[0],"4":[0],"5":[0]}}
,"C:\\laragon\\www\\MIMARKET\\mimarket-frontend\\app\\dashboard-tienda\\productos\\loading.tsx": {"path":"C:\\laragon\\www\\MIMARKET\\mimarket-frontend\\app\\dashboard-tienda\\productos\\loading.tsx","statementMap":{"0":{"start":{"line":1,"column":24},"end":{"line":1,"column":null}},"1":{"start":{"line":2,"column":2},"end":{"line":2,"column":null}}},"fnMap":{"0":{"name":"Loading","decl":{"start":{"line":1,"column":24},"end":{"line":1,"column":null}},"loc":{"start":{"line":1,"column":24},"end":{"line":3,"column":null}}}},"branchMap":{},"s":{"0":0,"1":0},"f":{"0":0},"b":{}}
,"C:\\laragon\\www\\MIMARKET\\mimarket-frontend\\app\\dashboard-tienda\\productos\\page.tsx": {"path":"C:\\laragon\\www\\MIMARKET\\mimarket-frontend\\app\\dashboard-tienda\\productos\\page.tsx","statementMap":{"0":{"start":{"line":15,"column":24},"end":{"line":15,"column":null}},"1":{"start":{"line":3,"column":25},"end":{"line":3,"column":null}},"2":{"start":{"line":4,"column":17},"end":{"line":4,"column":null}},"3":{"start":{"line":5,"column":18},"end":{"line":5,"column":null}},"4":{"start":{"line":6,"column":95},"end":{"line":6,"column":null}},"5":{"start":{"line":7,"column":19},"end":{"line":7,"column":null}},"6":{"start":{"line":8,"column":19},"end":{"line":8,"column":null}},"7":{"start":{"line":9,"column":23},"end":{"line":9,"column":null}},"8":{"start":{"line":10,"column":57},"end":{"line":10,"column":null}},"9":{"start":{"line":11,"column":22},"end":{"line":11,"column":null}},"10":{"start":{"line":12,"column":22},"end":{"line":12,"column":null}},"11":{"start":{"line":13,"column":26},"end":{"line":13,"column":null}},"12":{"start":{"line":16,"column":34},"end":{"line":16,"column":null}},"13":{"start":{"line":17,"column":50},"end":{"line":17,"column":null}},"14":{"start":{"line":20,"column":26},"end":{"line":20,"column":null}},"15":{"start":{"line":20,"column":50},"end":{"line":20,"column":null}},"16":{"start":{"line":22,"column":29},"end":{"line":25,"column":null}},"17":{"start":{"line":24,"column":6},"end":{"line":25,"column":null}},"18":{"start":{"line":28,"column":28},"end":{"line":39,"column":null}},"19":{"start":{"line":29,"column":4},"end":{"line":38,"column":null}},"20":{"start":{"line":41,"column":25},"end":{"line":46,"column":null}},"21":{"start":{"line":42,"column":4},"end":{"line":42,"column":null}},"22":{"start":{"line":42,"column":34},"end":{"line":42,"column":null}},"23":{"start":{"line":43,"column":4},"end":{"line":43,"column":null}},"24":{"start":{"line":43,"column":21},"end":{"line":43,"column":null}},"25":{"start":{"line":44,"column":4},"end":{"line":44,"column":null}},"26":{"start":{"line":44,"column":19},"end":{"line":44,"column":null}},"27":{"start":{"line":45,"column":4},"end":{"line":45,"column":null}},"28":{"start":{"line":48,"column":24},"end":{"line":60,"column":null}},"29":{"start":{"line":49,"column":
[...]
t":{"line":1,"column":25},"end":{"line":1,"column":null}},"2":{"start":{"line":2,"column":24},"end":{"line":2,"column":null}},"3":{"start":{"line":3,"column":22},"end":{"line":3,"column":null}},"4":{"start":{"line":57,"column":36},"end":{"line":57,"column":null}},"5":{"start":{"line":58,"column":30},"end":{"line":58,"column":null}},"6":{"start":{"line":59,"column":20},"end":{"line":59,"column":null}},"7":{"start":{"line":61,"column":26},"end":{"line":103,"column":null}},"8":{"start":{"line":62,"column":4},"end":{"line":69,"column":null}},"9":{"start":{"line":63,"column":6},"end":{"line":67,"column":null}},"10":{"start":{"line":68,"column":6},"end":{"line":68,"column":null}},"11":{"start":{"line":71,"column":4},"end":{"line":71,"column":null}},"12":{"start":{"line":72,"column":4},"end":{"line":102,"column":null}},"13":{"start":{"line":73,"column":23},"end":{"line":82,"column":null}},"14":{"start":{"line":84,"column":6},"end":{"line":87,"column":null}},"15":{"start":{"line":85,"column":26},"end":{"line":85,"column":null}},"16":{"start":{"line":86,"column":8},"end":{"line":86,"column":null}},"17":{"start":{"line":89,"column":35},"end":{"line":89,"column":null}},"18":{"start":{"line":90,"column":6},"end":{"line":90,"column":null}},"19":{"start":{"line":91,"column":6},"end":{"line":91,"column":null}},"20":{"start":{"line":93,"column":6},"end":{"line":93,"column":null}},"21":{"start":{"line":94,"column":6},"end":{"line":98,"column":null}},"22":{"start":{"line":99,"column":6},"end":{"line":99,"column":null}},"23":{"start":{"line":101,"column":6},"end":{"line":101,"column":null}},"24":{"start":{"line":105,"column":26},"end":{"line":161,"column":null}},"25":{"start":{"line":106,"column":4},"end":{"line":113,"column":null}},"26":{"start":{"line":107,"column":6},"end":{"line":111,"column":null}},"27":{"start":{"line":112,"column":6},"end":{"line":112,"column":null}},"28":{"start":{"line":115,"column":4},"end":{"line":115,"column":null}},"29":{"start":{"line":116,"column":4},"end":{"line":160,"column":null}},"30":{"start":{"line":117,"column":23},"end":{"line":124,"column":null}},"31":{"start":{"line":126,"column":6},"end":{"line":140,"column":null}},"32":{"start":{"line":127,"column":26},"end":{"line":127,"column":null}},"33":{"start":{"line":130,"column":8},"end":{"line":138,"column":null}},"34":{"start":{"line":131,"column":10},"end":{"line":135,"column":null}},"35":{"start":{"line":137,"column":10},"end":{"line":137,"column":null}},"36":{"start":{"line":139,"column":8},"end":{"line":139,"column":null}},"37":{"start":{"line":142,"column":37},"end":{"line":142,"column":null}},"38":{"start":{"line":144,"column":6},"end":{"line":147,"column":null}},"39":{"start":{"line":149,"column":6},"end":{"line":149,"column":null}},"40":{"start":{"line":151,"column":6},"end":{"line":151,"column":null}},"41":{"start":{"line":152,"column":6},"end":{"line":156,"column":null}},"42":{"start":{"line":157,"column":6},"end":{"line":157,"column":null}},"43":{"start":{"line":159,"column":6},"end":{"line":159,"column":null}},"44":{"start":{"line":163,"column":2},"end":{"line":168,"column":null}}},"fnMap":{"0":{"name":"useCheckout","decl":{"start":{"line":56,"column":16},"end":{"line":56,"column":null}},"loc":{"start":{"line":56,"column":16},"end":{"line":169,"column":null}}},"1":{"name":"(anonymous_2)","decl":{"start":{"line":61,"column":26},"end":{"line":61,"column":33}},"loc":{"start":{"line":61,"column":33},"end":{"line":103,"column":null}}},"2":{"name":"(anonymous_3)","decl":{"start":{"line":105,"column":26},"end":{"line":105,"column":33}},"loc":{"start":{"line":105,"column":33},"end":{"line":161,"column":null}}}},"branchMap":{"0":{"loc":{"start":{"line":62,"column":4},"end":{"line":69,"column":null}},"type":"if","locations":[{"start":{"line":62,"column":4},"end":{"line":69,"column":null}},{"start":{},"end":{}}]},"1":{"loc":{"start":{"line":80,"column":24},"end":{"line":80,"column":null}},"type":"binary-expr","locations":[{"start":{"line":80,"column":24},"end":{"line":80,"column":39}},{"start":{"line":80,"column":39},"end":{"line":80,"column":null}}]},"2":{"loc":{"start":{"line":84,"column":6},"end":{"line":87,"column":null}},"type":"if","locations":[{"start":{"line":84,"column":6},"end":{"line":87,"column":null}},{"start":{},"end":{}}]},"3":{"loc":{"start":{"line":86,"column":24},"end":{"line":86,"column":null}},"type":"binary-expr","locations":[{"start":{"line":86,"column":24},"end":{"line":86,"column":41}},{"start":{"line":86,"column":45},"end":{"line":86,"column":null}}]},"4":{"loc":{"start":{"line":96,"column":21},"end":{"line":96,"column":null}},"type":"cond-expr","locations":[{"start":{"line":96,"column":46},"end":{"line":96,"column":59}},{"start":{"line":96,"column":62},"end":{"line":96,"column":null}}]},"5":{"loc":{"start":{"line":106,"column":4},"end":{"line":113,"column":null}},"type":"if","locations":[{"start":{"line":106,"column":4},"end":{"line":113,"column":null}},{"start":{},"end":{}}]},"6":{"loc":{"start":{"line":126,"column":6},"end":{"line":140,"column":null}},"type":"if","locations":[{"start":{"line":126,"column":6},"end":{"line":140,"column":null}},{"start":{},"end":{}}]},"7":{"loc":{"start":{"line":130,"column":8},"end":{"line":138,"column":null}},"type":"if","locations":[{"start":{"line":130,"column":8},"end":{"line":138,"column":null}},{"start":{"line":136,"column":15},"end":{"line":138,"column":null}}]},"8":{"loc":{"start":{"line":130,"column":12},"end":{"line":130,"column":57}},"type":"binary-expr","locations":[{"start":{"line":130,"column":12},"end":{"line":130,"column":39}},{"start":{"line":130,"column":39},"end":{"line":130,"column":57}}]},"9":{"loc":{"start":{"line":137,"column":26},"end":{"line":137,"column":null}},"type":"binary-expr","locations":[{"start":{"line":137,"column":26},"end":{"line":137,"column":43}},{"start":{"line":137,"column":47},"end":{"line":137,"column":null}}]},"10":{"loc":{"start":{"line":154,"column":21},"end":{"line":154,"column":null}},"type":"cond-expr","locations":[{"start":{"line":154,"column":46},"end":{"line":154,"column":59}},{"start":{"line":154,"column":62},"end":{"line":154,"column":null}}]}},"s":{"0":0,"1":0,"2":0,"3":0,"4":0,"5":0,"6":0,"7":0,"8":0,"9":0,"10":0,"11":0,"12":0,"13":0,"14":0,"15":0,"16":0,"17":0,"18":0,"19":0,"20":0,"21":0,"22":0,"23":0,"24":0,"25":0,"26":0,"27":0,"28":0,"29":0,"30":0,"31":0,"32":0,"33":0,"34":0,"35":0,"36":0,"37":0,"38":0,"39":0,"40":0,"41":0,"42":0,"43":0,"44":0},"f":{"0":0,"1":0,"2":0},"b":{"0":[0,0],"1":[0,0],"2":[0,0],"3":[0,0],"4":[0,0],"5":[0,0],"6":[0,0],"7":[0,0],"8":[0,0],"9":[0,0],"10":[0,0]}}
,"C:\\laragon\\www\\MIMARKET\\mimarket-frontend\\lib\\utils.ts": {"path":"C:\\laragon\\www\\MIMARKET\\mimarket-frontend\\lib\\utils.ts","statementMap":{"0":{"start":{"line":4,"column":16},"end":{"line":4,"column":18}},"1":{"start":{"line":14,"column":16},"end":{"line":14,"column":40}},"2":{"start":{"line":1,"column":38},"end":{"line":1,"column":null}},"3":{"start":{"line":2,"column":24},"end":{"line":2,"column":null}},"4":{"start":{"line":5,"column":2},"end":{"line":5,"column":null}},"5":{"start":{"line":16,"column":27},"end":{"line":16,"column":null}},"6":{"start":{"line":17,"column":2},"end":{"line":17,"column":null}}},"fnMap":{"0":{"name":"cn","decl":{"start":{"line":4,"column":16},"end":{"line":4,"column":18}},"loc":{"start":{"line":4,"column":42},"end":{"line":6,"column":null}}},"1":{"name":"formatearPrecioParaguayo","decl":{"start":{"line":14,"column":16},"end":{"line":14,"column":40}},"loc":{"start":{"line":14,"column":55},"end":{"line":18,"column":null}}}},"branchMap":{},"s":{"0":0,"1":0,"2":0,"3":0,"4":0,"5":0,"6":0},"f":{"0":0,"1":0},"b":{}}
,"C:\\laragon\\www\\MIMARKET\\mimarket-frontend\\lib\\api\\productos.ts": {"path":"C:\\laragon\\www\\MIMARKET\\mimarket-frontend\\lib\\api\\productos.ts","statementMap":{"0":{"start":{"line":164,"column":13},"end":{"line":164,"column":32}},"1":{"start":{"line":1,"column":102},"end":{"line":1,"column":null}},"2":{"start":{"line":2,"column":33},"end":{"line":2,"column":null}},"3":{"start":{"line":33,"column":21},"end":{"line":33,"column":null}},"4":{"start":{"line":35,"column":4},"end":{"line":38,"column":null}},"5":{"start":{"line":42,"column":21},"end":{"line":42,"column":null}},"6":{"start":{"line":44,"column":4},"end":{"line":46,"column":null}},"7":{"start":{"line":50,"column":21},"end":{"line":50,"column":null}},"8":{"start":{"line":52,"column":4},"end":{"line":55,"column":null}},"9":{"start":{"line":59,"column":21},"end":{"line":59,"column":null}},"10":{"start":{"line":61,"column":4},"end":{"line":64,"column":null}},"11":{"start":{"line":68,"column":24},"end":{"line":68,"column":null}},"12":{"start":{"line":70,"column":21},"end":{"line":70,"column":null}},"13":{"start":{"line":73,"column":4},"end":{"line":77,"column":null}},"14":{"start":{"line":74,"column":6},"end":{"line":76,"column":null}},"15":{"start":{"line":75,"column":8},"end":{"line":75,"column":null}},"16":{"start":{"line":80,"column":4},"end":{"line":82,"column":null}},"17":{"start":{"line":81,"column":6},"end":{"line":81,"column":null}},"18":{"start":{"line":85,"column":4},"end":{"line":89,"column":null}},"19":{"start":{"line":86,"column":6},"end":{"line":88,"column":null}},"20":{"start":{"line":87,"column":8},"end":{"line":87,"column":null}},"21":{"start":{"line":91,"column":21},"end":{"line":91,"column":null}},"22":{"start":{"line":93,"column":4},"end":{"line":95,"column":null}},"23":{"start":{"line":106,"column":24},"end":{"line":106,"column":null}},"24":{"start":{"line":108,"column":21},"end":{"line":108,"column":null}},"25":{"start":{"line":111,"column":4},"end":{"line":115,"column":null}},"26":{"start":{"line":112,"column":6},"end":{"line":114,"column":null}},"27":{"start":{"line":113,"column":8},"end":{"line":113,"column":null}},"28":{"start":{"line":118,"column":4},"end":{"line":120,"column":null}},"29":{"start":{"line":119,"column":6},"end":{"line":119,"column":null}},"30":{"start":{"line":123,"column":4},"end":{"line":127,"column":null}},"31":{"start":{"line":124,"column":6},"end":{"line":126,"column":null}},"32":{"start":{"line":125,"column":8},"end":{"line":125,"column":null}},"33":{"start":{"line":130,"column":4},"end":{"line":132,"column":null}},"34":{"start":{"line":131,"column":6},"end":{"line":131,"column":null}},"35":{"start":{"line":134,"column":4},"end":{"line":136,"column":null}},"36":{"start":{"line":135,"column":6},"end":{"line":135,"column":null}},"37":{"start":{"line":139,"column":4},"end":{"line":139,"column":null}},"38":{"start":{"line":141,"column":21},"end":{"line":141,"column":null}},"39":{"start":{"line":143,"column":4},"end":{"line":145,"column":null}},"40":{"start":{"line":149,"column":21},"end":{"line":149,"column":null}},"41":{"start":{"line":150,"column":4},"end":{"line":150,"column":null}},"42":{"start":{"line":154,"column":21},"end":{"line":159,"column":null}},"43":{"start":{"line":160,"column":4},"end":{"line":160,"column":null}},"44":{"start":{"line":164,"column":32},"end":{"line":164,"column":null}}},"fnMap":{"0":{"name":"(anonymous_1)","decl":{"start":{"line":32,"column":2},"end":{"line":32,"column":8}},"loc":{"start":{"line":32,"column":79},"end":{"line":39,"column":null}}},"1":{"name":"(anonymous_2)","decl":{"start":{"line":41,"column":2},"end":{"line":41,"column":8}},"loc":{"start":{"line":41,"column":61},"end":{"line":47,"column":null}}},"2":{"name":"(anonymous_3)","decl":{"start":{"line":49,"column":2},"end":{"line":49,"column":8}},"loc":{"start":{"line":49,"column":130},"end":{"line":56,"column":null}}},"3":{"name":"(anonymous_4)","decl":{"start":{"line":58,"column":2},"end":{"line":58,"column":8}},"loc":{"start":{"line":58,"column":121},"end":{"line":65,"column":null}}},"4":{"name":"(anonymous_5)","decl":{"start":{"line":67,"column":2},"end":{"line":67,"column":8}},"loc":{"start":{"line":67,"column":134},"end":{"line":96,"column":null}}},"5":{"name":"(anonymous_6)","decl":{"start":{"line":73,"column":40},"end":{"line":73,"column":41}},"loc":{"start":{"line":73,"column":53},"end":{"line":77,"column":null}}},"6":{"name":"(anonymous_7)","decl":{"start":{"line":86,"column":30},"end":{"line":86,"column":31}},"loc":{"start":{"line":86,"column":31},"end":{"line":88,"column":null}}},"7":{"name":"(anonymous_8)","decl":{"start":{"line":98,"column":2},"end":{"line":98,"column":8}},"loc":{"start":{"line":105,"column":33},"end":{"line":146,"column":null}}},"8":{"name":"(anonymous_9)","decl":{"start":{"line":111,"column":40},"end":{"line":111,"column":41}},"loc":{"start":{"line":111,"column":53},"end":{"line":115,"column":null}}},"9":{"name":"(anonymous_10)","decl":{"start":{"line":124,"column":30},"end":{"line":124,"column":31}},"loc":{"start":{"line":124,"column":31},"end":{"line":126,"column":null}}},"10":{"name":"(anonymous_11)","decl":{"start":{"line":148,"column":2},"end":{"line":148,"column":8}},"loc":{"start":{"line":148,"column":65},"end":{"line":151,"column":null}}},"11":{"name":"(anonymous_12)","decl":{"start":{"line":153,"column":2},"end":{"line":153,"column":8}},"loc":{"start":{"line":153,"column":121},"end":{"line":161,"column":null}}}},"branchMap":{"0":{"loc":{"start":{"line":32,"column":21},"end":{"line":32,"column":50}},"type":"default-arg","locations":[{"start":{"line":32,"column":48},"end":{"line":32,"column":50}}]},"1":{"loc":{"start":{"line":49,"column":53},"end":{"line":49,"column":101}},"type":"default-arg","locations":[{"start":{"line":49,"column":99},"end":{"line":49,"column":101}}]},"2":{"loc":{"start":{"line":58,"column":47},"end":{"line":58,"column":92}},"type":"default-arg","locations":[{"start":{"line":58,"column":90},"end":{"line":58,"column":92}}]},"3":{"loc":{"start":{"line":74,"column":6},"end":{"line":76,"column":null}},"type":"if","locations":[{"start":{"line":74,"column":6},"end":{"line":76,"column":null}},{"start":{},"end":{}}]},"4":{"loc":{"start":{"line":74,"column":10},"end":{"line":74,"column":49}},"type":"binary-expr","locations":[{"start":{"line":74,"column":10},"end":{"line":74,"column":33}},{"start":{"line":74,"column":33},"end":{"line":74,"column":49}}]},"5":{"loc":{"start":{"line":80,"column":4},"end":{"line":82,"column":null}},"type":"if","locations":[{"start":{"line":80,"column":4},"end":{"line":82,"column":null}},{"start":{},"end":{}}]},"6":{"loc":{"start":{"line":85,"column":4},"end":{"line":89,"column":null}},"type":"if","locations":[{"start":{"line":85,"column":4},"end":{"line":89,"column":null}},{"start":{},"end":{}}]},"7":{"loc":{"start":{"line":85,"column":8},"end":{"line":85,"column":55}},"type":"binary-expr","locations":[{"start":{"line":85,"column":8},"end":{"line":85,"column":27}},{"start":{"line":85,"column":27},"end":{"line":85,"column":55}}]},"8":{"loc":{"start":{"line":112,"column":6},"end":{"line":114,"column":null}},"type":"if","locations":[{"start":{"line":112,"column":6},"end":{"line":114,"column":null}},{"start":{},"end":{}}]},"9":{"loc":{"start":{"line":112,"column":10},"end":{"line":112,"column":49}},"type":"binary-expr","locations":[{"start":{"line":112,"column":10},"end":{"line":112,"column":33}},{"start":{"line":112,"column":33},"end":{"line":112,"column":49}}]},"10":{"loc":{"start":{"line":118,"column":4},"end":{"line":120,"column":null}},"type":"if","locations":[{"start":{"line":118,"column":4},"end":{"line":120,"column":null}},{"start":{},"end":{}}]},"11":{"loc":{"start":{"line":123,"column":4},"end":{"line":127,"column":null}},"type":"if","locations":[{"start":{"line":123,"column":4},"end":{"line":127,"column":null}},{"start":{},"end":{}}]},"12":{"loc":{"start":{"line":123,"column":8},"end":{"line":123,"column":55}},"type":"binary-expr","locations":[{"start":{"line":123,"column":8},"end":{"line":123,"column":27}},{"start":{"line":123,"column":27},"end":{"line":123,"column":55}}]},"13":{"loc":{"start":{"line":130,"column":4},"end":{"line":132,"column":null}},"type":"if","locations":[{"start":{"line":130,"column":4},"end":{"line":132,"column":null}},{"start":{},"end":{}}]},"14":{"loc":{"start":{"line":134,"column":4},"end":{"line":136,"column":null}},"type":"if","locations":[{"start":{"line":134,"column":4},"end":{"line":136,"column":null}},{"start":{},"end":{}}]}},"s":{"0":0,"1":0,"2":0,"3":0,"4":0,"5":0,"6":0,"7":0,"8":0,"9":0,"10":0,"11":0,"12":0,"13":0,"14":0,"15":0,"16":0,"17":0,"18":0,"19":0,"20":0,"21":0,"22":0,"23":0,"24":0,"25":0,"26":0,"27":0,"28":0,"29":0,"30":0,"31":0,"32":0,"33":0,"34":0,"35":0,"36":0,"37":0,"38":0,"39":0,"40":0,"41":0,"42":0,"43":0,"44":0},"f":{"0":0,"1":0,"2":0,"3":0,"4":0,"5":0,"6":0,"7":0,"8":0,"9":0,"10":0,"11":0},"b":{"0":[0],"1":[0],"2":[0],"3":[0,0],"4":[0,0],"5":[0,0],"6":[0,0],"7":[0,0],"8":[0,0],"9":[0,0],"10":[0,0],"11":[0,0],"12":[0,0],"13":[0,0],"14":[0,0]}}
,"C:\\laragon\\www\\MIMARKET\\mimarket-frontend\\lib\\types\\producto.ts": {"path":"C:\\laragon\\www\\MIMARKET\\mimarket-frontend\\lib\\types\\producto.ts","statementMap":{"0":{"start":{"line":71,"column":16},"end":{"line":71,"column":44}},"1":{"start":{"line":105,"column":16},"end":{"line":105,"column":44}},"2":{"start":{"line":72,"column":2},"end":{"line":101,"column":null}},"3":{"start":{"line":106,"column":2},"end":{"line":125,"column":null}}},"fnMap":{"0":{"name":"mapProductoBackendToFrontend","decl":{"start":{"line":71,"column":16},"end":{"line":71,"column":44}},"loc":{"start":{"line":71,"column":70},"end":{"line":102,"column":null}}},"1":{"name":"mapProductoFrontendToBackend","decl":{"start":{"line":105,"column":16},"end":{"line":105,"column":44}},"loc":{"start":{"line":105,"column":63},"end":{"line":126,"column":null}}}},"branchMap":{"0":{"loc":{"start":{"line":77,"column":15},"end":{"line":78,"column":null}},"type":"cond-expr","locations":[{"start":{"line":78,"column":6},"end":{"line":78,"column":89}},{"start":{"line":78,"column":89},"end":{"line":78,"column":null}}]},"1":{"loc":{"start":{"line":79,"column":15},"end":{"line":79,"column":null}},"type":"binary-expr","locations":[{"start":{"line":79,"column":15},"end":{"line":79,"column":45}},{"start":{"line":79,"column":45},"end":{"line":79,"column":null}}]},"2":{"loc":{"start":{"line":80,"column":11},"end":{"line":80,"column":null}},"type":"binary-expr","locations":[{"start":{"line":80,"column":11},"end":{"line":80,"column":45}},{"start":{"line":80,"column":45},"end":{"line":80,"column":null}}]},"3":{"loc":{"start":{"line":111,"column":10},"end":{"line":111,"column":null}},"type":"binary-expr","locations":[{"start":{"line":111,"column":10},"end":{"line":111,"column":23}},{"start":{"line":111,"column":27},"end":{"line":111,"column":null}}]},"4":{"loc":{"start":{"line":116,"column":9},"end":{"line":116,"column":null}},"type":"binary-expr","locations":[{"start":{"line":116,"column":9},"end":{"line":116,"column":21}},{"start":{"line":116,"column":25},"end":{"line":116,"column":null}}]},"5":{"loc":{"start":{"line":119,"column":22},"end":{"line":119,"column":null}},"type":"binary-expr","locations":[{"start":{"line":119,"column":22},"end":{"line":119,"column":37}},{"start":{"line":119,"column":41},"end":{"line":119,"column":61}},{"start":{"line":119,"column":65},"end":{"line":119,"column":null}}]},"6":{"loc":{"start":{"line":121,"column":12},"end":{"line":121,"column":null}},"type":"binary-expr","locations":[{"start":{"line":121,"column":12},"end":{"line":121,"column":27}},{"start":{"line":121,"column":31},"end":{"line":121,"column":null}}]},"7":{"loc":{"start":{"line":122,"column":15},"end":{"line":122,"column":null}},"type":"binary-expr","locations":[{"start":{"line":122,"column":15},"end":{"line":122,"column":33}},{"start":{"line":122,"column":37},"end":{"line":122,"column":null}}]},"8":{"loc":{"start":{"line":124,"column":18},"end":{"line":124,"column":null}},"type":"binary-expr","locations":[{"start":{"line":124,"column":18},"end":{"line":124,"column":39}},{"start":{"line":124,"column":43},"end":{"line":124,"column":null}}]}},"s":{"0":0,"1":0,"2":0,"3":0},"f":{"0":0,"1":0},"b":{"0":[0,0],"1":[0,0],"2":[0,0],"3":[0,0],"4":[0,0],"5":[0,0,0],"6":[0,0],"7":[0,0],"8":[0,0]}}
}
