TN:
SF:app\layout.tsx
FN:16,RootLayout
FNF:1
FNH:0
FNDA:0,RootLayout
DA:2,0
DA:3,0
DA:4,0
DA:5,0
DA:6,0
DA:7,0
DA:8,0
DA:10,0
DA:16,0
LF:9
LH:0
BRF:0
BRH:0
end_of_record
TN:
SF:app\page.tsx
FN:15,Home
FN:82,ProductListSkeleton
FN:87,(anonymous_4)
FNF:3
FNH:0
FNDA:0,Home
FNDA:0,ProductListSkeleton
FNDA:0,(anonymous_4)
DA:1,0
DA:2,0
DA:3,0
DA:4,0
DA:5,0
DA:6,0
DA:7,0
DA:8,0
DA:9,0
DA:10,0
DA:12,0
DA:13,0
DA:15,0
DA:88,0
LF:14
LH:0
BRF:0
BRH:0
end_of_record
TN:
SF:app\busqueda-inteligente\loading.tsx
FN:1,Loading
FNF:1
FNH:0
FNDA:0,Loading
DA:1,0
DA:2,0
LF:2
LH:0
BRF:0
BRH:0
end_of_record
TN:
SF:app\busqueda-inteligente\page.tsx
FN:8,BusquedaInteligentePage
FN:11,(anonymous_3)
FNF:2
FNH:0
FNDA:0,BusquedaInteligentePage
FNDA:0,(anonymous_3)
DA:3,0
DA:4,0
DA:5,0
DA:6,0
DA:8,0
DA:9,0
DA:11,0
DA:12,0
DA:15,0
LF:9
LH:0
BRDA:15,0,0,0
BRDA:15,0,1,0
BRF:2
BRH:0
end_of_record
TN:
SF:app\carrito\page.tsx
FN:17,CarritoPage
FN:25,(anonymous_3)
FN:34,(anonymous_4)
FN:44,(anonymous_5)
FN:83,(anonymous_6)
FN:140,(anonymous_7)
FN:180,(anonymous_8)
FN:194,(anonymous_9)
FN:204,(anonymous_10)
FN:231,(anonymous_11)
FNF:10
FNH:0
FNDA:0,CarritoPage
FNDA:0,(anonymous_3)
FNDA:0,(anonymous_4)
FNDA:0,(anonymous_5)
FNDA:0,(anonymous_6)
FNDA:0,(anonymous_7)
FNDA:0,(anonymous_8)
FNDA:0,(anonymous_9)
FNDA:0,(anonymous_10)
FNDA:0,(anonymous_11)
DA:3,0
DA:4,0
DA:5,0
DA:6,0
DA:7,0
DA:8,0
DA:9,0
DA:10,0
DA:11,0
DA:12,0
DA:13,0
DA:14,0
DA:15,0
DA:17,0
DA:18,0
DA:19,0
DA:20,0
DA:23,0
DA:25,0
DA:26,0
DA:27,0
DA:31,0
DA:32,0
DA:34,0
DA:35,0
DA:36,0
DA:37,0
DA:39,0
DA:41,0
DA:44,0
DA:45,0
DA:47,0
DA:49,0
DA:51,0
DA:53,0
DA:57,0
DA:74,0
DA:83,0
DA:92,0
DA:141,0
DA:142,0
DA:144,0
DA:145,0
DA:147,0
DA:180,0
DA:194,0
DA:204,0
DA:232,0
DA:233,0
DA:236,0
DA:238,0
LF:51
LH:0
BRDA:26,0,0,0
BRDA:26,0,1,0
BRDA:45,1,0,0
BRDA:45,1,1,0
BRDA:45,1,2,0
BRDA:45,1,3,0
BRDA:57,2,0,0
BRDA:57,2,1,0
BRDA:74,3,0,0
BRDA:74,3,1,0
BRDA:92,4,0,0
BRDA:92,4,1,0
BRDA:135,5,0,0
BRDA:135,5,1,0
BRDA:142,6,0,0
BRDA:142,6,1,0
BRDA:153,7,0,0
BRDA:153,7,1,0
BRDA:233,8,0,0
BRDA:233,8,1,0
BRDA:236,9,0,0
BRDA:236,9,1,0
BRF:22
BRH:0
end_of_record
TN:
SF:app\checkout\page.tsx
FN:25,(anonymous_5)
FN:25,(anonymous_6)
FN:56,CheckoutPage
FN:91,(anonymous_10)
FN:92,(anonymous_11)
FN:93,(anonymous_12)
FN:95,(anonymous_13)
FN:105,(anonymous_14)
FN:111,(anonymous_15)
FN:150,(anonymous_16)
FN:166,(anonymous_17)
FN:167,(anonymous_18)
FN:201,(anonymous_19)
FN:240,(anonymous_20)
FN:240,(anonymous_21)
FN:250,(anonymous_22)
FN:250,(anonymous_23)
FN:261,(anonymous_24)
FN:261,(anonymous_25)
FN:266,(anonymous_26)
FN:319,(anonymous_27)
FN:322,(anonymous_28)
FN:400,(anonymous_29)
FN:400,(anonymous_30)
FN:409,(anonymous_31)
FN:409,(anonymous_32)
FN:421,(anonymous_33)
FN:421,(anonymous_34)
FN:430,(anonymous_35)
FN:430,(anonymous_36)
FN:441,(anonymous_37)
FN:441,(anonymous_38)
FN:465,(anonymous_39)
FN:485,(anonymous_40)
FN:492,(anonymous_41)
FN:541,(anonymous_42)
FNF:36
FNH:0
FNDA:0,(anonymous_5)
FNDA:0,(anonymous_6)
FNDA:0,CheckoutPage
FNDA:0,(anonymous_10)
FNDA:0,(anonymous_11)
FNDA:0,(anonymous_12)
FNDA:0,(anonymous_13)
FNDA:0,(anonymous_14)
FNDA:0,(anonymous_15)
FNDA:0,(anonymous_16)
FNDA:0,(anonymous_17)
FNDA:0,(anonymous_18)
FNDA:0,(anonymous_19)
FNDA:0,(anonymous_20)
FNDA:0,(anonymous_21)
FNDA:0,(anonymous_22)
FNDA:0,(anonymous_23)
FNDA:0,(anonymous_24)
FNDA:0,(anonymous_25)
FNDA:0,(anonymous_26)
FNDA:0,(anonymous_27)
FNDA:0,(anonymous_28)
FNDA:0,(anonymous_29)
FNDA:0,(anonymous_30)
FNDA:0,(anonymous_31)
FNDA:0,(anonymous_32)
FNDA:0,(anonymous_33)
FNDA:0,(anonymous_34)
FNDA:0,(anonymous_35)
FNDA:0,(anonymous_36)
FNDA:0,(anonymous_37)
FNDA:0,(anonymous_38)
FNDA:0,(anonymous_39)
FNDA:0,(anonymous_40)
FNDA:0,(anonymous_41)
FNDA:0,(anonymous_42)
DA:3,0
DA:4,0
DA:5,0
DA:6,0
DA:7,0
DA:8,0
DA:9,0
DA:10,0
DA:11,0
DA:12,0
DA:13,0
DA:14,0
DA:15,0
DA:16,0
DA:17,0
DA:18,0
DA:19,0
DA:20,0
DA:21,0
DA:22,0
DA:25,0
DA:56,0
DA:57,0
DA:58,0
DA:59,0
DA:60,0
DA:61,0
DA:63,0
DA:64,0
DA:67,0
DA:73,0
DA:74,0
DA:75,0
DA:84,0
DA:91,0
DA:92,0
DA:93,0
DA:95,0
DA:96,0
DA:97,0
DA:100,0
DA:105,0
DA:106,0
DA:107,0
DA:111,0
DA:112,0
DA:114,0
DA:115,0
DA:116,0
DA:117,0
DA:118,0
DA:120,0
DA:121,0
DA:122,0
DA:123,0
DA:126,0
DA:129,0
DA:136,0
DA:138,0
DA:140,0
DA:143,0
DA:146,0
DA:150,0
DA:151,0
DA:153,0
DA:155,0
DA:157,0
DA:158,0
DA:160,0
DA:162,0
DA:166,0
DA:167,0
DA:170,0
DA:171,0
DA:172,0
DA:174,0
DA:175,0
DA:180,0
DA:189,0
DA:190,0
DA:193,0
DA:201,0
DA:240,0
DA:250,0
DA:261,0
DA:266,0
DA:319,0
DA:322,0
DA:400,0
DA:409,0
DA:421,0
DA:430,0
DA:441,0
DA:465,0
DA:486,0
DA:487,0
DA:490,0
DA:492,0
DA:493,0
DA:495,0
DA:497,0
DA:499,0
DA:501,0
DA:505,0
DA:507,0
DA:541,0
LF:106
LH:0
BRDA:96,0,0,0
BRDA:96,0,1,0
BRDA:106,1,0,0
BRDA:106,1,1,0
BRDA:115,2,0,0
BRDA:115,2,1,0
BRDA:115,3,0,0
BRDA:115,3,1,0
BRDA:117,4,0,0
BRDA:117,4,1,0
BRDA:120,5,0,0
BRDA:120,5,1,0
BRDA:122,6,0,0
BRDA:122,6,1,0
BRDA:132,7,0,0
BRDA:132,7,1,0
BRDA:133,8,0,0
BRDA:133,8,1,0
BRDA:138,9,0,0
BRDA:138,9,1,0
BRDA:151,10,0,0
BRDA:151,10,1,0
BRDA:151,10,2,0
BRDA:151,10,3,0
BRDA:153,11,0,0
BRDA:153,11,1,0
BRDA:153,11,2,0
BRDA:157,12,0,0
BRDA:157,12,1,0
BRDA:157,13,0,0
BRDA:157,13,1,0
BRDA:157,13,2,0
BRDA:158,14,0,0
BRDA:158,14,1,0
BRDA:158,14,2,0
BRDA:158,14,3,0
BRDA:158,14,4,0
BRDA:170,15,0,0
BRDA:170,15,1,0
BRDA:170,16,0,0
BRDA:170,16,1,0
BRDA:174,17,0,0
BRDA:174,17,1,0
BRDA:189,18,0,0
BRDA:189,18,1,0
BRDA:193,19,0,0
BRDA:193,19,1,0
BRDA:193,20,0,0
BRDA:193,20,1,0
BRDA:306,21,0,0
BRDA:341,22,0,0
BRDA:367,23,0,0
BRDA:367,23,1,0
BRDA:385,24,0,0
BRDA:385,24,1,0
BRDA:447,25,0,0
BRDA:447,25,1,0
BRDA:452,26,0,0
BRDA:452,26,1,0
BRDA:468,27,0,0
BRDA:468,27,1,0
BRDA:469,28,0,0
BRDA:469,28,1,0
BRDA:487,29,0,0
BRDA:487,29,1,0
BRDA:490,30,0,0
BRDA:490,30,1,0
BRDA:493,31,0,0
BRDA:493,31,1,0
BRDA:493,31,2,0
BRDA:493,31,3,0
BRDA:511,32,0,0
BRDA:511,32,1,0
BRDA:546,33,0,0
BRDA:546,33,1,0
BRDA:551,34,0,0
BRDA:562,35,0,0
BRDA:562,35,1,0
BRDA:565,36,0,0
BRDA:572,37,0,0
BRDA:579,38,0,0
BRDA:590,39,0,0
BRDA:590,39,1,0
BRF:83
BRH:0
end_of_record
TN:
SF:app\dashboard-tienda\page.tsx
FN:87,DashboardTiendaPage
FN:91,(anonymous_3)
FN:238,(anonymous_4)
FN:270,(anonymous_5)
FN:304,(anonymous_6)
FNF:5
FNH:0
FNDA:0,DashboardTiendaPage
FNDA:0,(anonymous_3)
FNDA:0,(anonymous_4)
FNDA:0,(anonymous_5)
FNDA:0,(anonymous_6)
DA:4,0
DA:16,0
DA:17,0
DA:18,0
DA:19,0
DA:20,0
DA:21,0
DA:22,0
DA:23,0
DA:24,0
DA:25,0
DA:28,0
DA:87,0
DA:88,0
DA:89,0
DA:91,0
DA:92,0
DA:106,0
DA:239,0
DA:271,0
DA:305,0
LF:21
LH:0
BRDA:106,0,0,0
BRDA:106,0,1,0
BRDA:277,1,0,0
BRDA:277,1,1,0
BRF:4
BRH:0
end_of_record
TN:
SF:app\dashboard-tienda\clientes\loading.tsx
FN:1,Loading
FNF:1
FNH:0
FNDA:0,Loading
DA:1,0
DA:2,0
LF:2
LH:0
BRF:0
BRH:0
end_of_record
TN:
SF:app\dashboard-tienda\clientes\page.tsx
FN:83,ClientesTiendaPage
FN:87,(anonymous_3)
FN:92,(anonymous_4)
FN:105,(anonymous_5)
FN:113,(anonymous_6)
FN:114,(anonymous_7)
FN:118,(anonymous_8)
FN:194,(anonymous_9)
FN:208,(anonymous_10)
FNF:9
FNH:0
FNDA:0,ClientesTiendaPage
FNDA:0,(anonymous_3)
FNDA:0,(anonymous_4)
FNDA:0,(anonymous_5)
FNDA:0,(anonymous_6)
FNDA:0,(anonymous_7)
FNDA:0,(anonymous_8)
FNDA:0,(anonymous_9)
FNDA:0,(anonymous_10)
DA:3,0
DA:4,0
DA:5,0
DA:6,0
DA:7,0
DA:8,0
DA:9,0
DA:10,0
DA:11,0
DA:12,0
DA:15,0
DA:83,0
DA:84,0
DA:86,0
DA:88,0
DA:92,0
DA:93,0
DA:105,0
DA:106,0
DA:113,0
DA:114,0
DA:117,0
DA:118,0
DA:119,0
DA:194,0
DA:209,0
LF:26
LH:0
BRDA:88,0,0,0
BRDA:88,0,1,0
BRDA:213,1,0,0
BRDA:213,1,1,0
BRDA:280,2,0,0
BRF:5
BRH:0
end_of_record
TN:
SF:app\dashboard-tienda\configuracion\page.tsx
FN:123,ConfiguracionTiendaPage
FN:129,(anonymous_3)
FN:142,(anonymous_4)
FN:156,(anonymous_5)
FN:161,(anonymous_6)
FN:200,(anonymous_7)
FN:201,(anonymous_8)
FN:204,(anonymous_9)
FN:217,(anonymous_10)
FN:274,(anonymous_11)
FN:274,(anonymous_12)
FN:282,(anonymous_13)
FN:282,(anonymous_14)
FN:306,(anonymous_15)
FN:306,(anonymous_16)
FN:318,(anonymous_17)
FN:318,(anonymous_18)
FN:327,(anonymous_19)
FN:327,(anonymous_20)
FN:347,(anonymous_21)
FN:354,(anonymous_22)
FN:355,(anonymous_23)
FN:369,(anonymous_24)
FN:370,(anonymous_25)
FN:384,(anonymous_26)
FN:385,(anonymous_27)
FN:423,(anonymous_28)
FN:423,(anonymous_29)
FN:435,(anonymous_30)
FN:436,(anonymous_31)
FN:451,(anonymous_32)
FN:451,(anonymous_33)
FN:478,(anonymous_34)
FN:478,(anonymous_35)
FN:488,(anonymous_36)
FN:488,(anonymous_37)
FN:499,(anonymous_38)
FN:499,(anonymous_39)
FN:509,(anonymous_40)
FN:509,(anonymous_41)
FN:517,(anonymous_42)
FN:517,(anonymous_43)
FN:538,(anonymous_44)
FN:542,(anonymous_45)
FN:569,(anonymous_46)
FN:569,(anonymous_47)
FN:580,(anonymous_48)
FN:580,(anonymous_49)
FN:591,(anonymous_50)
FN:591,(anonymous_51)
FN:614,(anonymous_52)
FN:614,(anonymous_53)
FN:625,(anonymous_54)
FN:625,(anonymous_55)
FN:636,(anonymous_56)
FN:636,(anonymous_57)
FNF:56
FNH:0
FNDA:0,ConfiguracionTiendaPage
FNDA:0,(anonymous_3)
FNDA:0,(anonymous_4)
FNDA:0,(anonymous_5)
FNDA:0,(anonymous_6)
FNDA:0,(anonymous_7)
FNDA:0,(anonymous_8)
FNDA:0,(anonymous_9)
FNDA:0,(anonymous_10)
FNDA:0,(anonymous_11)
FNDA:0,(anonymous_12)
FNDA:0,(anonymous_13)
FNDA:0,(anonymous_14)
FNDA:0,(anonymous_15)
FNDA:0,(anonymous_16)
FNDA:0,(anonymous_17)
FNDA:0,(anonymous_18)
FNDA:0,(anonymous_19)
FNDA:0,(anonymous_20)
FNDA:0,(anonymous_21)
FNDA:0,(anonymous_22)
FNDA:0,(anonymous_23)
FNDA:0,(anonymous_24)
FNDA:0,(anonymous_25)
FNDA:0,(anonymous_26)
FNDA:0,(anonymous_27)
FNDA:0,(anonymous_28)
FNDA:0,(anonymous_29)
FNDA:0,(anonymous_30)
FNDA:0,(anonymous_31)
FNDA:0,(anonymous_32)
FNDA:0,(anonymous_33)
FNDA:0,(anonymous_34)
FNDA:0,(anonymous_35)
FNDA:0,(anonymous_36)
FNDA:0,(anonymous_37)
FNDA:0,(anonymous_38)
FNDA:0,(anonymous_39)
FNDA:0,(anonymous_40)
FNDA:0,(anonymous_41)
FNDA:0,(anonymous_42)
FNDA:0,(anonymous_43)
FNDA:0,(anonymous_44)
FNDA:0,(anonymous_45)
FNDA:0,(anonymous_46)
FNDA:0,(anonymous_47)
FNDA:0,(anonymous_48)
FNDA:0,(anonymous_49)
FNDA:0,(anonymous_50)
FNDA:0,(anonymous_51)
FNDA:0,(anonymous_52)
FNDA:0,(anonymous_53)
FNDA:0,(anonymous_54)
FNDA:0,(anonymous_55)
FNDA:0,(anonymous_56)
FNDA:0,(anonymous_57)
DA:3,0
DA:4,0
DA:5,0
DA:6,0
DA:7,0
DA:8,0
DA:9,0
DA:10,0
DA:11,0
DA:12,0
DA:13,0
DA:14,0
DA:15,0
DA:16,0
DA:17,0
DA:18,0
DA:72,0
DA:104,0
DA:114,0
DA:123,0
DA:124,0
DA:125,0
DA:126,0
DA:127,0
DA:129,0
DA:131,0
DA:132,0
DA:133,0
DA:134,0
DA:137,0
DA:138,0
DA:139,0
DA:140,0
DA:142,0
DA:156,0
DA:157,0
DA:159,0
DA:161,0
DA:164,0
DA:167,0
DA:168,0
DA:181,0
DA:182,0
DA:185,0
DA:190,0
DA:196,0
DA:200,0
DA:201,0
DA:204,0
DA:209,0
DA:217,0
DA:274,0
DA:282,0
DA:306,0
DA:318,0
DA:327,0
DA:348,0
DA:355,0
DA:370,0
DA:385,0
DA:423,0
DA:436,0
DA:451,0
DA:478,0
DA:488,0
DA:499,0
DA:509,0
DA:517,0
DA:539,0
DA:542,0
DA:569,0
DA:580,0
DA:591,0
DA:614,0
DA:625,0
DA:636,0
LF:76
LH:0
BRDA:132,0,0,0
BRDA:132,0,1,0
BRDA:138,1,0,0
BRDA:138,1,1,0
BRDA:140,2,0,0
BRDA:140,2,1,0
BRDA:144,3,0,0
BRDA:144,3,1,0
BRDA:145,4,0,0
BRDA:145,4,1,0
BRDA:146,5,0,0
BRDA:146,5,1,0
BRDA:147,6,0,0
BRDA:147,6,1,0
BRDA:148,7,0,0
BRDA:148,7,1,0
BRDA:149,8,0,0
BRDA:149,8,1,0
BRDA:150,9,0,0
BRDA:150,9,1,0
BRDA:167,10,0,0
BRDA:167,10,1,0
BRDA:203,11,0,0
BRDA:203,11,1,0
BRDA:209,12,0,0
BRDA:209,12,1,0
BRDA:209,13,0,0
BRDA:209,13,1,0
BRDA:238,14,0,0
BRDA:364,15,0,0
BRDA:397,16,0,0
BRDA:427,17,0,0
BRDA:442,18,0,0
BRF:33
BRH:0
end_of_record
TN:
SF:app\dashboard-tienda\pedidos\loading.tsx
FN:1,Loading
FNF:1
FNH:0
FNDA:0,Loading
DA:1,0
DA:2,0
LF:2
LH:0
BRF:0
BRH:0
end_of_record
TN:
SF:app\dashboard-tienda\pedidos\page.tsx
FN:66,PedidosTiendaPage
FN:70,(anonymous_3)
FN:79,(anonymous_4)
FN:96,(anonymous_5)
FN:109,(anonymous_6)
FN:110,(anonymous_7)
FN:191,(anonymous_8)
FN:221,(anonymous_9)
FN:249,(anonymous_10)
FNF:9
FNH:0
FNDA:0,PedidosTiendaPage
FNDA:0,(anonymous_3)
FNDA:0,(anonymous_4)
FNDA:0,(anonymous_5)
FNDA:0,(anonymous_6)
FNDA:0,(anonymous_7)
FNDA:0,(anonymous_8)
FNDA:0,(anonymous_9)
FNDA:0,(anonymous_10)
DA:3,0
DA:4,0
DA:5,0
DA:6,0
DA:7,0
DA:8,0
DA:9,0
DA:10,0
DA:11,0
DA:12,0
DA:15,0
DA:66,0
DA:67,0
DA:68,0
DA:70,0
DA:72,0
DA:74,0
DA:76,0
DA:79,0
DA:80,0
DA:96,0
DA:97,0
DA:109,0
DA:110,0
DA:191,0
DA:222,0
DA:250,0
LF:27
LH:0
BRDA:72,0,0,0
BRDA:72,0,1,0
BRDA:74,1,0,0
BRDA:74,1,1,0
BRDA:76,2,0,0
BRDA:76,2,1,0
BRDA:264,3,0,0
BRDA:266,4,0,0
BRDA:273,5,0,0
BRF:9
BRH:0
end_of_record
TN:
SF:app\dashboard-tienda\productos\loading.tsx
FN:1,Loading
FNF:1
FNH:0
FNDA:0,Loading
DA:1,0
DA:2,0
LF:2
LH:0
BRF:0
BRH:0
end_of_record
TN:
SF:app\dashboard-tienda\productos\page.tsx
FN:15,ProductosTiendaPage
FN:20,(anonymous_3)
FN:23,(anonymous_4)
FN:28,(anonymous_5)
FN:41,(anonymous_6)
FN:48,(anonymous_7)
FN:62,(anonymous_8)
FN:68,(anonymous_9)
FN:72,(anonymous_10)
FN:73,(anonymous_11)
FN:134,(anonymous_12)
FN:146,(anonymous_13)
FN:158,(anonymous_14)
FN:172,(anonymous_15)
FN:186,(anonymous_16)
FN:209,(anonymous_17)
FN:217,(anonymous_18)
FNF:17
FNH:0
FNDA:0,ProductosTiendaPage
FNDA:0,(anonymous_3)
FNDA:0,(anonymous_4)
FNDA:0,(anonymous_5)
FNDA:0,(anonymous_6)
FNDA:0,(anonymous_7)
FNDA:0,(anonymous_8)
FNDA:0,(anonymous_9)
FNDA:0,(anonymous_10)
FNDA:0,(anonymous_11)
FNDA:0,(anonymous_12)
FNDA:0,(anonymous_13)
FNDA:0,(anonymous_14)
FNDA:0,(anonymous_15)
FNDA:0,(anonymous_16)
FNDA:0,(anonymous_17)
FNDA:0,(anonymous_18)
DA:3,0
DA:4,0
DA:5,0
DA:6,0
DA:7,0
DA:8,0
DA:9,0
DA:10,0
DA:11,0
DA:12,0
DA:13,0
DA:15,0
DA:16,0
DA:17,0
DA:20,0
DA:22,0
DA:24,0
DA:28,0
DA:29,0
DA:41,0
DA:42,0
DA:43,0
DA:44,0
DA:45,0
DA:48,0
DA:49,0
DA:50,0
DA:62,0
DA:63,0
DA:64,0
DA:65,0
DA:68,0
DA:69,0
DA:72,0
DA:73,0
DA:74,0
DA:75,0
DA:77,0
DA:78,0
DA:80,0
DA:83,0
DA:134,0
DA:146,0
DA:158,0
DA:172,0
DA:187,0
DA:188,0
DA:190,0
DA:209,0
DA:217,0
LF:50
LH:0
BRDA:24,0,0,0
BRDA:24,0,1,0
BRDA:42,1,0,0
BRDA:42,1,1,0
BRDA:43,2,0,0
BRDA:43,2,1,0
BRDA:44,3,0,0
BRDA:44,3,1,0
BRDA:63,4,0,0
BRDA:63,4,1,0
BRDA:63,5,0,0
BRDA:63,5,1,0
BRDA:64,6,0,0
BRDA:64,6,1,0
BRDA:65,7,0,0
BRDA:65,7,1,0
BRDA:69,8,0,0
BRDA:69,8,1,0
BRDA:69,9,0,0
BRDA:69,9,1,0
BRDA:74,10,0,0
BRDA:74,10,1,0
BRDA:77,11,0,0
BRDA:77,11,1,0
BRDA:134,12,0,0
BRDA:134,12,1,0
BRDA:146,13,0,0
BRDA:146,13,1,0
BRDA:146,13,2,0
BRDA:158,14,0,0
BRDA:158,14,1,0
BRDA:196,15,0,0
BRDA:196,15,1,0
BRDA:203,16,0,0
BRDA:224,17,0,0
BRDA:224,17,1,0
BRDA:237,18,0,0
BRDA:249,19,0,0
BRDA:258,20,0,0
BRDA:258,20,1,0
BRDA:298,21,0,0
BRF:41
BRH:0
end_of_record
TN:
SF:app\login\page.tsx
FN:17,LoginPage
FN:35,(anonymous_3)
FN:58,(anonymous_4)
FN:60,(anonymous_5)
FN:119,(anonymous_6)
FN:133,(anonymous_7)
FN:133,(anonymous_8)
FNF:7
FNH:0
FNDA:0,LoginPage
FNDA:0,(anonymous_3)
FNDA:0,(anonymous_4)
FNDA:0,(anonymous_5)
FNDA:0,(anonymous_6)
FNDA:0,(anonymous_7)
FNDA:0,(anonymous_8)
DA:5,0
DA:6,0
DA:7,0
DA:8,0
DA:9,0
DA:10,0
DA:11,0
DA:12,0
DA:13,0
DA:14,0
DA:15,0
DA:17,0
DA:18,0
DA:19,0
DA:24,0
DA:26,0
DA:27,0
DA:30,0
DA:31,0
DA:32,0
DA:35,0
DA:36,0
DA:37,0
DA:39,0
DA:40,0
DA:45,0
DA:46,0
DA:47,0
DA:49,0
DA:52,0
DA:54,0
DA:58,0
DA:59,0
DA:60,0
DA:119,0
DA:133,0
LF:36
LH:0
BRDA:30,0,0,0
BRDA:30,0,1,0
BRDA:45,1,0,0
BRDA:45,1,1,0
BRDA:46,2,0,0
BRDA:46,2,1,0
BRDA:49,3,0,0
BRDA:49,3,1,0
BRDA:62,4,0,0
BRDA:62,4,1,0
BRDA:110,5,0,0
BRDA:110,5,1,0
BRDA:122,6,0,0
BRDA:153,7,0,0
BRF:14
BRH:0
end_of_record
TN:
SF:app\onboarding\page.tsx
FN:20,(anonymous_5)
FN:20,(anonymous_6)
FN:20,(anonymous_7)
FN:33,(anonymous_10)
FN:33,(anonymous_11)
FN:86,OnboardingPage
FN:95,(anonymous_15)
FN:122,(anonymous_16)
FN:123,(anonymous_17)
FN:127,(anonymous_18)
FN:128,(anonymous_19)
FN:134,(anonymous_20)
FN:135,(anonymous_21)
FN:141,(anonymous_22)
FN:142,(anonymous_23)
FN:147,(anonymous_24)
FN:153,(anonymous_25)
FN:167,(anonymous_26)
FN:189,(anonymous_27)
FN:206,(anonymous_28)
FN:232,(anonymous_29)
FN:234,(anonymous_30)
FN:238,(anonymous_31)
FN:239,(anonymous_32)
FN:242,(anonymous_33)
FN:391,(anonymous_34)
FN:418,(anonymous_35)
FN:463,(anonymous_36)
FN:472,(anonymous_37)
FN:482,(anonymous_38)
FN:492,(anonymous_39)
FN:504,(anonymous_40)
FN:513,(anonymous_41)
FN:522,(anonymous_42)
FN:525,(anonymous_43)
FN:557,(anonymous_44)
FN:562,(anonymous_45)
FN:575,(anonymous_46)
FN:587,(anonymous_47)
FN:597,(anonymous_48)
FN:607,(anonymous_49)
FN:618,(anonymous_50)
FN:619,(anonymous_51)
FN:624,(anonymous_52)
FNF:44
FNH:0
FNDA:0,(anonymous_5)
FNDA:0,(anonymous_6)
FNDA:0,(anonymous_7)
FNDA:0,(anonymous_10)
FNDA:0,(anonymous_11)
FNDA:0,OnboardingPage
FNDA:0,(anonymous_15)
FNDA:0,(anonymous_16)
FNDA:0,(anonymous_17)
FNDA:0,(anonymous_18)
FNDA:0,(anonymous_19)
FNDA:0,(anonymous_20)
FNDA:0,(anonymous_21)
FNDA:0,(anonymous_22)
FNDA:0,(anonymous_23)
FNDA:0,(anonymous_24)
FNDA:0,(anonymous_25)
FNDA:0,(anonymous_26)
FNDA:0,(anonymous_27)
FNDA:0,(anonymous_28)
FNDA:0,(anonymous_29)
FNDA:0,(anonymous_30)
FNDA:0,(anonymous_31)
FNDA:0,(anonymous_32)
FNDA:0,(anonymous_33)
FNDA:0,(anonymous_34)
FNDA:0,(anonymous_35)
FNDA:0,(anonymous_36)
FNDA:0,(anonymous_37)
FNDA:0,(anonymous_38)
FNDA:0,(anonymous_39)
FNDA:0,(anonymous_40)
FNDA:0,(anonymous_41)
FNDA:0,(anonymous_42)
FNDA:0,(anonymous_43)
FNDA:0,(anonymous_44)
FNDA:0,(anonymous_45)
FNDA:0,(anonymous_46)
FNDA:0,(anonymous_47)
FNDA:0,(anonymous_48)
FNDA:0,(anonymous_49)
FNDA:0,(anonymous_50)
FNDA:0,(anonymous_51)
FNDA:0,(anonymous_52)
DA:3,0
DA:4,0
DA:5,0
DA:6,0
DA:7,0
DA:8,0
DA:9,0
DA:10,0
DA:11,0
DA:12,0
DA:13,0
DA:14,0
DA:15,0
DA:16,0
DA:17,0
DA:20,0
DA:33,0
DA:64,0
DA:75,0
DA:86,0
DA:87,0
DA:88,0
DA:89,0
DA:90,0
DA:91,0
DA:92,0
DA:95,0
DA:96,0
DA:97,0
DA:101,0
DA:122,0
DA:123,0
DA:124,0
DA:127,0
DA:128,0
DA:134,0
DA:135,0
DA:141,0
DA:142,0
DA:147,0
DA:153,0
DA:154,0
DA:156,0
DA:157,0
DA:162,0
DA:163,0
DA:164,0
DA:167,0
DA:177,0
DA:178,0
DA:179,0
DA:180,0
DA:182,0
DA:183,0
DA:184,0
DA:186,0
DA:189,0
DA:190,0
DA:191,0
DA:192,0
DA:193,0
DA:194,0
DA:195,0
DA:197,0
DA:202,0
DA:206,0
DA:207,0
DA:209,0
DA:211,0
DA:212,0
DA:214,0
DA:217,0
DA:218,0
DA:220,0
DA:228,0
DA:232,0
DA:233,0
DA:234,0
DA:238,0
DA:239,0
DA:242,0
DA:243,0
DA:245,0
DA:246,0
DA:247,0
DA:250,0
DA:252,0
DA:262,0
DA:264,0
DA:265,0
DA:269,0
DA:282,0
DA:284,0
DA:285,0
DA:289,0
DA:298,0
DA:300,0
DA:301,0
DA:306,0
DA:309,0
DA:311,0
DA:319,0
DA:321,0
DA:322,0
DA:328,0
DA:332,0
DA:335,0
DA:347,0
DA:348,0
DA:391,0
DA:418,0
DA:463,0
DA:472,0
DA:482,0
DA:492,0
DA:504,0
DA:513,0
DA:522,0
DA:526,0
DA:558,0
DA:562,0
DA:575,0
DA:587,0
DA:597,0
DA:607,0
DA:619,0
DA:625,0
DA:626,0
LF:128
LH:0
BRDA:96,0,0,0
BRDA:96,0,1,0
BRDA:96,1,0,0
BRDA:96,1,1,0
BRDA:146,2,0,0
BRDA:146,2,1,0
BRDA:156,3,0,0
BRDA:156,3,1,0
BRDA:156,4,0,0
BRDA:156,4,1,0
BRDA:171,5,0,0
BRDA:171,5,1,0
BRDA:177,6,0,0
BRDA:177,6,1,0
BRDA:182,7,0,0
BRDA:182,7,1,0
BRDA:182,8,0,0
BRDA:182,8,1,0
BRDA:191,9,0,0
BRDA:191,9,1,0
BRDA:193,10,0,0
BRDA:193,10,1,0
BRDA:193,11,0,0
BRDA:193,11,1,0
BRDA:207,12,0,0
BRDA:207,12,1,0
BRDA:207,12,2,0
BRDA:207,12,3,0
BRDA:211,13,0,0
BRDA:211,13,1,0
BRDA:212,14,0,0
BRDA:212,14,1,0
BRDA:212,14,2,0
BRDA:214,15,0,0
BRDA:214,15,1,0
BRDA:214,15,2,0
BRDA:217,16,0,0
BRDA:217,16,1,0
BRDA:221,17,0,0
BRDA:221,17,1,0
BRDA:221,17,2,0
BRDA:221,17,3,0
BRDA:233,18,0,0
BRDA:233,18,1,0
BRDA:246,19,0,0
BRDA:246,19,1,0
BRDA:250,20,0,0
BRDA:250,20,1,0
BRDA:264,21,0,0
BRDA:264,21,1,0
BRDA:264,22,0,0
BRDA:264,22,1,0
BRDA:265,23,0,0
BRDA:265,23,1,0
BRDA:276,24,0,0
BRDA:276,24,1,0
BRDA:284,25,0,0
BRDA:284,25,1,0
BRDA:285,26,0,0
BRDA:285,26,1,0
BRDA:300,27,0,0
BRDA:300,27,1,0
BRDA:300,28,0,0
BRDA:300,28,1,0
BRDA:313,29,0,0
BRDA:313,29,1,0
BRDA:324,30,0,0
BRDA:324,30,1,0
BRDA:335,31,0,0
BRDA:335,31,1,0
BRDA:347,32,0,0
BRDA:347,32,1,0
BRDA:379,33,0,0
BRDA:390,34,0,0
BRDA:390,34,1,0
BRDA:417,35,0,0
BRDA:417,35,1,0
BRDA:445,36,0,0
BRDA:449,37,0,0
BRDA:449,37,1,0
BRDA:452,38,0,0
BRDA:452,38,1,0
BRDA:457,39,0,0
BRDA:542,40,0,0
BRDA:546,41,0,0
BRDA:546,41,1,0
BRDA:549,42,0,0
BRDA:549,42,1,0
BRDA:556,43,0,0
BRDA:637,44,0,0
BRDA:649,45,0,0
BRDA:655,46,0,0
BRDA:655,46,1,0
BRDA:658,47,0,0
BRDA:658,47,1,0
BRDA:666,48,0,0
BRDA:691,49,0,0
BRDA:705,50,0,0
BRDA:705,50,1,0
BRDA:712,51,0,0
BRF:100
BRH:0
end_of_record
TN:
SF:app\pedidos\[id]\page.tsx
FN:38,PedidoPage
FN:43,(anonymous_3)
FN:67,(anonymous_4)
FN:71,(anonymous_5)
FN:81,(anonymous_6)
FN:82,(anonymous_7)
FN:83,(anonymous_8)
FN:90,(anonymous_9)
FN:135,(anonymous_10)
FN:150,(anonymous_11)
FN:239,(anonymous_12)
FN:269,(anonymous_13)
FNF:12
FNH:0
FNDA:0,PedidoPage
FNDA:0,(anonymous_3)
FNDA:0,(anonymous_4)
FNDA:0,(anonymous_5)
FNDA:0,(anonymous_6)
FNDA:0,(anonymous_7)
FNDA:0,(anonymous_8)
FNDA:0,(anonymous_9)
FNDA:0,(anonymous_10)
FNDA:0,(anonymous_11)
FNDA:0,(anonymous_12)
FNDA:0,(anonymous_13)
DA:3,0
DA:4,0
DA:5,0
DA:6,0
DA:7,0
DA:8,0
DA:9,0
DA:10,0
DA:11,0
DA:12,0
DA:13,0
DA:38,0
DA:39,0
DA:40,0
DA:41,0
DA:43,0
DA:45,0
DA:46,0
DA:47,0
DA:50,0
DA:57,0
DA:58,0
DA:61,0
DA:63,0
DA:67,0
DA:68,0
DA:69,0
DA:71,0
DA:72,0
DA:73,0
DA:74,0
DA:76,0
DA:81,0
DA:82,0
DA:83,0
DA:85,0
DA:86,0
DA:87,0
DA:90,0
DA:91,0
DA:93,0
DA:101,0
DA:109,0
DA:117,0
DA:125,0
DA:135,0
DA:136,0
DA:138,0
DA:140,0
DA:142,0
DA:144,0
DA:146,0
DA:150,0
DA:151,0
DA:153,0
DA:155,0
DA:157,0
DA:159,0
DA:163,0
DA:178,0
DA:179,0
DA:182,0
DA:241,0
DA:242,0
DA:244,0
DA:270,0
DA:271,0
DA:274,0
DA:276,0
LF:69
LH:0
BRDA:46,0,0,0
BRDA:46,0,1,0
BRDA:73,1,0,0
BRDA:73,1,1,0
BRDA:85,2,0,0
BRDA:85,2,1,0
BRDA:86,3,0,0
BRDA:86,3,1,0
BRDA:91,4,0,0
BRDA:91,4,1,0
BRDA:91,4,2,0
BRDA:91,4,3,0
BRDA:91,4,4,0
BRDA:136,5,0,0
BRDA:136,5,1,0
BRDA:136,5,2,0
BRDA:136,5,3,0
BRDA:136,5,4,0
BRDA:151,6,0,0
BRDA:151,6,1,0
BRDA:151,6,2,0
BRDA:151,6,3,0
BRDA:163,7,0,0
BRDA:163,7,1,0
BRDA:182,8,0,0
BRDA:182,8,1,0
BRDA:182,9,0,0
BRDA:182,9,1,0
BRDA:235,10,0,0
BRDA:235,10,1,0
BRDA:237,11,0,0
BRDA:237,11,1,0
BRDA:238,12,0,0
BRDA:238,12,1,0
BRDA:248,13,0,0
BRDA:248,13,1,0
BRDA:252,14,0,0
BRDA:252,14,1,0
BRDA:253,15,0,0
BRDA:271,16,0,0
BRDA:271,16,1,0
BRDA:274,17,0,0
BRDA:274,17,1,0
BRDA:280,18,0,0
BRDA:280,18,1,0
BRDA:299,19,0,0
BRDA:315,20,0,0
BRDA:377,21,0,0
BRDA:379,22,0,0
BRDA:379,22,1,0
BRF:50
BRH:0
end_of_record
TN:
SF:app\perfil\loading.tsx
FN:1,Loading
FNF:1
FNH:0
FNDA:0,Loading
DA:1,0
DA:2,0
LF:2
LH:0
BRF:0
BRH:0
end_of_record
TN:
SF:app\perfil\page.tsx
FN:128,PerfilPage
FN:137,(anonymous_3)
FN:146,(anonymous_4)
FN:152,(anonymous_5)
FN:159,(anonymous_6)
FN:178,(anonymous_7)
FN:248,(anonymous_8)
FN:253,(anonymous_9)
FN:297,(anonymous_10)
FN:320,(anonymous_11)
FN:422,(anonymous_12)
FN:432,(anonymous_13)
FN:483,(anonymous_14)
FN:550,(anonymous_15)
FN:560,(anonymous_16)
FN:623,(anonymous_17)
FN:652,(anonymous_18)
FNF:17
FNH:0
FNDA:0,PerfilPage
FNDA:0,(anonymous_3)
FNDA:0,(anonymous_4)
FNDA:0,(anonymous_5)
FNDA:0,(anonymous_6)
FNDA:0,(anonymous_7)
FNDA:0,(anonymous_8)
FNDA:0,(anonymous_9)
FNDA:0,(anonymous_10)
FNDA:0,(anonymous_11)
FNDA:0,(anonymous_12)
FNDA:0,(anonymous_13)
FNDA:0,(anonymous_14)
FNDA:0,(anonymous_15)
FNDA:0,(anonymous_16)
FNDA:0,(anonymous_17)
FNDA:0,(anonymous_18)
DA:3,0
DA:4,0
DA:5,0
DA:6,0
DA:28,0
DA:29,0
DA:30,0
DA:31,0
DA:32,0
DA:33,0
DA:34,0
DA:35,0
DA:36,0
DA:37,0
DA:38,0
DA:39,0
DA:40,0
DA:41,0
DA:42,0
DA:43,0
DA:44,0
DA:47,0
DA:86,0
DA:105,0
DA:128,0
DA:129,0
DA:130,0
DA:131,0
DA:132,0
DA:133,0
DA:134,0
DA:135,0
DA:137,0
DA:138,0
DA:139,0
DA:140,0
DA:142,0
DA:146,0
DA:147,0
DA:148,0
DA:152,0
DA:153,0
DA:155,0
DA:159,0
DA:160,0
DA:178,0
DA:180,0
DA:182,0
DA:183,0
DA:186,0
DA:187,0
DA:189,0
DA:199,0
DA:249,0
DA:250,0
DA:254,0
DA:255,0
DA:257,0
DA:297,0
DA:321,0
DA:422,0
DA:433,0
DA:484,0
DA:550,0
DA:561,0
DA:624,0
DA:653,0
LF:67
LH:0
BRDA:147,0,0,0
BRDA:147,0,1,0
BRDA:147,1,0,0
BRDA:147,1,1,0
BRDA:153,2,0,0
BRDA:153,2,1,0
BRDA:153,3,0,0
BRDA:153,3,1,0
BRDA:180,4,0,0
BRDA:180,4,1,0
BRDA:182,5,0,0
BRDA:182,5,1,0
BRDA:183,6,0,0
BRDA:183,6,1,0
BRDA:199,7,0,0
BRDA:199,7,1,0
BRDA:199,8,0,0
BRDA:199,8,1,0
BRDA:241,9,0,0
BRDA:241,9,1,0
BRDA:254,10,0,0
BRDA:254,10,1,0
BRDA:261,11,0,0
BRDA:261,11,1,0
BRDA:263,12,0,0
BRDA:263,12,1,0
BRDA:281,13,0,0
BRDA:326,14,0,0
BRDA:326,14,1,0
BRDA:369,15,0,0
BRDA:381,16,0,0
BRDA:443,17,0,0
BRDA:490,18,0,0
BRDA:490,18,1,0
BRDA:492,19,0,0
BRDA:492,19,1,0
BRDA:503,20,0,0
BRDA:567,21,0,0
BRDA:582,22,0,0
BRDA:608,23,0,0
BRDA:628,24,0,0
BRDA:628,24,1,0
BRDA:658,25,0,0
BRDA:658,25,1,0
BRDA:712,26,0,0
BRDA:743,27,0,0
BRDA:751,28,0,0
BRDA:751,28,1,0
BRDA:752,29,0,0
BRDA:752,29,1,0
BRDA:961,30,0,0
BRF:51
BRH:0
end_of_record
TN:
SF:app\perfil\pedidos\[id]\page.tsx
FN:60,PedidoDetallesPage
FN:69,(anonymous_3)
FN:99,(anonymous_4)
FN:103,(anonymous_5)
FN:113,(anonymous_6)
FN:114,(anonymous_7)
FN:115,(anonymous_8)
FN:122,(anonymous_9)
FN:167,(anonymous_10)
FN:182,(anonymous_11)
FN:195,(anonymous_12)
FN:198,(anonymous_13)
FN:212,(anonymous_14)
FN:219,(anonymous_15)
FN:317,(anonymous_16)
FN:385,(anonymous_17)
FN:460,(anonymous_18)
FN:469,(anonymous_19)
FN:470,(anonymous_20)
FN:486,(anonymous_21)
FN:497,(anonymous_22)
FNF:21
FNH:0
FNDA:0,PedidoDetallesPage
FNDA:0,(anonymous_3)
FNDA:0,(anonymous_4)
FNDA:0,(anonymous_5)
FNDA:0,(anonymous_6)
FNDA:0,(anonymous_7)
FNDA:0,(anonymous_8)
FNDA:0,(anonymous_9)
FNDA:0,(anonymous_10)
FNDA:0,(anonymous_11)
FNDA:0,(anonymous_12)
FNDA:0,(anonymous_13)
FNDA:0,(anonymous_14)
FNDA:0,(anonymous_15)
FNDA:0,(anonymous_16)
FNDA:0,(anonymous_17)
FNDA:0,(anonymous_18)
FNDA:0,(anonymous_19)
FNDA:0,(anonymous_20)
FNDA:0,(anonymous_21)
FNDA:0,(anonymous_22)
DA:3,0
DA:4,0
DA:5,0
DA:6,0
DA:20,0
DA:21,0
DA:22,0
DA:23,0
DA:24,0
DA:25,0
DA:26,0
DA:27,0
DA:28,0
DA:29,0
DA:60,0
DA:61,0
DA:62,0
DA:63,0
DA:64,0
DA:65,0
DA:66,0
DA:67,0
DA:69,0
DA:71,0
DA:72,0
DA:73,0
DA:76,0
DA:89,0
DA:90,0
DA:93,0
DA:95,0
DA:99,0
DA:100,0
DA:101,0
DA:103,0
DA:104,0
DA:105,0
DA:106,0
DA:108,0
DA:113,0
DA:114,0
DA:115,0
DA:117,0
DA:118,0
DA:119,0
DA:122,0
DA:123,0
DA:125,0
DA:133,0
DA:141,0
DA:149,0
DA:157,0
DA:167,0
DA:168,0
DA:170,0
DA:172,0
DA:174,0
DA:176,0
DA:178,0
DA:182,0
DA:183,0
DA:185,0
DA:187,0
DA:189,0
DA:191,0
DA:195,0
DA:196,0
DA:198,0
DA:199,0
DA:200,0
DA:201,0
DA:206,0
DA:212,0
DA:213,0
DA:219,0
DA:220,0
DA:221,0
DA:226,0
DA:229,0
DA:234,0
DA:235,0
DA:236,0
DA:239,0
DA:254,0
DA:255,0
DA:258,0
DA:319,0
DA:320,0
DA:322,0
DA:386,0
DA:387,0
DA:390,0
DA:392,0
DA:460,0
DA:470,0
DA:486,0
DA:497,0
LF:97
LH:0
BRDA:72,0,0,0
BRDA:72,0,1,0
BRDA:105,1,0,0
BRDA:105,1,1,0
BRDA:117,2,0,0
BRDA:117,2,1,0
BRDA:118,3,0,0
BRDA:118,3,1,0
BRDA:123,4,0,0
BRDA:123,4,1,0
BRDA:123,4,2,0
BRDA:123,4,3,0
BRDA:123,4,4,0
BRDA:168,5,0,0
BRDA:168,5,1,0
BRDA:168,5,2,0
BRDA:168,5,3,0
BRDA:168,5,4,0
BRDA:183,6,0,0
BRDA:183,6,1,0
BRDA:183,6,2,0
BRDA:183,6,3,0
BRDA:196,7,0,0
BRDA:196,7,1,0
BRDA:199,8,0,0
BRDA:199,8,1,0
BRDA:220,9,0,0
BRDA:220,9,1,0
BRDA:239,10,0,0
BRDA:239,10,1,0
BRDA:258,11,0,0
BRDA:258,11,1,0
BRDA:258,12,0,0
BRDA:258,12,1,0
BRDA:313,13,0,0
BRDA:313,13,1,0
BRDA:315,14,0,0
BRDA:315,14,1,0
BRDA:316,15,0,0
BRDA:316,15,1,0
BRDA:326,16,0,0
BRDA:326,16,1,0
BRDA:330,17,0,0
BRDA:330,17,1,0
BRDA:333,18,0,0
BRDA:387,19,0,0
BRDA:387,19,1,0
BRDA:390,20,0,0
BRDA:390,20,1,0
BRDA:396,21,0,0
BRDA:396,21,1,0
BRDA:412,22,0,0
BRDA:428,23,0,0
BRDA:444,24,0,0
BRDA:453,25,0,0
BRDA:460,26,0,0
BRDA:473,27,0,0
BRDA:473,27,1,0
BRDA:563,28,0,0
BRDA:565,29,0,0
BRDA:565,29,1,0
BRF:61
BRH:0
end_of_record
TN:
SF:app\productos\[id]\page.tsx
FN:35,ProductoPage
FN:42,(anonymous_3)
FN:44,(anonymous_4)
FN:69,(anonymous_5)
FN:71,(anonymous_6)
FN:73,(anonymous_7)
FN:77,(anonymous_8)
FN:81,(anonymous_9)
FN:100,(anonymous_10)
FN:179,(anonymous_11)
FN:187,(anonymous_12)
FN:221,(anonymous_13)
FN:224,(anonymous_14)
FN:257,(anonymous_15)
FN:324,(anonymous_16)
FN:333,(anonymous_17)
FN:379,(anonymous_18)
FNF:17
FNH:0
FNDA:0,ProductoPage
FNDA:0,(anonymous_3)
FNDA:0,(anonymous_4)
FNDA:0,(anonymous_5)
FNDA:0,(anonymous_6)
FNDA:0,(anonymous_7)
FNDA:0,(anonymous_8)
FNDA:0,(anonymous_9)
FNDA:0,(anonymous_10)
FNDA:0,(anonymous_11)
FNDA:0,(anonymous_12)
FNDA:0,(anonymous_13)
FNDA:0,(anonymous_14)
FNDA:0,(anonymous_15)
FNDA:0,(anonymous_16)
FNDA:0,(anonymous_17)
FNDA:0,(anonymous_18)
DA:3,0
DA:4,0
DA:5,0
DA:6,0
DA:19,0
DA:20,0
DA:21,0
DA:22,0
DA:23,0
DA:24,0
DA:25,0
DA:26,0
DA:27,0
DA:28,0
DA:29,0
DA:30,0
DA:31,0
DA:32,0
DA:33,0
DA:35,0
DA:36,0
DA:37,0
DA:38,0
DA:39,0
DA:40,0
DA:42,0
DA:43,0
DA:44,0
DA:45,0
DA:48,0
DA:66,0
DA:67,0
DA:69,0
DA:70,0
DA:71,0
DA:73,0
DA:77,0
DA:78,0
DA:81,0
DA:82,0
DA:83,0
DA:84,0
DA:85,0
DA:90,0
DA:98,0
DA:100,0
DA:101,0
DA:103,0
DA:110,0
DA:117,0
DA:124,0
DA:133,0
DA:134,0
DA:179,0
DA:187,0
DA:222,0
DA:224,0
DA:258,0
DA:324,0
DA:333,0
DA:380,0
LF:61
LH:0
BRDA:48,0,0,0
BRDA:48,0,1,0
BRDA:66,1,0,0
BRDA:66,1,1,0
BRDA:66,2,0,0
BRDA:66,2,1,0
BRDA:70,3,0,0
BRDA:70,3,1,0
BRDA:98,4,0,0
BRDA:98,4,1,0
BRDA:101,5,0,0
BRDA:101,5,1,0
BRDA:101,5,2,0
BRDA:101,5,3,0
BRDA:165,6,0,0
BRDA:165,6,1,0
BRDA:173,7,0,0
BRDA:201,8,0,0
BRDA:202,9,0,0
BRDA:202,9,1,0
BRDA:219,10,0,0
BRDA:226,11,0,0
BRDA:226,11,1,0
BRDA:232,12,0,0
BRDA:232,12,1,0
BRDA:261,13,0,0
BRDA:261,13,1,0
BRDA:274,14,0,0
BRDA:297,15,0,0
BRDA:297,15,1,0
BRDA:297,16,0,0
BRDA:297,16,1,0
BRDA:300,17,0,0
BRDA:300,17,1,0
BRDA:302,18,0,0
BRDA:302,18,1,0
BRDA:317,19,0,0
BRDA:317,19,1,0
BRDA:347,20,0,0
BRDA:347,20,1,0
BRDA:350,21,0,0
BRDA:350,21,1,0
BRDA:375,22,0,0
BRDA:375,22,1,0
BRDA:409,23,0,0
BRDA:441,24,0,0
BRDA:441,24,1,0
BRDA:450,25,0,0
BRDA:450,25,1,0
BRF:49
BRH:0
end_of_record
TN:
SF:app\registro\page.tsx
FN:17,RegisterPage
FN:40,(anonymous_3)
FN:70,(anonymous_4)
FN:84,(anonymous_5)
FN:86,(anonymous_6)
FN:203,(anonymous_7)
FN:229,(anonymous_8)
FN:242,(anonymous_9)
FN:242,(anonymous_10)
FNF:9
FNH:0
FNDA:0,RegisterPage
FNDA:0,(anonymous_3)
FNDA:0,(anonymous_4)
FNDA:0,(anonymous_5)
FNDA:0,(anonymous_6)
FNDA:0,(anonymous_7)
FNDA:0,(anonymous_8)
FNDA:0,(anonymous_9)
FNDA:0,(anonymous_10)
DA:5,0
DA:6,0
DA:7,0
DA:8,0
DA:9,0
DA:10,0
DA:11,0
DA:12,0
DA:13,0
DA:14,0
DA:15,0
DA:17,0
DA:18,0
DA:19,0
DA:20,0
DA:29,0
DA:31,0
DA:32,0
DA:35,0
DA:36,0
DA:37,0
DA:40,0
DA:41,0
DA:43,0
DA:44,0
DA:45,0
DA:47,0
DA:48,0
DA:49,0
DA:52,0
DA:54,0
DA:55,0
DA:64,0
DA:65,0
DA:66,0
DA:68,0
DA:70,0
DA:71,0
DA:74,0
DA:78,0
DA:80,0
DA:84,0
DA:85,0
DA:86,0
DA:203,0
DA:229,0
DA:242,0
LF:47
LH:0
BRDA:35,0,0,0
BRDA:35,0,1,0
BRDA:43,1,0,0
BRDA:43,1,1,0
BRDA:47,2,0,0
BRDA:47,2,1,0
BRDA:61,3,0,0
BRDA:61,3,1,0
BRDA:64,4,0,0
BRDA:64,4,1,0
BRDA:65,5,0,0
BRDA:65,5,1,0
BRDA:68,6,0,0
BRDA:68,6,1,0
BRDA:74,7,0,0
BRDA:74,7,1,0
BRDA:88,8,0,0
BRDA:88,8,1,0
BRDA:194,9,0,0
BRDA:194,9,1,0
BRDA:206,10,0,0
BRDA:220,11,0,0
BRDA:220,11,1,0
BRDA:232,12,0,0
BRDA:263,13,0,0
BRF:25
BRH:0
end_of_record
TN:
SF:app\subir-producto\page.tsx
FN:7,SubirProductoPage
FN:24,FormSkeleton
FN:29,(anonymous_4)
FNF:3
FNH:0
FNDA:0,SubirProductoPage
FNDA:0,FormSkeleton
FNDA:0,(anonymous_4)
DA:1,0
DA:2,0
DA:3,0
DA:4,0
DA:5,0
DA:7,0
DA:30,0
LF:7
LH:0
BRF:0
BRH:0
end_of_record
TN:
SF:app\test-auth\page.tsx
FN:8,TestAuthPage
FN:14,(anonymous_2)
FN:58,(anonymous_3)
FN:89,(anonymous_4)
FN:99,(anonymous_5)
FNF:5
FNH:0
FNDA:0,TestAuthPage
FNDA:0,(anonymous_2)
FNDA:0,(anonymous_3)
FNDA:0,(anonymous_4)
FNDA:0,(anonymous_5)
DA:3,0
DA:4,0
DA:5,0
DA:6,0
DA:8,0
DA:9,0
DA:10,0
DA:11,0
DA:12,0
DA:14,0
DA:15,0
DA:16,0
DA:18,0
DA:19,0
DA:21,0
DA:33,0
DA:34,0
DA:36,0
DA:43,0
DA:44,0
DA:46,0
DA:55,0
DA:56,0
DA:58,0
DA:65,0
DA:66,0
DA:72,0
DA:89,0
DA:99,0
LF:29
LH:0
BRDA:43,0,0,0
BRDA:43,0,1,0
BRDA:43,1,0,0
BRDA:43,1,1,0
BRDA:109,2,0,0
BRDA:109,2,1,0
BRDA:112,3,0,0
BRF:7
BRH:0
end_of_record
TN:
SF:app\tiendas\page.tsx
FN:7,TiendasPage
FN:29,StoreListSkeleton
FN:34,(anonymous_4)
FNF:3
FNH:0
FNDA:0,TiendasPage
FNDA:0,StoreListSkeleton
FNDA:0,(anonymous_4)
DA:1,0
DA:2,0
DA:3,0
DA:4,0
DA:5,0
DA:7,0
DA:35,0
LF:7
LH:0
BRF:0
BRH:0
end_of_record
TN:
SF:app\tiendas\[id]\page.tsx
FN:20,TiendaPage
FN:22,(anonymous_3)
FN:32,(anonymous_4)
FN:85,(anonymous_5)
FN:102,(anonymous_6)
FN:187,(anonymous_7)
FNF:6
FNH:0
FNDA:0,TiendaPage
FNDA:0,(anonymous_3)
FNDA:0,(anonymous_4)
FNDA:0,(anonymous_5)
FNDA:0,(anonymous_6)
FNDA:0,(anonymous_7)
DA:3,0
DA:4,0
DA:5,0
DA:6,0
DA:7,0
DA:8,0
DA:9,0
DA:10,0
DA:11,0
DA:12,0
DA:13,0
DA:14,0
DA:15,0
DA:16,0
DA:17,0
DA:18,0
DA:20,0
DA:21,0
DA:22,0
DA:25,0
DA:27,0
DA:28,0
DA:32,0
DA:86,0
DA:103,0
DA:188,0
LF:26
LH:0
BRDA:25,0,0,0
BRDA:25,0,1,0
BRDA:27,1,0,0
BRDA:27,1,1,0
BRDA:51,2,0,0
BRDA:51,2,1,0
BRDA:60,3,0,0
BRDA:60,3,1,0
BRDA:101,4,0,0
BRDA:110,5,0,0
BRDA:110,5,1,0
BRDA:115,6,0,0
BRDA:126,7,0,0
BRF:13
BRH:0
end_of_record
TN:
SF:components\ProtectedRoute.tsx
FN:12,ProtectedRoute
FN:19,(anonymous_2)
FNF:2
FNH:0
FNDA:0,ProtectedRoute
FNDA:0,(anonymous_2)
DA:3,0
DA:4,0
DA:5,0
DA:12,0
DA:16,0
DA:17,0
DA:19,0
DA:20,0
DA:22,0
DA:23,0
DA:24,0
DA:28,0
DA:29,0
DA:30,0
DA:36,0
DA:48,0
DA:49,0
LF:17
LH:0
BRDA:14,0,0,0
BRDA:20,1,0,0
BRDA:20,1,1,0
BRDA:22,2,0,0
BRDA:22,2,1,0
BRDA:28,3,0,0
BRDA:28,3,1,0
BRDA:28,4,0,0
BRDA:28,4,1,0
BRDA:36,5,0,0
BRDA:36,5,1,0
BRDA:48,6,0,0
BRDA:48,6,1,0
BRDA:48,7,0,0
BRDA:48,7,1,0
BRDA:48,7,2,0
BRF:16
BRH:0
end_of_record
TN:
SF:components\address-autocomplete.tsx
FN:25,(anonymous_1)
FN:46,(anonymous_2)
FN:47,(anonymous_3)
FN:74,(anonymous_4)
FN:89,(anonymous_5)
FN:94,(anonymous_6)
FN:115,(anonymous_7)
FN:123,(anonymous_8)
FN:134,(anonymous_9)
FN:147,(anonymous_10)
FN:162,(anonymous_11)
FN:163,(anonymous_12)
FN:175,(anonymous_13)
FN:181,(anonymous_14)
FN:182,(anonymous_15)
FN:216,(anonymous_16)
FN:219,(anonymous_17)
FNF:17
FNH:0
FNDA:0,(anonymous_1)
FNDA:0,(anonymous_2)
FNDA:0,(anonymous_3)
FNDA:0,(anonymous_4)
FNDA:0,(anonymous_5)
FNDA:0,(anonymous_6)
FNDA:0,(anonymous_7)
FNDA:0,(anonymous_8)
FNDA:0,(anonymous_9)
FNDA:0,(anonymous_10)
FNDA:0,(anonymous_11)
FNDA:0,(anonymous_12)
FNDA:0,(anonymous_13)
FNDA:0,(anonymous_14)
FNDA:0,(anonymous_15)
FNDA:0,(anonymous_16)
FNDA:0,(anonymous_17)
DA:3,0
DA:4,0
DA:5,0
DA:6,0
DA:7,0
DA:8,0
DA:25,0
DA:34,0
DA:35,0
DA:36,0
DA:37,0
DA:39,0
DA:40,0
DA:41,0
DA:42,0
DA:43,0
DA:46,0
DA:47,0
DA:48,0
DA:49,0
DA:51,0
DA:52,0
DA:55,0
DA:56,0
DA:58,0
DA:61,0
DA:62,0
DA:70,0
DA:74,0
DA:75,0
DA:76,0
DA:77,0
DA:80,0
DA:82,0
DA:83,0
DA:89,0
DA:90,0
DA:91,0
DA:93,0
DA:94,0
DA:98,0
DA:99,0
DA:100,0
DA:102,0
DA:103,0
DA:104,0
DA:108,0
DA:109,0
DA:110,0
DA:115,0
DA:116,0
DA:117,0
DA:119,0
DA:120,0
DA:123,0
DA:124,0
DA:125,0
DA:126,0
DA:128,0
DA:134,0
DA:135,0
DA:136,0
DA:137,0
DA:138,0
DA:140,0
DA:141,0
DA:142,0
DA:147,0
DA:148,0
DA:149,0
DA:150,0
DA:151,0
DA:153,0
DA:157,0
DA:162,0
DA:163,0
DA:164,0
DA:165,0
DA:166,0
DA:168,0
DA:169,0
DA:170,0
DA:174,0
DA:175,0
DA:176,0
DA:181,0
DA:182,0
DA:183,0
DA:184,0
DA:217,0
DA:220,0
DA:221,0
DA:222,0
DA:223,0
DA:224,0
DA:244,0
DA:246,0
LF:97
LH:0
BRDA:29,0,0,0
BRDA:51,1,0,0
BRDA:51,1,1,0
BRDA:51,2,0,0
BRDA:51,2,1,0
BRDA:51,2,2,0
BRDA:75,3,0,0
BRDA:75,3,1,0
BRDA:75,4,0,0
BRDA:75,4,1,0
BRDA:75,4,2,0
BRDA:90,5,0,0
BRDA:90,5,1,0
BRDA:93,6,0,0
BRDA:93,6,1,0
BRDA:93,7,0,0
BRDA:93,7,1,0
BRDA:119,8,0,0
BRDA:119,8,1,0
BRDA:124,9,0,0
BRDA:124,9,1,0
BRDA:140,10,0,0
BRDA:140,10,1,0
BRDA:140,11,0,0
BRDA:140,11,1,0
BRDA:149,12,0,0
BRDA:149,12,1,0
BRDA:149,13,0,0
BRDA:149,13,1,0
BRDA:165,14,0,0
BRDA:165,14,1,0
BRDA:166,15,0,0
BRDA:166,15,1,0
BRDA:168,16,0,0
BRDA:168,16,1,0
BRDA:168,17,0,0
BRDA:168,17,1,0
BRDA:183,18,0,0
BRDA:183,18,1,0
BRDA:191,19,0,0
BRDA:195,20,0,0
BRDA:195,20,1,0
BRDA:206,21,0,0
BRDA:213,22,0,0
BRDA:213,22,1,0
BRDA:235,23,0,0
BRF:46
BRH:0
end_of_record
TN:
SF:components\cart-sync-wrapper.tsx
FN:9,CartSyncWrapper
FNF:1
FNH:0
FNDA:0,CartSyncWrapper
DA:3,0
DA:9,0
DA:10,0
LF:3
LH:0
BRF:0
BRH:0
end_of_record
TN:
SF:components\color-picker.tsx
FN:44,ColorPicker
FN:51,(anonymous_2)
FN:56,(anonymous_3)
FN:61,(anonymous_4)
FN:71,(anonymous_5)
FN:76,(anonymous_6)
FN:82,(anonymous_7)
FN:87,(anonymous_8)
FN:94,(anonymous_9)
FN:173,(anonymous_10)
FN:192,(anonymous_11)
FN:196,(anonymous_12)
FNF:12
FNH:0
FNDA:0,ColorPicker
FNDA:0,(anonymous_2)
FNDA:0,(anonymous_3)
FNDA:0,(anonymous_4)
FNDA:0,(anonymous_5)
FNDA:0,(anonymous_6)
FNDA:0,(anonymous_7)
FNDA:0,(anonymous_8)
FNDA:0,(anonymous_9)
FNDA:0,(anonymous_10)
FNDA:0,(anonymous_11)
FNDA:0,(anonymous_12)
DA:2,0
DA:5,0
DA:6,0
DA:7,0
DA:8,0
DA:9,0
DA:10,0
DA:11,0
DA:21,0
DA:44,0
DA:45,0
DA:46,0
DA:47,0
DA:48,0
DA:49,0
DA:51,0
DA:52,0
DA:53,0
DA:56,0
DA:57,0
DA:58,0
DA:61,0
DA:62,0
DA:63,0
DA:66,0
DA:67,0
DA:71,0
DA:72,0
DA:73,0
DA:76,0
DA:77,0
DA:78,0
DA:79,0
DA:82,0
DA:83,0
DA:84,0
DA:87,0
DA:88,0
DA:91,0
DA:94,0
DA:95,0
DA:96,0
DA:173,0
DA:193,0
DA:196,0
LF:45
LH:0
BRDA:44,0,0,0
BRDA:44,1,0,0
BRDA:66,2,0,0
BRDA:66,2,1,0
BRDA:108,3,0,0
BRDA:108,3,1,0
BRDA:119,4,0,0
BRDA:119,4,1,0
BRDA:145,5,0,0
BRDA:145,5,1,0
BRDA:177,6,0,0
BRDA:177,6,1,0
BRDA:200,7,0,0
BRDA:200,7,1,0
BRDA:202,8,0,0
BRDA:202,8,1,0
BRDA:209,9,0,0
BRF:17
BRH:0
end_of_record
TN:
SF:components\delivery-zones-configurator.tsx
FN:76,DeliveryZonesConfigurator
FN:100,(anonymous_2)
FN:101,(anonymous_3)
FN:113,(anonymous_4)
FN:116,(anonymous_5)
FN:122,(anonymous_6)
FN:252,(anonymous_7)
FN:268,(anonymous_8)
FN:274,(anonymous_9)
FN:296,(anonymous_10)
FN:322,(anonymous_11)
FN:328,(anonymous_12)
FN:352,(anonymous_13)
FN:356,(anonymous_14)
FN:361,(anonymous_15)
FN:367,(anonymous_16)
FN:374,(anonymous_17)
FN:376,(anonymous_18)
FN:386,(anonymous_19)
FN:390,(anonymous_20)
FN:397,(anonymous_21)
FN:398,(anonymous_22)
FN:401,(anonymous_23)
FN:412,(anonymous_24)
FN:450,(anonymous_25)
FN:461,(anonymous_26)
FN:462,(anonymous_27)
FN:462,(anonymous_28)
FN:504,(anonymous_29)
FN:515,(anonymous_30)
FN:527,(anonymous_31)
FN:550,(anonymous_32)
FN:557,(anonymous_33)
FN:579,(anonymous_34)
FN:585,(anonymous_35)
FN:616,(anonymous_36)
FN:622,(anonymous_37)
FN:642,(anonymous_38)
FN:645,(anonymous_39)
FN:747,(anonymous_40)
FN:763,(anonymous_41)
FNF:41
FNH:0
FNDA:0,DeliveryZonesConfigurator
FNDA:0,(anonymous_2)
FNDA:0,(anonymous_3)
FNDA:0,(anonymous_4)
FNDA:0,(anonymous_5)
FNDA:0,(anonymous_6)
FNDA:0,(anonymous_7)
FNDA:0,(anonymous_8)
FNDA:0,(anonymous_9)
FNDA:0,(anonymous_10)
FNDA:0,(anonymous_11)
FNDA:0,(anonymous_12)
FNDA:0,(anonymous_13)
FNDA:0,(anonymous_14)
FNDA:0,(anonymous_15)
FNDA:0,(anonymous_16)
FNDA:0,(anonymous_17)
FNDA:0,(anonymous_18)
FNDA:0,(anonymous_19)
FNDA:0,(anonymous_20)
FNDA:0,(anonymous_21)
FNDA:0,(anonymous_22)
FNDA:0,(anonymous_23)
FNDA:0,(anonymous_24)
FNDA:0,(anonymous_25)
FNDA:0,(anonymous_26)
FNDA:0,(anonymous_27)
FNDA:0,(anonymous_28)
FNDA:0,(anonymous_29)
FNDA:0,(anonymous_30)
FNDA:0,(anonymous_31)
FNDA:0,(anonymous_32)
FNDA:0,(anonymous_33)
FNDA:0,(anonymous_34)
FNDA:0,(anonymous_35)
FNDA:0,(anonymous_36)
FNDA:0,(anonymous_37)
FNDA:0,(anonymous_38)
FNDA:0,(anonymous_39)
FNDA:0,(anonymous_40)
FNDA:0,(anonymous_41)
DA:3,0
DA:4,0
DA:5,0
DA:6,0
DA:7,0
DA:8,0
DA:9,0
DA:10,0
DA:11,0
DA:12,0
DA:13,0
DA:32,0
DA:53,0
DA:76,0
DA:77,0
DA:78,0
DA:79,0
DA:80,0
DA:81,0
DA:82,0
DA:83,0
DA:86,0
DA:87,0
DA:88,0
DA:89,0
DA:90,0
DA:91,0
DA:92,0
DA:94,0
DA:95,0
DA:96,0
DA:97,0
DA:100,0
DA:101,0
DA:102,0
DA:105,0
DA:107,0
DA:108,0
DA:113,0
DA:116,0
DA:117,0
DA:118,0
DA:122,0
DA:123,0
DA:125,0
DA:126,0
DA:127,0
DA:129,0
DA:130,0
DA:134,0
DA:227,0
DA:230,0
DA:249,0
DA:252,0
DA:253,0
DA:254,0
DA:255,0
DA:258,0
DA:259,0
DA:261,0
DA:268,0
DA:269,0
DA:270,0
DA:274,0
DA:275,0
DA:278,0
DA:280,0
DA:285,0
DA:286,0
DA:288,0
DA:296,0
DA:297,0
DA:299,0
DA:309,0
DA:312,0
DA:322,0
DA:323,0
DA:324,0
DA:328,0
DA:329,0
DA:330,0
DA:344,0
DA:345,0
DA:352,0
DA:353,0
DA:356,0
DA:357,0
DA:358,0
DA:361,0
DA:362,0
DA:363,0
DA:364,0
DA:367,0
DA:368,0
DA:371,0
DA:374,0
DA:375,0
DA:376,0
DA:377,0
DA:382,0
DA:383,0
DA:386,0
DA:387,0
DA:390,0
DA:391,0
DA:392,0
DA:393,0
DA:397,0
DA:398,0
DA:401,0
DA:402,0
DA:403,0
DA:404,0
DA:405,0
DA:406,0
DA:407,0
DA:408,0
DA:412,0
DA:413,0
DA:414,0
DA:419,0
DA:422,0
DA:423,0
DA:428,0
DA:431,0
DA:432,0
DA:434,0
DA:435,0
DA:438,0
DA:440,0
DA:450,0
DA:452,0
DA:457,0
DA:458,0
DA:461,0
DA:462,0
DA:463,0
DA:469,0
DA:504,0
DA:515,0
DA:527,0
DA:551,0
DA:552,0
DA:554,0
DA:557,0
DA:580,0
DA:582,0
DA:585,0
DA:616,0
DA:622,0
DA:643,0
DA:645,0
DA:748,0
DA:763,0
LF:154
LH:0
BRDA:117,0,0,0
BRDA:117,0,1,0
BRDA:117,1,0,0
BRDA:117,1,1,0
BRDA:123,2,0,0
BRDA:123,2,1,0
BRDA:129,3,0,0
BRDA:129,3,1,0
BRDA:142,4,0,0
BRDA:142,4,1,0
BRDA:253,5,0,0
BRDA:253,5,1,0
BRDA:286,6,0,0
BRDA:286,6,1,0
BRDA:297,7,0,0
BRDA:297,7,1,0
BRDA:329,8,0,0
BRDA:329,8,1,0
BRDA:344,9,0,0
BRDA:344,9,1,0
BRDA:375,10,0,0
BRDA:375,10,1,0
BRDA:392,11,0,0
BRDA:392,11,1,0
BRDA:406,12,0,0
BRDA:406,12,1,0
BRDA:413,13,0,0
BRDA:413,13,1,0
BRDA:413,14,0,0
BRDA:413,14,1,0
BRDA:413,14,2,0
BRDA:422,15,0,0
BRDA:422,15,1,0
BRDA:552,16,0,0
BRDA:552,16,1,0
BRDA:557,17,0,0
BRDA:557,17,1,0
BRDA:561,18,0,0
BRDA:561,18,1,0
BRDA:562,19,0,0
BRDA:562,19,1,0
BRDA:565,20,0,0
BRDA:565,20,1,0
BRDA:567,21,0,0
BRDA:575,22,0,0
BRDA:585,23,0,0
BRDA:585,23,1,0
BRDA:589,24,0,0
BRDA:589,24,1,0
BRDA:590,25,0,0
BRDA:590,25,1,0
BRDA:593,26,0,0
BRDA:593,26,1,0
BRDA:595,27,0,0
BRDA:659,28,0,0
BRDA:659,28,1,0
BRDA:684,29,0,0
BRDA:702,30,0,0
BRDA:702,30,1,0
BRDA:711,31,0,0
BRDA:739,32,0,0
BRDA:791,33,0,0
BRDA:791,33,1,0
BRDA:791,34,0,0
BRDA:791,34,1,0
BRF:65
BRH:0
end_of_record
TN:
SF:components\footer.tsx
FN:6,Footer
FNF:1
FNH:0
FNDA:0,Footer
DA:1,0
DA:2,0
DA:3,0
DA:4,0
DA:6,0
LF:5
LH:0
BRF:0
BRH:0
end_of_record
TN:
SF:components\map-selector.tsx
FN:25,(anonymous_1)
FN:35,(anonymous_2)
FN:36,(anonymous_3)
FN:42,(anonymous_4)
FN:82,(anonymous_5)
FN:89,(anonymous_6)
FN:92,(anonymous_7)
FN:108,(anonymous_8)
FN:157,(anonymous_9)
FN:190,(anonymous_10)
FN:205,(anonymous_11)
FN:227,(anonymous_12)
FN:260,(anonymous_13)
FN:273,(anonymous_14)
FN:294,(anonymous_15)
FN:324,(anonymous_16)
FNF:16
FNH:0
FNDA:0,(anonymous_1)
FNDA:0,(anonymous_2)
FNDA:0,(anonymous_3)
FNDA:0,(anonymous_4)
FNDA:0,(anonymous_5)
FNDA:0,(anonymous_6)
FNDA:0,(anonymous_7)
FNDA:0,(anonymous_8)
FNDA:0,(anonymous_9)
FNDA:0,(anonymous_10)
FNDA:0,(anonymous_11)
FNDA:0,(anonymous_12)
FNDA:0,(anonymous_13)
FNDA:0,(anonymous_14)
FNDA:0,(anonymous_15)
FNDA:0,(anonymous_16)
DA:2,0
DA:3,0
DA:4,0
DA:5,0
DA:6,0
DA:25,0
DA:26,0
DA:27,0
DA:28,0
DA:29,0
DA:30,0
DA:31,0
DA:32,0
DA:35,0
DA:37,0
DA:38,0
DA:39,0
DA:40,0
DA:42,0
DA:43,0
DA:44,0
DA:46,0
DA:49,0
DA:50,0
DA:53,0
DA:56,0
DA:57,0
DA:59,0
DA:64,0
DA:66,0
DA:67,0
DA:68,0
DA:73,0
DA:74,0
DA:75,0
DA:77,0
DA:82,0
DA:83,0
DA:84,0
DA:85,0
DA:89,0
DA:90,0
DA:92,0
DA:93,0
DA:94,0
DA:95,0
DA:97,0
DA:105,0
DA:108,0
DA:109,0
DA:110,0
DA:111,0
DA:113,0
DA:114,0
DA:115,0
DA:118,0
DA:135,0
DA:138,0
DA:140,0
DA:143,0
DA:151,0
DA:152,0
DA:155,0
DA:156,0
DA:158,0
DA:159,0
DA:160,0
DA:161,0
DA:163,0
DA:164,0
DA:166,0
DA:169,0
DA:170,0
DA:173,0
DA:176,0
DA:177,0
DA:179,0
DA:181,0
DA:185,0
DA:186,0
DA:190,0
DA:191,0
DA:192,0
DA:193,0
DA:195,0
DA:196,0
DA:198,0
DA:205,0
DA:206,0
DA:207,0
DA:208,0
DA:211,0
DA:213,0
DA:214,0
DA:216,0
DA:222,0
DA:225,0
DA:226,0
DA:228,0
DA:229,0
DA:230,0
DA:231,0
DA:233,0
DA:234,0
DA:236,0
DA:239,0
DA:240,0
DA:243,0
DA:246,0
DA:247,0
DA:249,0
DA:251,0
DA:255,0
DA:256,0
DA:260,0
DA:261,0
DA:262,0
DA:267,0
DA:270,0
DA:272,0
DA:274,0
DA:275,0
DA:277,0
DA:278,0
DA:281,0
DA:282,0
DA:283,0
DA:284,0
DA:287,0
DA:289,0
DA:295,0
DA:296,0
DA:298,0
DA:300,0
DA:301,0
DA:303,0
DA:304,0
DA:306,0
DA:307,0
DA:310,0
DA:324,0
DA:325,0
DA:326,0
DA:327,0
DA:329,0
DA:336,0
DA:405,0
DA:407,0
LF:148
LH:0
BRDA:26,0,0,0
BRDA:26,0,1,0
BRDA:43,1,0,0
BRDA:43,1,1,0
BRDA:43,2,0,0
BRDA:43,2,1,0
BRDA:73,3,0,0
BRDA:73,3,1,0
BRDA:73,4,0,0
BRDA:73,4,1,0
BRDA:73,4,2,0
BRDA:84,5,0,0
BRDA:84,5,1,0
BRDA:90,6,0,0
BRDA:90,6,1,0
BRDA:113,7,0,0
BRDA:113,7,1,0
BRDA:113,8,0,0
BRDA:113,8,1,0
BRDA:155,9,0,0
BRDA:155,9,1,0
BRDA:163,10,0,0
BRDA:163,10,1,0
BRDA:163,11,0,0
BRDA:163,11,1,0
BRDA:225,12,0,0
BRDA:225,12,1,0
BRDA:233,13,0,0
BRDA:233,13,1,0
BRDA:233,14,0,0
BRDA:233,14,1,0
BRDA:261,15,0,0
BRDA:261,15,1,0
BRDA:281,16,0,0
BRDA:281,16,1,0
BRDA:281,17,0,0
BRDA:281,17,1,0
BRDA:298,18,0,0
BRDA:298,18,1,0
BRDA:298,18,2,0
BRDA:325,19,0,0
BRDA:325,19,1,0
BRDA:325,20,0,0
BRDA:325,20,1,0
BRDA:336,21,0,0
BRDA:336,21,1,0
BRDA:345,22,0,0
BRDA:366,23,0,0
BRF:48
BRH:0
end_of_record
TN:
SF:components\navbar.tsx
FN:15,Navbar
FN:60,(anonymous_3)
FN:82,(anonymous_4)
FN:88,(anonymous_5)
FN:125,(anonymous_6)
FNF:5
FNH:0
FNDA:0,Navbar
FNDA:0,(anonymous_3)
FNDA:0,(anonymous_4)
FNDA:0,(anonymous_5)
FNDA:0,(anonymous_6)
DA:3,0
DA:4,0
DA:5,0
DA:6,0
DA:7,0
DA:8,0
DA:9,0
DA:10,0
DA:11,0
DA:12,0
DA:13,0
DA:15,0
DA:16,0
DA:17,0
DA:18,0
DA:19,0
DA:20,0
DA:23,0
DA:34,0
DA:36,0
DA:37,0
DA:39,0
DA:40,0
DA:41,0
DA:42,0
DA:43,0
DA:47,0
DA:48,0
DA:49,0
DA:61,0
DA:82,0
DA:88,0
DA:126,0
LF:33
LH:0
BRDA:36,0,0,0
BRDA:36,0,1,0
BRDA:39,1,0,0
BRDA:39,1,1,0
BRDA:41,2,0,0
BRDA:41,2,1,0
BRDA:41,3,0,0
BRDA:41,3,1,0
BRDA:65,4,0,0
BRDA:65,4,1,0
BRDA:76,5,0,0
BRDA:97,6,0,0
BRDA:107,7,0,0
BRDA:107,7,1,0
BRDA:108,8,0,0
BRDA:109,9,0,0
BRDA:109,9,1,0
BRDA:130,10,0,0
BRDA:130,10,1,0
BRF:19
BRH:0
end_of_record
TN:
SF:components\product-filters.tsx
FN:13,ProductFilters
FN:24,(anonymous_2)
FN:61,(anonymous_3)
FN:98,(anonymous_4)
FN:120,(anonymous_5)
FN:124,(anonymous_6)
FN:135,(anonymous_7)
FN:137,(anonymous_8)
FN:144,(anonymous_9)
FN:146,(anonymous_10)
FN:170,(anonymous_11)
FN:175,(anonymous_12)
FN:188,(anonymous_13)
FN:193,(anonymous_14)
FN:217,(anonymous_15)
FN:234,(anonymous_16)
FN:239,(anonymous_17)
FNF:17
FNH:0
FNDA:0,ProductFilters
FNDA:0,(anonymous_2)
FNDA:0,(anonymous_3)
FNDA:0,(anonymous_4)
FNDA:0,(anonymous_5)
FNDA:0,(anonymous_6)
FNDA:0,(anonymous_7)
FNDA:0,(anonymous_8)
FNDA:0,(anonymous_9)
FNDA:0,(anonymous_10)
FNDA:0,(anonymous_11)
FNDA:0,(anonymous_12)
FNDA:0,(anonymous_13)
FNDA:0,(anonymous_14)
FNDA:0,(anonymous_15)
FNDA:0,(anonymous_16)
FNDA:0,(anonymous_17)
DA:3,0
DA:4,0
DA:5,0
DA:6,0
DA:7,0
DA:8,0
DA:9,0
DA:10,0
DA:11,0
DA:13,0
DA:14,0
DA:15,0
DA:17,0
DA:18,0
DA:19,0
DA:20,0
DA:21,0
DA:24,0
DA:26,0
DA:27,0
DA:28,0
DA:29,0
DA:30,0
DA:31,0
DA:35,0
DA:36,0
DA:37,0
DA:38,0
DA:39,0
DA:40,0
DA:44,0
DA:45,0
DA:46,0
DA:50,0
DA:51,0
DA:52,0
DA:53,0
DA:55,0
DA:56,0
DA:61,0
DA:62,0
DA:63,0
DA:65,0
DA:66,0
DA:67,0
DA:70,0
DA:71,0
DA:74,0
DA:75,0
DA:78,0
DA:79,0
DA:80,0
DA:83,0
DA:84,0
DA:85,0
DA:88,0
DA:91,0
DA:92,0
DA:93,0
DA:98,0
DA:99,0
DA:100,0
DA:101,0
DA:102,0
DA:103,0
DA:105,0
DA:106,0
DA:107,0
DA:109,0
DA:113,0
DA:114,0
DA:115,0
DA:120,0
DA:121,0
DA:122,0
DA:123,0
DA:124,0
DA:125,0
DA:126,0
DA:128,0
DA:129,0
DA:130,0
DA:135,0
DA:136,0
DA:137,0
DA:139,0
DA:144,0
DA:145,0
DA:146,0
DA:148,0
DA:171,0
DA:175,0
DA:189,0
DA:193,0
DA:218,0
DA:219,0
DA:235,0
DA:239,0
LF:98
LH:0
BRDA:28,0,0,0
BRDA:28,0,1,0
BRDA:30,1,0,0
BRDA:30,1,1,0
BRDA:37,2,0,0
BRDA:37,2,1,0
BRDA:39,3,0,0
BRDA:39,3,1,0
BRDA:45,4,0,0
BRDA:45,4,1,0
BRDA:52,5,0,0
BRDA:52,5,1,0
BRDA:55,6,0,0
BRDA:55,6,1,0
BRDA:65,7,0,0
BRDA:65,7,1,0
BRDA:70,8,0,0
BRDA:70,8,1,0
BRDA:74,9,0,0
BRDA:74,9,1,0
BRDA:78,10,0,0
BRDA:78,10,1,0
BRDA:78,11,0,0
BRDA:78,11,1,0
BRDA:84,12,0,0
BRDA:84,12,1,0
BRDA:92,13,0,0
BRDA:92,13,1,0
BRDA:92,14,0,0
BRDA:92,14,1,0
BRDA:106,15,0,0
BRDA:106,15,1,0
BRDA:114,16,0,0
BRDA:114,16,1,0
BRDA:114,17,0,0
BRDA:114,17,1,0
BRDA:123,18,0,0
BRDA:123,18,1,0
BRDA:136,19,0,0
BRDA:136,19,1,0
BRDA:145,20,0,0
BRDA:145,20,1,0
BRF:42
BRH:0
end_of_record
TN:
SF:components\product-list.tsx
FN:20,ProductList
FN:46,(anonymous_3)
FN:57,(anonymous_4)
FN:94,(anonymous_5)
FN:98,(anonymous_6)
FN:104,(anonymous_7)
FN:108,(anonymous_8)
FN:109,(anonymous_9)
FN:123,(anonymous_10)
FN:146,(anonymous_11)
FN:166,(anonymous_12)
FN:182,(anonymous_13)
FN:199,(anonymous_14)
FN:211,(anonymous_15)
FN:222,(anonymous_16)
FN:249,(anonymous_17)
FN:257,(anonymous_18)
FN:286,(anonymous_19)
FN:322,(anonymous_20)
FNF:19
FNH:0
FNDA:0,ProductList
FNDA:0,(anonymous_3)
FNDA:0,(anonymous_4)
FNDA:0,(anonymous_5)
FNDA:0,(anonymous_6)
FNDA:0,(anonymous_7)
FNDA:0,(anonymous_8)
FNDA:0,(anonymous_9)
FNDA:0,(anonymous_10)
FNDA:0,(anonymous_11)
FNDA:0,(anonymous_12)
FNDA:0,(anonymous_13)
FNDA:0,(anonymous_14)
FNDA:0,(anonymous_15)
FNDA:0,(anonymous_16)
FNDA:0,(anonymous_17)
FNDA:0,(anonymous_18)
FNDA:0,(anonymous_19)
FNDA:0,(anonymous_20)
DA:5,0
DA:6,0
DA:7,0
DA:8,0
DA:9,0
DA:10,0
DA:11,0
DA:12,0
DA:13,0
DA:14,0
DA:15,0
DA:16,0
DA:17,0
DA:20,0
DA:21,0
DA:22,0
DA:23,0
DA:24,0
DA:25,0
DA:26,0
DA:27,0
DA:28,0
DA:29,0
DA:32,0
DA:40,0
DA:41,0
DA:42,0
DA:43,0
DA:46,0
DA:47,0
DA:54,0
DA:57,0
DA:58,0
DA:60,0
DA:68,0
DA:76,0
DA:84,0
DA:94,0
DA:95,0
DA:98,0
DA:99,0
DA:100,0
DA:101,0
DA:104,0
DA:105,0
DA:108,0
DA:109,0
DA:110,0
DA:111,0
DA:113,0
DA:114,0
DA:116,0
DA:119,0
DA:123,0
DA:124,0
DA:125,0
DA:127,0
DA:128,0
DA:129,0
DA:130,0
DA:135,0
DA:147,0
DA:148,0
DA:149,0
DA:150,0
DA:152,0
DA:167,0
DA:168,0
DA:169,0
DA:182,0
DA:200,0
DA:201,0
DA:202,0
DA:212,0
DA:213,0
DA:214,0
DA:223,0
DA:249,0
DA:258,0
DA:286,0
DA:322,0
LF:81
LH:0
BRDA:33,0,0,0
BRDA:33,0,1,0
BRDA:34,1,0,0
BRDA:34,1,1,0
BRDA:34,1,2,0
BRDA:48,2,0,0
BRDA:48,2,1,0
BRDA:49,3,0,0
BRDA:49,3,1,0
BRDA:49,3,2,0
BRDA:58,4,0,0
BRDA:58,4,1,0
BRDA:58,4,2,0
BRDA:58,4,3,0
BRDA:99,5,0,0
BRDA:99,5,1,0
BRDA:99,6,0,0
BRDA:99,6,1,0
BRDA:100,7,0,0
BRDA:100,7,1,0
BRDA:101,8,0,0
BRDA:101,8,1,0
BRDA:105,9,0,0
BRDA:105,9,1,0
BRDA:105,10,0,0
BRDA:105,10,1,0
BRDA:110,11,0,0
BRDA:110,11,1,0
BRDA:113,12,0,0
BRDA:113,12,1,0
BRDA:157,13,0,0
BRDA:186,14,0,0
BRDA:186,14,1,0
BRDA:193,15,0,0
BRDA:226,16,0,0
BRDA:226,16,1,0
BRDA:226,17,0,0
BRDA:226,17,1,0
BRDA:242,18,0,0
BRDA:260,19,0,0
BRDA:260,19,1,0
BRDA:271,20,0,0
BRDA:287,21,0,0
BRDA:287,21,1,0
BRDA:294,22,0,0
BRDA:294,22,1,0
BRDA:297,23,0,0
BRDA:298,24,0,0
BRDA:299,25,0,0
BRDA:299,25,1,0
BRDA:310,26,0,0
BRDA:317,27,0,0
BRDA:331,28,0,0
BRDA:331,28,1,0
BRDA:331,28,2,0
BRF:55
BRH:0
end_of_record
TN:
SF:components\product-upload-form.tsx
FN:26,ProductUploadForm
FN:48,(anonymous_3)
FN:49,(anonymous_4)
FN:52,(anonymous_5)
FN:62,(anonymous_6)
FN:66,(anonymous_7)
FN:91,(anonymous_8)
FN:94,(anonymous_9)
FN:100,(anonymous_10)
FN:110,(anonymous_11)
FN:120,(anonymous_12)
FN:121,(anonymous_13)
FN:122,(anonymous_14)
FN:126,(anonymous_15)
FN:130,(anonymous_16)
FN:131,(anonymous_17)
FN:139,(anonymous_18)
FN:165,(anonymous_19)
FN:177,(anonymous_20)
FN:182,(anonymous_21)
FN:250,(anonymous_22)
FN:269,(anonymous_23)
FN:309,(anonymous_24)
FN:317,(anonymous_25)
FN:322,(anonymous_26)
FN:337,(anonymous_27)
FN:353,(anonymous_28)
FN:367,(anonymous_29)
FN:374,(anonymous_30)
FN:379,(anonymous_31)
FN:400,(anonymous_32)
FN:419,(anonymous_33)
FN:430,(anonymous_34)
FN:441,(anonymous_35)
FN:450,(anonymous_36)
FNF:35
FNH:0
FNDA:0,ProductUploadForm
FNDA:0,(anonymous_3)
FNDA:0,(anonymous_4)
FNDA:0,(anonymous_5)
FNDA:0,(anonymous_6)
FNDA:0,(anonymous_7)
FNDA:0,(anonymous_8)
FNDA:0,(anonymous_9)
FNDA:0,(anonymous_10)
FNDA:0,(anonymous_11)
FNDA:0,(anonymous_12)
FNDA:0,(anonymous_13)
FNDA:0,(anonymous_14)
FNDA:0,(anonymous_15)
FNDA:0,(anonymous_16)
FNDA:0,(anonymous_17)
FNDA:0,(anonymous_18)
FNDA:0,(anonymous_19)
FNDA:0,(anonymous_20)
FNDA:0,(anonymous_21)
FNDA:0,(anonymous_22)
FNDA:0,(anonymous_23)
FNDA:0,(anonymous_24)
FNDA:0,(anonymous_25)
FNDA:0,(anonymous_26)
FNDA:0,(anonymous_27)
FNDA:0,(anonymous_28)
FNDA:0,(anonymous_29)
FNDA:0,(anonymous_30)
FNDA:0,(anonymous_31)
FNDA:0,(anonymous_32)
FNDA:0,(anonymous_33)
FNDA:0,(anonymous_34)
FNDA:0,(anonymous_35)
FNDA:0,(anonymous_36)
DA:5,0
DA:6,0
DA:7,0
DA:8,0
DA:9,0
DA:10,0
DA:11,0
DA:12,0
DA:13,0
DA:14,0
DA:15,0
DA:16,0
DA:17,0
DA:18,0
DA:26,0
DA:27,0
DA:28,0
DA:29,0
DA:30,0
DA:32,0
DA:45,0
DA:46,0
DA:48,0
DA:49,0
DA:52,0
DA:53,0
DA:54,0
DA:56,0
DA:57,0
DA:59,0
DA:62,0
DA:63,0
DA:64,0
DA:66,0
DA:67,0
DA:68,0
DA:69,0
DA:74,0
DA:77,0
DA:78,0
DA:83,0
DA:86,0
DA:87,0
DA:88,0
DA:91,0
DA:94,0
DA:95,0
DA:96,0
DA:100,0
DA:101,0
DA:102,0
DA:103,0
DA:104,0
DA:105,0
DA:106,0
DA:110,0
DA:111,0
DA:112,0
DA:113,0
DA:115,0
DA:116,0
DA:120,0
DA:121,0
DA:122,0
DA:123,0
DA:124,0
DA:126,0
DA:130,0
DA:131,0
DA:132,0
DA:133,0
DA:134,0
DA:135,0
DA:139,0
DA:140,0
DA:142,0
DA:143,0
DA:148,0
DA:151,0
DA:152,0
DA:157,0
DA:160,0
DA:162,0
DA:164,0
DA:165,0
DA:168,0
DA:177,0
DA:182,0
DA:184,0
DA:189,0
DA:191,0
DA:197,0
DA:251,0
DA:269,0
DA:309,0
DA:317,0
DA:323,0
DA:337,0
DA:353,0
DA:367,0
DA:374,0
DA:380,0
DA:400,0
DA:419,0
DA:430,0
DA:441,0
DA:450,0
LF:107
LH:0
BRDA:53,0,0,0
BRDA:53,0,1,0
BRDA:56,1,0,0
BRDA:56,1,1,0
BRDA:68,2,0,0
BRDA:68,2,1,0
BRDA:77,3,0,0
BRDA:77,3,1,0
BRDA:95,4,0,0
BRDA:95,4,1,0
BRDA:95,5,0,0
BRDA:95,5,1,0
BRDA:103,6,0,0
BRDA:103,6,1,0
BRDA:103,7,0,0
BRDA:103,7,1,0
BRDA:105,8,0,0
BRDA:105,8,1,0
BRDA:115,9,0,0
BRDA:115,9,1,0
BRDA:115,10,0,0
BRDA:115,10,1,0
BRDA:123,11,0,0
BRDA:123,11,1,0
BRDA:142,12,0,0
BRDA:142,12,1,0
BRDA:151,13,0,0
BRDA:151,13,1,0
BRDA:151,14,0,0
BRDA:151,14,1,0
BRDA:151,14,2,0
BRDA:151,14,3,0
BRDA:171,15,0,0
BRDA:171,15,1,0
BRDA:172,16,0,0
BRDA:172,16,1,0
BRDA:215,17,0,0
BRDA:215,17,1,0
BRDA:240,18,0,0
BRDA:254,19,0,0
BRDA:254,19,1,0
BRDA:261,20,0,0
BRDA:283,21,0,0
BRDA:453,22,0,0
BRDA:453,22,1,0
BRDA:454,23,0,0
BRDA:454,23,1,0
BRF:47
BRH:0
end_of_record
TN:
SF:components\rating-stars.tsx
FN:14,RatingStars
FN:27,(anonymous_2)
FN:35,(anonymous_3)
FN:49,(anonymous_4)
FNF:4
FNH:0
FNDA:0,RatingStars
FNDA:0,(anonymous_2)
FNDA:0,(anonymous_3)
FNDA:0,(anonymous_4)
DA:3,0
DA:4,0
DA:14,0
DA:21,0
DA:27,0
DA:28,0
DA:29,0
DA:36,0
DA:37,0
DA:38,0
DA:40,0
DA:49,0
LF:12
LH:0
BRDA:16,0,0,0
BRDA:17,1,0,0
BRDA:18,2,0,0
BRDA:28,3,0,0
BRDA:28,3,1,0
BRDA:28,4,0,0
BRDA:28,4,1,0
BRDA:38,5,0,0
BRDA:38,5,1,0
BRDA:46,6,0,0
BRDA:46,6,1,0
BRDA:47,7,0,0
BRDA:47,7,1,0
BRDA:55,8,0,0
BRDA:55,8,1,0
BRDA:55,9,0,0
BRDA:55,9,1,0
BRDA:58,10,0,0
BRF:18
BRH:0
end_of_record
TN:
SF:components\recommendations-section.tsx
FN:23,RecommendationsSection
FN:34,(anonymous_3)
FN:40,(anonymous_4)
FN:42,(anonymous_5)
FN:42,(anonymous_6)
FN:63,(anonymous_7)
FN:67,(anonymous_8)
FN:68,(anonymous_9)
FN:76,(anonymous_10)
FN:78,(anonymous_11)
FN:84,(anonymous_12)
FN:85,(anonymous_13)
FN:95,(anonymous_14)
FN:96,(anonymous_15)
FN:99,(anonymous_16)
FN:100,(anonymous_17)
FN:104,(anonymous_18)
FN:108,(anonymous_19)
FN:109,(anonymous_20)
FN:112,(anonymous_21)
FN:113,(anonymous_22)
FN:117,(anonymous_23)
FN:121,(anonymous_24)
FN:128,(anonymous_25)
FN:130,(anonymous_26)
FN:131,(anonymous_27)
FN:139,(anonymous_28)
FN:140,(anonymous_29)
FN:155,(anonymous_30)
FN:169,(anonymous_31)
FN:195,(anonymous_32)
FN:199,(anonymous_33)
FN:235,(anonymous_34)
FN:239,(anonymous_35)
FN:283,(anonymous_36)
FNF:35
FNH:0
FNDA:0,RecommendationsSection
FNDA:0,(anonymous_3)
FNDA:0,(anonymous_4)
FNDA:0,(anonymous_5)
FNDA:0,(anonymous_6)
FNDA:0,(anonymous_7)
FNDA:0,(anonymous_8)
FNDA:0,(anonymous_9)
FNDA:0,(anonymous_10)
FNDA:0,(anonymous_11)
FNDA:0,(anonymous_12)
FNDA:0,(anonymous_13)
FNDA:0,(anonymous_14)
FNDA:0,(anonymous_15)
FNDA:0,(anonymous_16)
FNDA:0,(anonymous_17)
FNDA:0,(anonymous_18)
FNDA:0,(anonymous_19)
FNDA:0,(anonymous_20)
FNDA:0,(anonymous_21)
FNDA:0,(anonymous_22)
FNDA:0,(anonymous_23)
FNDA:0,(anonymous_24)
FNDA:0,(anonymous_25)
FNDA:0,(anonymous_26)
FNDA:0,(anonymous_27)
FNDA:0,(anonymous_28)
FNDA:0,(anonymous_29)
FNDA:0,(anonymous_30)
FNDA:0,(anonymous_31)
FNDA:0,(anonymous_32)
FNDA:0,(anonymous_33)
FNDA:0,(anonymous_34)
FNDA:0,(anonymous_35)
FNDA:0,(anonymous_36)
DA:3,0
DA:4,0
DA:5,0
DA:6,0
DA:7,0
DA:8,0
DA:9,0
DA:10,0
DA:11,0
DA:12,0
DA:13,0
DA:14,0
DA:23,0
DA:29,0
DA:30,0
DA:31,0
DA:32,0
DA:34,0
DA:35,0
DA:38,0
DA:39,0
DA:40,0
DA:42,0
DA:45,0
DA:49,0
DA:50,0
DA:51,0
DA:52,0
DA:56,0
DA:57,0
DA:58,0
DA:59,0
DA:63,0
DA:64,0
DA:67,0
DA:68,0
DA:69,0
DA:70,0
DA:71,0
DA:76,0
DA:77,0
DA:78,0
DA:79,0
DA:84,0
DA:85,0
DA:86,0
DA:87,0
DA:88,0
DA:92,0
DA:95,0
DA:96,0
DA:98,0
DA:99,0
DA:100,0
DA:104,0
DA:108,0
DA:109,0
DA:111,0
DA:112,0
DA:113,0
DA:117,0
DA:121,0
DA:122,0
DA:125,0
DA:128,0
DA:130,0
DA:131,0
DA:132,0
DA:135,0
DA:139,0
DA:140,0
DA:141,0
DA:144,0
DA:148,0
DA:149,0
DA:152,0
DA:155,0
DA:156,0
DA:159,0
DA:160,0
DA:164,0
DA:166,0
DA:169,0
DA:170,0
DA:173,0
DA:174,0
DA:196,0
DA:199,0
DA:236,0
DA:239,0
DA:284,0
LF:91
LH:0
BRDA:24,0,0,0
BRDA:25,1,0,0
BRDA:26,2,0,0
BRDA:27,3,0,0
BRDA:38,4,0,0
BRDA:38,4,1,0
BRDA:49,5,0,0
BRDA:49,5,1,0
BRDA:56,6,0,0
BRDA:56,6,1,0
BRDA:69,7,0,0
BRDA:69,7,1,0
BRDA:71,8,0,0
BRDA:71,8,1,0
BRDA:79,9,0,0
BRDA:79,9,1,0
BRDA:86,10,0,0
BRDA:86,10,1,0
BRDA:87,11,0,0
BRDA:87,11,1,0
BRDA:88,12,0,0
BRDA:88,12,1,0
BRDA:125,13,0,0
BRDA:125,13,1,0
BRDA:132,14,0,0
BRDA:132,14,1,0
BRDA:141,15,0,0
BRDA:141,15,1,0
BRDA:142,16,0,0
BRDA:142,16,1,0
BRDA:148,17,0,0
BRDA:148,17,1,0
BRDA:159,18,0,0
BRDA:159,18,1,0
BRDA:159,19,0,0
BRDA:159,19,1,0
BRDA:164,20,0,0
BRDA:164,20,1,0
BRDA:173,21,0,0
BRDA:173,21,1,0
BRDA:173,22,0,0
BRDA:173,22,1,0
BRDA:173,22,2,0
BRDA:180,23,0,0
BRDA:180,23,1,0
BRDA:204,24,0,0
BRDA:204,24,1,0
BRDA:220,25,0,0
BRDA:220,25,1,0
BRDA:244,26,0,0
BRDA:244,26,1,0
BRDA:249,27,0,0
BRDA:268,28,0,0
BRDA:268,28,1,0
BRDA:290,29,0,0
BRDA:290,29,1,0
BRF:56
BRH:0
end_of_record
TN:
SF:components\reviews-section.tsx
FN:20,ReviewsSection
FN:26,(anonymous_3)
FN:33,(anonymous_4)
FN:35,(anonymous_5)
FN:37,(anonymous_6)
FN:42,(anonymous_7)
FN:65,(anonymous_8)
FN:86,(anonymous_9)
FN:117,(anonymous_10)
FN:151,(anonymous_11)
FN:180,(anonymous_12)
FNF:11
FNH:0
FNDA:0,ReviewsSection
FNDA:0,(anonymous_3)
FNDA:0,(anonymous_4)
FNDA:0,(anonymous_5)
FNDA:0,(anonymous_6)
FNDA:0,(anonymous_7)
FNDA:0,(anonymous_8)
FNDA:0,(anonymous_9)
FNDA:0,(anonymous_10)
FNDA:0,(anonymous_11)
FNDA:0,(anonymous_12)
DA:3,0
DA:4,0
DA:5,0
DA:6,0
DA:7,0
DA:8,0
DA:9,0
DA:10,0
DA:11,0
DA:12,0
DA:20,0
DA:21,0
DA:22,0
DA:23,0
DA:26,0
DA:27,0
DA:31,0
DA:33,0
DA:35,0
DA:36,0
DA:37,0
DA:38,0
DA:39,0
DA:42,0
DA:43,0
DA:44,0
DA:49,0
DA:52,0
DA:53,0
DA:58,0
DA:61,0
DA:63,0
DA:65,0
DA:67,0
DA:73,0
DA:74,0
DA:76,0
DA:82,0
DA:86,0
DA:87,0
DA:118,0
DA:151,0
DA:181,0
LF:43
LH:0
BRDA:27,0,0,0
BRDA:27,0,1,0
BRDA:33,1,0,0
BRDA:33,1,1,0
BRDA:38,2,0,0
BRDA:38,2,1,0
BRDA:43,3,0,0
BRDA:43,3,1,0
BRDA:52,4,0,0
BRDA:52,4,1,0
BRDA:111,5,0,0
BRDA:111,5,1,0
BRDA:149,6,0,0
BRDA:149,6,1,0
BRDA:159,7,0,0
BRDA:159,7,1,0
BRDA:159,7,2,0
BRDA:162,8,0,0
BRDA:162,8,1,0
BRDA:172,9,0,0
BRDA:186,10,0,0
BRDA:186,10,1,0
BRDA:197,11,0,0
BRF:23
BRH:0
end_of_record
TN:
SF:components\search.tsx
FN:10,SearchComponent
FN:15,(anonymous_2)
FN:22,(anonymous_3)
FN:44,(anonymous_4)
FNF:4
FNH:0
FNDA:0,SearchComponent
FNDA:0,(anonymous_2)
FNDA:0,(anonymous_3)
FNDA:0,(anonymous_4)
DA:5,0
DA:6,0
DA:7,0
DA:8,0
DA:10,0
DA:11,0
DA:12,0
DA:13,0
DA:15,0
DA:16,0
DA:17,0
DA:18,0
DA:22,0
DA:23,0
DA:25,0
DA:26,0
DA:27,0
DA:28,0
DA:30,0
DA:31,0
DA:32,0
DA:44,0
LF:22
LH:0
BRDA:17,0,0,0
BRDA:17,0,1,0
BRDA:25,1,0,0
BRDA:25,1,1,0
BRF:4
BRH:0
end_of_record
TN:
SF:components\smart-search.tsx
FN:13,SmartSearch
FN:25,(anonymous_3)
FN:31,(anonymous_4)
FN:38,(anonymous_5)
FN:46,(anonymous_6)
FN:53,(anonymous_7)
FN:60,(anonymous_8)
FN:75,(anonymous_9)
FN:82,(anonymous_10)
FN:89,(anonymous_11)
FN:105,(anonymous_12)
FN:145,(anonymous_13)
FN:149,(anonymous_14)
FN:171,(anonymous_15)
FN:196,(anonymous_16)
FN:200,(anonymous_17)
FN:223,(anonymous_18)
FNF:17
FNH:0
FNDA:0,SmartSearch
FNDA:0,(anonymous_3)
FNDA:0,(anonymous_4)
FNDA:0,(anonymous_5)
FNDA:0,(anonymous_6)
FNDA:0,(anonymous_7)
FNDA:0,(anonymous_8)
FNDA:0,(anonymous_9)
FNDA:0,(anonymous_10)
FNDA:0,(anonymous_11)
FNDA:0,(anonymous_12)
FNDA:0,(anonymous_13)
FNDA:0,(anonymous_14)
FNDA:0,(anonymous_15)
FNDA:0,(anonymous_16)
FNDA:0,(anonymous_17)
FNDA:0,(anonymous_18)
DA:3,0
DA:4,0
DA:5,0
DA:6,0
DA:7,0
DA:8,0
DA:9,0
DA:10,0
DA:11,0
DA:13,0
DA:14,0
DA:15,0
DA:16,0
DA:17,0
DA:18,0
DA:19,0
DA:20,0
DA:22,0
DA:23,0
DA:25,0
DA:26,0
DA:27,0
DA:28,0
DA:31,0
DA:32,0
DA:34,0
DA:35,0
DA:38,0
DA:39,0
DA:42,0
DA:43,0
DA:46,0
DA:47,0
DA:48,0
DA:53,0
DA:54,0
DA:56,0
DA:58,0
DA:60,0
DA:62,0
DA:63,0
DA:64,0
DA:67,0
DA:69,0
DA:71,0
DA:75,0
DA:76,0
DA:77,0
DA:79,0
DA:82,0
DA:83,0
DA:84,0
DA:86,0
DA:89,0
DA:90,0
DA:91,0
DA:92,0
DA:105,0
DA:146,0
DA:149,0
DA:172,0
DA:197,0
DA:200,0
DA:224,0
LF:64
LH:0
BRDA:32,0,0,0
BRDA:32,0,1,0
BRDA:32,1,0,0
BRDA:32,1,1,0
BRDA:34,2,0,0
BRDA:34,2,1,0
BRDA:47,3,0,0
BRDA:47,3,1,0
BRDA:54,4,0,0
BRDA:54,4,1,0
BRDA:54,5,0,0
BRDA:54,5,1,0
BRDA:54,5,2,0
BRDA:76,6,0,0
BRDA:76,6,1,0
BRDA:83,7,0,0
BRDA:83,7,1,0
BRDA:90,8,0,0
BRDA:90,8,1,0
BRDA:91,9,0,0
BRDA:91,9,1,0
BRDA:108,10,0,0
BRDA:117,11,0,0
BRDA:117,11,1,0
BRDA:120,12,0,0
BRDA:135,13,0,0
BRDA:153,14,0,0
BRDA:153,14,1,0
BRDA:186,15,0,0
BRDA:205,16,0,0
BRDA:205,16,1,0
BRDA:239,17,0,0
BRDA:239,17,1,0
BRF:33
BRH:0
end_of_record
TN:
SF:components\store-list.tsx
FN:9,StoreList
FN:12,(anonymous_3)
FN:13,(anonymous_4)
FN:58,(anonymous_5)
FNF:4
FNH:0
FNDA:0,StoreList
FNDA:0,(anonymous_3)
FNDA:0,(anonymous_4)
FNDA:0,(anonymous_5)
DA:1,0
DA:2,0
DA:3,0
DA:4,0
DA:5,0
DA:6,0
DA:7,0
DA:9,0
DA:13,0
DA:15,0
DA:59,0
LF:11
LH:0
BRDA:23,0,0,0
BRDA:23,0,1,0
BRDA:40,1,0,0
BRDA:40,1,1,0
BRDA:68,2,0,0
BRDA:77,3,0,0
BRDA:77,3,1,0
BRF:7
BRH:0
end_of_record
TN:
SF:components\theme-provider.tsx
FN:9,ThemeProvider
FNF:1
FNH:0
FNDA:0,ThemeProvider
DA:3,0
DA:7,0
DA:9,0
LF:3
LH:0
BRF:0
BRH:0
end_of_record
TN:
SF:components\ui\accordion.tsx
FN:9,Accordion
FN:15,AccordionItem
FN:28,AccordionTrigger
FN:50,AccordionContent
FNF:4
FNH:0
FNDA:0,Accordion
FNDA:0,AccordionItem
FNDA:0,AccordionTrigger
FNDA:0,AccordionContent
DA:3,0
DA:4,0
DA:5,0
DA:7,0
DA:66,0
LF:5
LH:0
BRF:0
BRH:0
end_of_record
TN:
SF:components\ui\alert.tsx
FN:22,Alert
FN:37,AlertTitle
FN:50,AlertDescription
FNF:3
FNH:0
FNDA:0,Alert
FNDA:0,AlertTitle
FNDA:0,AlertDescription
DA:1,0
DA:2,0
DA:4,0
DA:6,0
DA:66,0
LF:5
LH:0
BRF:0
BRH:0
end_of_record
TN:
SF:components\ui\badge.tsx
FN:28,Badge
FNF:1
FNH:0
FNDA:0,Badge
DA:1,0
DA:2,0
DA:3,0
DA:5,0
DA:7,0
DA:35,0
DA:46,0
LF:7
LH:0
BRDA:31,0,0,0
BRDA:35,1,0,0
BRDA:35,1,1,0
BRF:3
BRH:0
end_of_record
TN:
SF:components\ui\button.tsx
FN:38,Button
FNF:1
FNH:0
FNDA:0,Button
DA:1,0
DA:2,0
DA:3,0
DA:5,0
DA:7,0
DA:48,0
DA:59,0
LF:7
LH:0
BRDA:42,0,0,0
BRDA:48,1,0,0
BRDA:48,1,1,0
BRF:3
BRH:0
end_of_record
TN:
SF:components\ui\card.tsx
FN:5,Card
FN:18,CardHeader
FN:31,CardTitle
FN:41,CardDescription
FN:51,CardAction
FN:64,CardContent
FN:74,CardFooter
FNF:7
FNH:0
FNDA:0,Card
FNDA:0,CardHeader
FNDA:0,CardTitle
FNDA:0,CardDescription
FNDA:0,CardAction
FNDA:0,CardContent
FNDA:0,CardFooter
DA:1,0
DA:3,0
DA:85,0
DA:86,0
DA:87,0
DA:88,0
DA:89,0
DA:90,0
DA:91,0
LF:9
LH:0
BRF:0
BRH:0
end_of_record
TN:
SF:components\ui\checkbox.tsx
FN:9,Checkbox
FNF:1
FNH:0
FNDA:0,Checkbox
DA:3,0
DA:4,0
DA:5,0
DA:7,0
DA:32,0
LF:5
LH:0
BRF:0
BRH:0
end_of_record
TN:
SF:components\ui\dialog.tsx
FN:9,Dialog
FN:15,DialogTrigger
FN:21,DialogPortal
FN:27,DialogClose
FN:33,DialogOverlay
FN:49,DialogContent
FN:83,DialogHeader
FN:93,DialogFooter
FN:106,DialogTitle
FN:119,DialogDescription
FNF:10
FNH:0
FNDA:0,Dialog
FNDA:0,DialogTrigger
FNDA:0,DialogPortal
FNDA:0,DialogClose
FNDA:0,DialogOverlay
FNDA:0,DialogContent
FNDA:0,DialogHeader
FNDA:0,DialogFooter
FNDA:0,DialogTitle
FNDA:0,DialogDescription
DA:3,0
DA:4,0
DA:5,0
DA:7,0
DA:133,0
DA:134,0
DA:135,0
DA:136,0
DA:137,0
DA:138,0
DA:139,0
DA:140,0
DA:141,0
DA:142,0
LF:14
LH:0
BRDA:52,0,0,0
BRDA:69,1,0,0
BRF:2
BRH:0
end_of_record
TN:
SF:components\ui\input.tsx
FN:6,(anonymous_4)
FNF:1
FNH:0
FNDA:0,(anonymous_4)
DA:1,0
DA:3,0
DA:5,0
DA:23,0
DA:25,0
LF:5
LH:0
BRF:0
BRH:0
end_of_record
TN:
SF:components\ui\label.tsx
FN:8,Label
FNF:1
FNH:0
FNDA:0,Label
DA:3,0
DA:4,0
DA:6,0
DA:24,0
LF:4
LH:0
BRF:0
BRH:0
end_of_record
TN:
SF:components\ui\popover.tsx
FN:8,Popover
FN:14,PopoverTrigger
FN:20,PopoverContent
FN:42,PopoverAnchor
FNF:4
FNH:0
FNDA:0,Popover
FNDA:0,PopoverTrigger
FNDA:0,PopoverContent
FNDA:0,PopoverAnchor
DA:3,0
DA:4,0
DA:6,0
DA:48,0
LF:4
LH:0
BRDA:22,0,0,0
BRDA:23,1,0,0
BRF:2
BRH:0
end_of_record
TN:
SF:components\ui\progress.tsx
FN:8,Progress
FNF:1
FNH:0
FNDA:0,Progress
DA:3,0
DA:4,0
DA:6,0
DA:31,0
LF:4
LH:0
BRDA:25,0,0,0
BRDA:25,0,1,0
BRF:2
BRH:0
end_of_record
TN:
SF:components\ui\radio-group.tsx
FN:9,RadioGroup
FN:22,RadioGroupItem
FNF:2
FNH:0
FNDA:0,RadioGroup
FNDA:0,RadioGroupItem
DA:3,0
DA:4,0
DA:5,0
DA:7,0
DA:45,0
LF:5
LH:0
BRF:0
BRH:0
end_of_record
TN:
SF:components\ui\select.tsx
FN:9,Select
FN:15,SelectGroup
FN:21,SelectValue
FN:27,SelectTrigger
FN:53,SelectContent
FN:88,SelectLabel
FN:101,SelectItem
FN:125,SelectSeparator
FN:138,SelectScrollUpButton
FN:156,SelectScrollDownButton
FNF:10
FNH:0
FNDA:0,Select
FNDA:0,SelectGroup
FNDA:0,SelectValue
FNDA:0,SelectTrigger
FNDA:0,SelectContent
FNDA:0,SelectLabel
FNDA:0,SelectItem
FNDA:0,SelectSeparator
FNDA:0,SelectScrollUpButton
FNDA:0,SelectScrollDownButton
DA:3,0
DA:4,0
DA:5,0
DA:7,0
DA:175,0
DA:176,0
DA:177,0
DA:178,0
DA:179,0
DA:180,0
DA:181,0
DA:182,0
DA:183,0
DA:184,0
LF:14
LH:0
BRDA:29,0,0,0
BRDA:56,1,0,0
BRDA:65,2,0,0
BRDA:65,2,1,0
BRDA:76,3,0,0
BRDA:76,3,1,0
BRF:6
BRH:0
end_of_record
TN:
SF:components\ui\separator.tsx
FN:8,Separator
FNF:1
FNH:0
FNDA:0,Separator
DA:3,0
DA:4,0
DA:6,0
DA:28,0
LF:4
LH:0
BRDA:10,0,0,0
BRDA:11,1,0,0
BRF:2
BRH:0
end_of_record
TN:
SF:components\ui\sheet.tsx
FN:9,Sheet
FN:13,SheetTrigger
FN:19,SheetClose
FN:25,SheetPortal
FN:31,SheetOverlay
FN:47,SheetContent
FN:84,SheetHeader
FN:94,SheetFooter
FN:104,SheetTitle
FN:117,SheetDescription
FNF:10
FNH:0
FNDA:0,Sheet
FNDA:0,SheetTrigger
FNDA:0,SheetClose
FNDA:0,SheetPortal
FNDA:0,SheetOverlay
FNDA:0,SheetContent
FNDA:0,SheetHeader
FNDA:0,SheetFooter
FNDA:0,SheetTitle
FNDA:0,SheetDescription
DA:3,0
DA:4,0
DA:5,0
DA:7,0
DA:131,0
DA:132,0
DA:133,0
DA:134,0
DA:135,0
DA:136,0
DA:137,0
DA:138,0
LF:12
LH:0
BRDA:50,0,0,0
BRDA:62,1,0,0
BRDA:62,1,1,0
BRDA:64,2,0,0
BRDA:64,2,1,0
BRDA:66,3,0,0
BRDA:66,3,1,0
BRDA:68,4,0,0
BRDA:68,4,1,0
BRF:9
BRH:0
end_of_record
TN:
SF:components\ui\skeleton.tsx
FN:3,Skeleton
FNF:1
FNH:0
FNDA:0,Skeleton
DA:1,0
DA:13,0
LF:2
LH:0
BRF:0
BRH:0
end_of_record
TN:
SF:components\ui\slider.tsx
FN:8,Slider
FN:17,(anonymous_5)
FN:52,(anonymous_6)
FNF:3
FNH:0
FNDA:0,Slider
FNDA:0,(anonymous_5)
FNDA:0,(anonymous_6)
DA:3,0
DA:4,0
DA:6,0
DA:16,0
DA:18,0
DA:53,0
DA:63,0
LF:7
LH:0
BRDA:12,0,0,0
BRDA:13,1,0,0
BRDA:18,2,0,0
BRDA:18,2,1,0
BRDA:20,3,0,0
BRDA:20,3,1,0
BRF:6
BRH:0
end_of_record
TN:
SF:components\ui\switch.tsx
FN:8,Switch
FNF:1
FNH:0
FNDA:0,Switch
DA:3,0
DA:4,0
DA:6,0
DA:31,0
LF:4
LH:0
BRF:0
BRH:0
end_of_record
TN:
SF:components\ui\tabs.tsx
FN:8,Tabs
FN:21,TabsList
FN:37,TabsTrigger
FN:53,TabsContent
FNF:4
FNH:0
FNDA:0,Tabs
FNDA:0,TabsList
FNDA:0,TabsTrigger
FNDA:0,TabsContent
DA:3,0
DA:4,0
DA:6,0
DA:66,0
LF:4
LH:0
BRF:0
BRH:0
end_of_record
TN:
SF:components\ui\textarea.tsx
FN:5,Textarea
FNF:1
FNH:0
FNDA:0,Textarea
DA:1,0
DA:3,0
DA:18,0
LF:3
LH:0
BRF:0
BRH:0
end_of_record
TN:
SF:components\ui\toast.tsx
FN:47,(anonymous_12)
FNF:1
FNH:0
FNDA:0,(anonymous_12)
DA:3,0
DA:4,0
DA:5,0
DA:6,0
DA:8,0
DA:10,0
DA:25,0
DA:27,0
DA:43,0
DA:56,0
DA:71,0
DA:89,0
DA:101,0
DA:113,0
DA:122,0
DA:123,0
DA:124,0
DA:125,0
DA:126,0
DA:127,0
DA:128,0
LF:21
LH:0
BRF:0
BRH:0
end_of_record
TN:
SF:components\ui\use-toast.ts
FN:27,genId
FN:58,(anonymous_8)
FN:63,(anonymous_9)
FN:74,(anonymous_10)
FN:85,(anonymous_11)
FN:98,(anonymous_12)
FN:105,(anonymous_13)
FN:124,(anonymous_14)
FN:133,dispatch
FN:135,(anonymous_16)
FN:142,toast
FN:145,(anonymous_18)
FN:150,(anonymous_19)
FN:158,(anonymous_20)
FN:171,useToast
FN:174,(anonymous_22)
FN:176,(anonymous_23)
FN:187,(anonymous_24)
FNF:18
FNH:0
FNDA:0,genId
FNDA:0,(anonymous_8)
FNDA:0,(anonymous_9)
FNDA:0,(anonymous_10)
FNDA:0,(anonymous_11)
FNDA:0,(anonymous_12)
FNDA:0,(anonymous_13)
FNDA:0,(anonymous_14)
FNDA:0,dispatch
FNDA:0,(anonymous_16)
FNDA:0,toast
FNDA:0,(anonymous_18)
FNDA:0,(anonymous_19)
FNDA:0,(anonymous_20)
FNDA:0,useToast
FNDA:0,(anonymous_22)
FNDA:0,(anonymous_23)
FNDA:0,(anonymous_24)
DA:4,0
DA:8,0
DA:9,0
DA:18,0
DA:25,0
DA:28,0
DA:29,0
DA:56,0
DA:58,0
DA:59,0
DA:60,0
DA:63,0
DA:64,0
DA:65,0
DA:71,0
DA:74,0
DA:75,0
DA:77,0
DA:83,0
DA:86,0
DA:91,0
DA:95,0
DA:96,0
DA:98,0
DA:99,0
DA:103,0
DA:106,0
DA:116,0
DA:117,0
DA:122,0
DA:124,0
DA:129,0
DA:131,0
DA:134,0
DA:135,0
DA:136,0
DA:143,0
DA:145,0
DA:146,0
DA:150,0
DA:152,0
DA:159,0
DA:164,0
DA:172,0
DA:174,0
DA:175,0
DA:176,0
DA:177,0
DA:178,0
DA:179,0
DA:184,0
DA:187,0
DA:191,0
LF:53
LH:0
BRDA:59,0,0,0
BRDA:59,0,1,0
BRDA:75,1,0,0
BRDA:75,1,1,0
BRDA:75,1,2,0
BRDA:75,1,3,0
BRDA:86,2,0,0
BRDA:86,2,1,0
BRDA:95,3,0,0
BRDA:95,3,1,0
BRDA:106,4,0,0
BRDA:106,4,1,0
BRDA:106,5,0,0
BRDA:106,5,1,0
BRDA:116,6,0,0
BRDA:116,6,1,0
BRDA:159,7,0,0
BRDA:159,7,1,0
BRDA:178,8,0,0
BRDA:178,8,1,0
BRF:20
BRH:0
end_of_record
TN:
SF:lib\actions.ts
FN:4,subirProducto
FN:21,(anonymous_2)
FN:30,(anonymous_3)
FNF:3
FNH:0
FNDA:0,subirProducto
FNDA:0,(anonymous_2)
FNDA:0,(anonymous_3)
DA:4,0
DA:21,0
DA:27,0
DA:30,0
DA:33,0
DA:40,0
DA:41,0
DA:44,0
LF:8
LH:0
BRF:0
BRH:0
end_of_record
TN:
SF:lib\auth.ts
FN:53,(anonymous_1)
FN:88,(anonymous_2)
FN:123,(anonymous_3)
FN:134,(anonymous_4)
FN:151,(anonymous_5)
FN:168,(anonymous_6)
FN:172,(anonymous_7)
FN:177,(anonymous_8)
FNF:8
FNH:0
FNDA:0,(anonymous_1)
FNDA:0,(anonymous_2)
FNDA:0,(anonymous_3)
FNDA:0,(anonymous_4)
FNDA:0,(anonymous_5)
FNDA:0,(anonymous_6)
FNDA:0,(anonymous_7)
FNDA:0,(anonymous_8)
DA:1,0
DA:54,0
DA:55,0
DA:56,0
DA:58,0
DA:59,0
DA:60,0
DA:63,0
DA:70,0
DA:73,0
DA:74,0
DA:80,0
DA:89,0
DA:90,0
DA:91,0
DA:93,0
DA:94,0
DA:95,0
DA:98,0
DA:105,0
DA:108,0
DA:109,0
DA:115,0
DA:124,0
DA:125,0
DA:127,0
DA:129,0
DA:130,0
DA:135,0
DA:136,0
DA:137,0
DA:139,0
DA:140,0
DA:141,0
DA:144,0
DA:146,0
DA:147,0
DA:152,0
DA:153,0
DA:154,0
DA:156,0
DA:157,0
DA:158,0
DA:161,0
DA:163,0
DA:164,0
DA:169,0
DA:173,0
DA:174,0
DA:178,0
DA:182,0
LF:51
LH:0
BRDA:58,0,0,0
BRDA:58,0,1,0
BRDA:58,1,0,0
BRDA:58,1,1,0
BRDA:73,2,0,0
BRDA:73,2,1,0
BRDA:82,3,0,0
BRDA:82,3,1,0
BRDA:93,4,0,0
BRDA:93,4,1,0
BRDA:93,5,0,0
BRDA:93,5,1,0
BRDA:108,6,0,0
BRDA:108,6,1,0
BRDA:117,7,0,0
BRDA:117,7,1,0
BRDA:139,8,0,0
BRDA:139,8,1,0
BRDA:139,9,0,0
BRDA:139,9,1,0
BRDA:156,10,0,0
BRDA:156,10,1,0
BRDA:156,11,0,0
BRDA:156,11,1,0
BRDA:174,12,0,0
BRDA:174,12,1,0
BRF:26
BRH:0
end_of_record
TN:
SF:lib\axios.ts
FN:19,(anonymous_4)
FN:36,(anonymous_5)
FN:44,(anonymous_6)
FN:55,(anonymous_7)
FN:124,(anonymous_8)
FN:129,(anonymous_9)
FN:134,(anonymous_10)
FN:139,(anonymous_11)
FN:144,(anonymous_12)
FN:149,(anonymous_13)
FNF:10
FNH:0
FNDA:0,(anonymous_4)
FNDA:0,(anonymous_5)
FNDA:0,(anonymous_6)
FNDA:0,(anonymous_7)
FNDA:0,(anonymous_8)
FNDA:0,(anonymous_9)
FNDA:0,(anonymous_10)
FNDA:0,(anonymous_11)
FNDA:0,(anonymous_12)
FNDA:0,(anonymous_13)
DA:1,0
DA:4,0
DA:7,0
DA:18,0
DA:20,0
DA:22,0
DA:23,0
DA:27,0
DA:28,0
DA:34,0
DA:37,0
DA:38,0
DA:43,0
DA:46,0
DA:47,0
DA:53,0
DA:56,0
DA:59,0
DA:60,0
DA:67,0
DA:68,0
DA:71,0
DA:72,0
DA:73,0
DA:75,0
DA:76,0
DA:79,0
DA:80,0
DA:83,0
DA:87,0
DA:88,0
DA:91,0
DA:92,0
DA:95,0
DA:100,0
DA:101,0
DA:102,0
DA:110,0
DA:111,0
DA:122,0
DA:125,0
DA:130,0
DA:135,0
DA:140,0
DA:145,0
DA:150,0
DA:161,0
LF:47
LH:0
BRDA:4,0,0,0
BRDA:4,0,1,0
BRDA:22,1,0,0
BRDA:22,1,1,0
BRDA:22,2,0,0
BRDA:22,2,1,0
BRDA:27,3,0,0
BRDA:27,3,1,0
BRDA:46,4,0,0
BRDA:46,4,1,0
BRDA:59,5,0,0
BRDA:59,5,1,0
BRDA:67,6,0,0
BRDA:67,6,1,0
BRDA:67,7,0,0
BRDA:67,7,1,0
BRDA:75,8,0,0
BRDA:75,8,1,0
BRDA:79,9,0,0
BRDA:79,9,1,0
BRDA:91,10,0,0
BRDA:91,10,1,0
BRDA:100,11,0,0
BRDA:100,11,1,0
BRDA:112,12,0,0
BRDA:112,12,1,0
BRDA:113,13,0,0
BRDA:113,13,1,0
BRF:28
BRH:0
end_of_record
TN:
SF:lib\behavior-tracker.ts
FN:8,(anonymous_1)
FN:21,(anonymous_2)
FN:42,(anonymous_3)
FN:63,(anonymous_4)
FN:82,(anonymous_5)
FN:102,(anonymous_6)
FN:116,(anonymous_7)
FN:134,(anonymous_8)
FN:137,(anonymous_9)
FN:138,(anonymous_10)
FN:143,(anonymous_11)
FN:146,(anonymous_12)
FN:147,(anonymous_13)
FN:152,(anonymous_14)
FN:154,(anonymous_15)
FN:158,(anonymous_16)
FN:163,(anonymous_17)
FN:173,(anonymous_18)
FN:174,(anonymous_19)
FN:178,(anonymous_20)
FN:191,(anonymous_21)
FN:201,(anonymous_22)
FN:224,(anonymous_23)
FN:234,(anonymous_24)
FNF:24
FNH:0
FNDA:0,(anonymous_1)
FNDA:0,(anonymous_2)
FNDA:0,(anonymous_3)
FNDA:0,(anonymous_4)
FNDA:0,(anonymous_5)
FNDA:0,(anonymous_6)
FNDA:0,(anonymous_7)
FNDA:0,(anonymous_8)
FNDA:0,(anonymous_9)
FNDA:0,(anonymous_10)
FNDA:0,(anonymous_11)
FNDA:0,(anonymous_12)
FNDA:0,(anonymous_13)
FNDA:0,(anonymous_14)
FNDA:0,(anonymous_15)
FNDA:0,(anonymous_16)
FNDA:0,(anonymous_17)
FNDA:0,(anonymous_18)
FNDA:0,(anonymous_19)
FNDA:0,(anonymous_20)
FNDA:0,(anonymous_21)
FNDA:0,(anonymous_22)
FNDA:0,(anonymous_23)
FNDA:0,(anonymous_24)
DA:4,0
DA:6,0
DA:10,0
DA:11,0
DA:14,0
DA:15,0
DA:17,0
DA:22,0
DA:23,0
DA:25,0
DA:26,0
DA:34,0
DA:35,0
DA:36,0
DA:38,0
DA:43,0
DA:44,0
DA:46,0
DA:47,0
DA:55,0
DA:56,0
DA:57,0
DA:59,0
DA:64,0
DA:65,0
DA:67,0
DA:74,0
DA:75,0
DA:78,0
DA:83,0
DA:84,0
DA:86,0
DA:94,0
DA:95,0
DA:98,0
DA:103,0
DA:104,0
DA:106,0
DA:112,0
DA:117,0
DA:118,0
DA:121,0
DA:122,0
DA:123,0
DA:124,0
DA:127,0
DA:130,0
DA:135,0
DA:136,0
DA:137,0
DA:138,0
DA:144,0
DA:145,0
DA:146,0
DA:147,0
DA:153,0
DA:154,0
DA:159,0
DA:160,0
DA:163,0
DA:166,0
DA:167,0
DA:168,0
DA:172,0
DA:173,0
DA:174,0
DA:179,0
DA:180,0
DA:182,0
DA:184,0
DA:185,0
DA:186,0
DA:188,0
DA:192,0
DA:193,0
DA:195,0
DA:196,0
DA:197,0
DA:198,0
DA:203,0
DA:221,0
DA:225,0
DA:226,0
DA:227,0
DA:229,0
DA:235,0
LF:86
LH:0
BRDA:10,0,0,0
BRDA:10,0,1,0
BRDA:14,1,0,0
BRDA:14,1,1,0
BRDA:21,2,0,0
BRDA:25,3,0,0
BRDA:25,3,1,0
BRDA:42,4,0,0
BRDA:46,5,0,0
BRDA:46,5,1,0
BRDA:74,6,0,0
BRDA:74,6,1,0
BRDA:94,7,0,0
BRDA:94,7,1,0
BRDA:117,8,0,0
BRDA:117,8,1,0
BRDA:123,9,0,0
BRDA:123,9,1,0
BRDA:134,10,0,0
BRDA:143,11,0,0
BRDA:152,12,0,0
BRDA:167,13,0,0
BRDA:167,13,1,0
BRDA:168,14,0,0
BRDA:168,14,1,0
BRDA:182,15,0,0
BRDA:182,15,1,0
BRDA:195,16,0,0
BRDA:195,16,1,0
BRDA:196,17,0,0
BRDA:196,17,1,0
BRDA:197,18,0,0
BRDA:197,18,1,0
BRDA:221,19,0,0
BRDA:221,19,1,0
BRDA:225,20,0,0
BRDA:225,20,1,0
BRF:37
BRH:0
end_of_record
TN:
SF:lib\cart-store.ts
FN:32,(anonymous_1)
FN:37,(anonymous_2)
FN:46,(anonymous_3)
FN:68,(anonymous_4)
FN:82,(anonymous_5)
FN:88,(anonymous_6)
FN:89,(anonymous_7)
FN:101,(anonymous_8)
FN:112,(anonymous_9)
FN:113,(anonymous_10)
FN:127,(anonymous_11)
FN:146,(anonymous_12)
FN:169,(anonymous_13)
FN:170,(anonymous_14)
FN:173,(anonymous_15)
FN:174,(anonymous_16)
FN:180,(anonymous_17)
FN:187,(anonymous_18)
FNF:18
FNH:0
FNDA:0,(anonymous_1)
FNDA:0,(anonymous_2)
FNDA:0,(anonymous_3)
FNDA:0,(anonymous_4)
FNDA:0,(anonymous_5)
FNDA:0,(anonymous_6)
FNDA:0,(anonymous_7)
FNDA:0,(anonymous_8)
FNDA:0,(anonymous_9)
FNDA:0,(anonymous_10)
FNDA:0,(anonymous_11)
FNDA:0,(anonymous_12)
FNDA:0,(anonymous_13)
FNDA:0,(anonymous_14)
FNDA:0,(anonymous_15)
FNDA:0,(anonymous_16)
FNDA:0,(anonymous_17)
FNDA:0,(anonymous_18)
DA:3,0
DA:4,0
DA:5,0
DA:30,0
DA:32,0
DA:38,0
DA:39,0
DA:42,0
DA:43,0
DA:46,0
DA:48,0
DA:50,0
DA:53,0
DA:54,0
DA:55,0
DA:56,0
DA:60,0
DA:68,0
DA:74,0
DA:75,0
DA:83,0
DA:84,0
DA:86,0
DA:88,0
DA:89,0
DA:93,0
DA:94,0
DA:102,0
DA:103,0
DA:105,0
DA:106,0
DA:107,0
DA:110,0
DA:112,0
DA:114,0
DA:119,0
DA:120,0
DA:128,0
DA:129,0
DA:131,0
DA:132,0
DA:134,0
DA:136,0
DA:138,0
DA:139,0
DA:147,0
DA:148,0
DA:150,0
DA:151,0
DA:153,0
DA:155,0
DA:160,0
DA:161,0
DA:170,0
DA:174,0
DA:175,0
DA:176,0
DA:181,0
DA:187,0
LF:59
LH:0
BRDA:37,0,0,0
BRDA:37,1,0,0
BRDA:48,2,0,0
BRDA:48,2,1,0
BRDA:54,3,0,0
BRDA:54,3,1,0
BRDA:76,4,0,0
BRDA:76,4,1,0
BRDA:95,5,0,0
BRDA:95,5,1,0
BRDA:105,6,0,0
BRDA:105,6,1,0
BRDA:114,7,0,0
BRDA:114,7,1,0
BRDA:121,8,0,0
BRDA:121,8,1,0
BRDA:140,9,0,0
BRDA:140,9,1,0
BRDA:156,10,0,0
BRDA:156,10,1,0
BRDA:162,11,0,0
BRDA:162,11,1,0
BRF:22
BRH:0
end_of_record
TN:
SF:lib\category-icons.tsx
FN:38,(anonymous_6)
FN:57,(anonymous_7)
FNF:2
FNH:0
FNDA:0,(anonymous_6)
FNDA:0,(anonymous_7)
DA:1,0
DA:12,0
DA:15,0
DA:38,0
DA:40,0
DA:43,0
DA:44,0
DA:48,0
DA:52,0
DA:57,0
DA:63,0
DA:68,0
LF:12
LH:0
BRDA:43,0,0,0
BRDA:43,0,1,0
BRDA:43,1,0,0
BRDA:43,1,1,0
BRDA:48,2,0,0
BRDA:48,2,1,0
BRDA:60,3,0,0
BRF:7
BRH:0
end_of_record
TN:
SF:lib\data.ts
FNF:0
FNH:0
DA:20,0
DA:205,0
DA:207,0
LF:3
LH:0
BRF:0
BRH:0
end_of_record
TN:
SF:lib\delivery-zone-detector.ts
FN:15,detectDeliveryZone
FN:35,isPointInPolygon
FN:53,calculateDistance
FN:64,toRadians
FN:68,getDeliveryPriceForLocation
FNF:5
FNH:0
FNDA:0,detectDeliveryZone
FNDA:0,isPointInPolygon
FNDA:0,calculateDistance
FNDA:0,toRadians
FNDA:0,getDeliveryPriceForLocation
DA:15,0
DA:19,0
DA:20,0
DA:23,0
DA:26,0
DA:27,0
DA:28,0
DA:32,0
DA:36,0
DA:37,0
DA:39,0
DA:40,0
DA:41,0
DA:42,0
DA:43,0
DA:45,0
DA:46,0
DA:50,0
DA:54,0
DA:55,0
DA:56,0
DA:58,0
DA:60,0
DA:61,0
DA:65,0
DA:68,0
DA:73,0
DA:74,0
DA:76,0
DA:77,0
DA:79,0
DA:80,0
DA:87,0
LF:33
LH:0
BRDA:27,0,0,0
BRDA:27,0,1,0
BRDA:45,1,0,0
BRDA:45,1,1,0
BRDA:45,2,0,0
BRDA:45,2,1,0
BRDA:74,3,0,0
BRDA:74,3,1,0
BRDA:79,4,0,0
BRDA:79,4,1,0
BRF:10
BRH:0
end_of_record
TN:
SF:lib\google-maps-loader.ts
FN:5,(anonymous_3)
FN:16,(anonymous_4)
FN:32,(anonymous_5)
FN:38,(anonymous_6)
FN:45,(anonymous_7)
FN:58,(anonymous_8)
FNF:6
FNH:0
FNDA:0,(anonymous_3)
FNDA:0,(anonymous_4)
FNDA:0,(anonymous_5)
FNDA:0,(anonymous_6)
FNDA:0,(anonymous_7)
FNDA:0,(anonymous_8)
DA:1,0
DA:2,0
DA:3,0
DA:5,0
DA:6,0
DA:7,0
DA:10,0
DA:11,0
DA:14,0
DA:16,0
DA:18,0
DA:19,0
DA:20,0
DA:21,0
DA:22,0
DA:26,0
DA:27,0
DA:28,0
DA:29,0
DA:32,0
DA:33,0
DA:34,0
DA:35,0
DA:38,0
DA:39,0
DA:40,0
DA:41,0
DA:42,0
DA:45,0
DA:46,0
DA:47,0
DA:48,0
DA:49,0
DA:52,0
DA:55,0
DA:58,0
DA:59,0
LF:37
LH:0
BRDA:6,0,0,0
BRDA:6,0,1,0
BRDA:10,1,0,0
BRDA:10,1,1,0
BRDA:10,2,0,0
BRDA:10,2,1,0
BRDA:18,3,0,0
BRDA:18,3,1,0
BRDA:18,4,0,0
BRDA:18,4,1,0
BRDA:59,5,0,0
BRDA:59,5,1,0
BRDA:59,5,2,0
BRF:13
BRH:0
end_of_record
TN:
SF:lib\nlp-engine.ts
FN:42,(anonymous_3)
FN:55,(anonymous_4)
FN:63,(anonymous_5)
FN:67,(anonymous_6)
FN:75,(anonymous_7)
FN:77,(anonymous_8)
FN:84,(anonymous_9)
FN:88,(anonymous_10)
FN:89,(anonymous_11)
FN:96,(anonymous_12)
FN:97,(anonymous_13)
FN:98,(anonymous_14)
FN:99,(anonymous_15)
FN:103,(anonymous_16)
FN:109,(anonymous_17)
FN:127,(anonymous_18)
FN:129,(anonymous_19)
FNF:17
FNH:0
FNDA:0,(anonymous_3)
FNDA:0,(anonymous_4)
FNDA:0,(anonymous_5)
FNDA:0,(anonymous_6)
FNDA:0,(anonymous_7)
FNDA:0,(anonymous_8)
FNDA:0,(anonymous_9)
FNDA:0,(anonymous_10)
FNDA:0,(anonymous_11)
FNDA:0,(anonymous_12)
FNDA:0,(anonymous_13)
FNDA:0,(anonymous_14)
FNDA:0,(anonymous_15)
FNDA:0,(anonymous_16)
FNDA:0,(anonymous_17)
FNDA:0,(anonymous_18)
FNDA:0,(anonymous_19)
DA:10,0
DA:11,0
DA:22,0
DA:30,0
DA:36,0
DA:43,0
DA:45,0
DA:56,0
DA:64,0
DA:66,0
DA:67,0
DA:68,0
DA:72,0
DA:76,0
DA:77,0
DA:78,0
DA:81,0
DA:85,0
DA:86,0
DA:88,0
DA:89,0
DA:91,0
DA:92,0
DA:93,0
DA:97,0
DA:98,0
DA:99,0
DA:100,0
DA:104,0
DA:105,0
DA:107,0
DA:109,0
DA:111,0
DA:112,0
DA:113,0
DA:115,0
DA:116,0
DA:120,0
DA:121,0
DA:124,0
DA:128,0
DA:129,0
DA:130,0
DA:133,0
DA:137,0
LF:45
LH:0
BRDA:67,0,0,0
BRDA:67,0,1,0
BRDA:77,1,0,0
BRDA:77,1,1,0
BRDA:91,2,0,0
BRDA:91,2,1,0
BRDA:92,3,0,0
BRDA:92,3,1,0
BRDA:97,4,0,0
BRDA:97,4,1,0
BRDA:98,5,0,0
BRDA:98,5,1,0
BRDA:99,6,0,0
BRDA:99,6,1,0
BRDA:107,7,0,0
BRDA:107,7,1,0
BRDA:111,8,0,0
BRDA:111,8,1,0
BRDA:112,9,0,0
BRDA:112,9,1,0
BRDA:112,10,0,0
BRDA:112,10,1,0
BRDA:115,11,0,0
BRDA:115,11,1,0
BRDA:115,12,0,0
BRDA:115,12,1,0
BRDA:120,13,0,0
BRDA:120,13,1,0
BRDA:129,14,0,0
BRDA:129,14,1,0
BRF:30
BRH:0
end_of_record
TN:
SF:lib\profile.ts
FN:21,(anonymous_1)
FN:34,(anonymous_2)
FN:47,(anonymous_3)
FNF:3
FNH:0
FNDA:0,(anonymous_1)
FNDA:0,(anonymous_2)
FNDA:0,(anonymous_3)
DA:1,0
DA:22,0
DA:23,0
DA:24,0
DA:26,0
DA:27,0
DA:35,0
DA:36,0
DA:37,0
DA:39,0
DA:40,0
DA:48,0
DA:49,0
DA:50,0
DA:52,0
DA:53,0
DA:61,0
LF:17
LH:0
BRDA:42,0,0,0
BRDA:42,0,1,0
BRF:2
BRH:0
end_of_record
TN:
SF:lib\recommendation-engine.ts
FN:14,(anonymous_1)
FN:22,(anonymous_2)
FN:35,(anonymous_3)
FN:79,(anonymous_4)
FN:87,(anonymous_5)
FN:118,(anonymous_6)
FN:121,(anonymous_7)
FN:128,(anonymous_8)
FN:133,(anonymous_9)
FN:135,(anonymous_10)
FN:146,(anonymous_11)
FN:148,(anonymous_12)
FN:174,(anonymous_13)
FN:177,(anonymous_14)
FN:182,(anonymous_15)
FN:190,(anonymous_16)
FN:213,(anonymous_17)
FN:218,(anonymous_18)
FN:226,(anonymous_19)
FN:227,(anonymous_20)
FN:239,(anonymous_21)
FN:243,(anonymous_22)
FN:254,(anonymous_23)
FNF:23
FNH:0
FNDA:0,(anonymous_1)
FNDA:0,(anonymous_2)
FNDA:0,(anonymous_3)
FNDA:0,(anonymous_4)
FNDA:0,(anonymous_5)
FNDA:0,(anonymous_6)
FNDA:0,(anonymous_7)
FNDA:0,(anonymous_8)
FNDA:0,(anonymous_9)
FNDA:0,(anonymous_10)
FNDA:0,(anonymous_11)
FNDA:0,(anonymous_12)
FNDA:0,(anonymous_13)
FNDA:0,(anonymous_14)
FNDA:0,(anonymous_15)
FNDA:0,(anonymous_16)
FNDA:0,(anonymous_17)
FNDA:0,(anonymous_18)
FNDA:0,(anonymous_19)
FNDA:0,(anonymous_20)
FNDA:0,(anonymous_21)
FNDA:0,(anonymous_22)
FNDA:0,(anonymous_23)
DA:3,0
DA:4,0
DA:5,0
DA:6,0
DA:9,0
DA:16,0
DA:17,0
DA:18,0
DA:24,0
DA:25,0
DA:28,0
DA:29,0
DA:31,0
DA:37,0
DA:38,0
DA:53,0
DA:56,0
DA:57,0
DA:58,0
DA:61,0
DA:69,0
DA:71,0
DA:85,0
DA:87,0
DA:88,0
DA:89,0
DA:92,0
DA:93,0
DA:94,0
DA:97,0
DA:98,0
DA:99,0
DA:102,0
DA:103,0
DA:104,0
DA:105,0
DA:108,0
DA:109,0
DA:118,0
DA:126,0
DA:128,0
DA:129,0
DA:130,0
DA:133,0
DA:134,0
DA:136,0
DA:140,0
DA:141,0
DA:142,0
DA:146,0
DA:147,0
DA:149,0
DA:153,0
DA:154,0
DA:155,0
DA:159,0
DA:160,0
DA:161,0
DA:164,0
DA:165,0
DA:174,0
DA:178,0
DA:179,0
DA:182,0
DA:183,0
DA:184,0
DA:185,0
DA:189,0
DA:191,0
DA:193,0
DA:194,0
DA:195,0
DA:199,0
DA:200,0
DA:201,0
DA:205,0
DA:206,0
DA:207,0
DA:210,0
DA:214,0
DA:215,0
DA:218,0
DA:219,0
DA:220,0
DA:221,0
DA:222,0
DA:226,0
DA:227,0
DA:228,0
DA:231,0
DA:232,0
DA:233,0
DA:236,0
DA:240,0
DA:242,0
DA:243,0
DA:246,0
DA:247,0
DA:250,0
DA:251,0
DA:254,0
DA:259,0
LF:102
LH:0
BRDA:16,0,0,0
BRDA:16,0,1,0
BRDA:24,1,0,0
BRDA:24,1,1,0
BRDA:28,2,0,0
BRDA:28,2,1,0
BRDA:35,3,0,0
BRDA:37,4,0,0
BRDA:37,4,1,0
BRDA:37,5,0,0
BRDA:37,5,1,0
BRDA:37,5,2,0
BRDA:104,6,0,0
BRDA:104,6,1,0
BRDA:108,7,0,0
BRDA:108,7,1,0
BRDA:136,8,0,0
BRDA:136,8,1,0
BRDA:140,9,0,0
BRDA:140,9,1,0
BRDA:149,10,0,0
BRDA:149,10,1,0
BRDA:153,11,0,0
BRDA:153,11,1,0
BRDA:159,12,0,0
BRDA:159,12,1,0
BRDA:164,13,0,0
BRDA:164,13,1,0
BRDA:183,14,0,0
BRDA:183,14,1,0
BRDA:191,15,0,0
BRDA:191,15,1,0
BRDA:193,16,0,0
BRDA:193,16,1,0
BRDA:199,17,0,0
BRDA:199,17,1,0
BRDA:199,18,0,0
BRDA:199,18,1,0
BRDA:205,19,0,0
BRDA:205,19,1,0
BRDA:205,20,0,0
BRDA:205,20,1,0
BRDA:219,21,0,0
BRDA:219,21,1,0
BRDA:228,22,0,0
BRDA:228,22,1,0
BRDA:231,23,0,0
BRDA:231,23,1,0
BRDA:242,24,0,0
BRDA:242,24,1,0
BRDA:246,25,0,0
BRDA:246,25,1,0
BRDA:250,26,0,0
BRDA:250,26,1,0
BRF:54
BRH:0
end_of_record
TN:
SF:lib\reviews-data.ts
FNF:0
FNH:0
DA:15,0
LF:1
LH:0
BRF:0
BRH:0
end_of_record
TN:
SF:lib\store.ts
FN:23,(anonymous_1)
FN:42,(anonymous_2)
FN:61,(anonymous_3)
FN:80,(anonymous_4)
FNF:4
FNH:0
FNDA:0,(anonymous_1)
FNDA:0,(anonymous_2)
FNDA:0,(anonymous_3)
FNDA:0,(anonymous_4)
DA:1,0
DA:24,0
DA:25,0
DA:26,0
DA:28,0
DA:34,0
DA:35,0
DA:43,0
DA:44,0
DA:45,0
DA:47,0
DA:53,0
DA:54,0
DA:62,0
DA:63,0
DA:64,0
DA:66,0
DA:72,0
DA:73,0
DA:81,0
DA:82,0
DA:83,0
DA:85,0
DA:91,0
DA:92,0
DA:100,0
LF:26
LH:0
BRDA:30,0,0,0
BRDA:30,0,1,0
BRDA:37,1,0,0
BRDA:37,1,1,0
BRDA:49,2,0,0
BRDA:49,2,1,0
BRDA:56,3,0,0
BRDA:56,3,1,0
BRDA:68,4,0,0
BRDA:68,4,1,0
BRDA:75,5,0,0
BRDA:75,5,1,0
BRDA:87,6,0,0
BRDA:87,6,1,0
BRDA:94,7,0,0
BRDA:94,7,1,0
BRF:16
BRH:0
end_of_record
TN:
SF:lib\stores-data.ts
FNF:0
FNH:0
DA:1,0
LF:1
LH:0
BRF:0
BRH:0
end_of_record
TN:
SF:lib\use-checkout.ts
FN:56,useCheckout
FN:61,(anonymous_2)
FN:105,(anonymous_3)
FNF:3
FNH:0
FNDA:0,useCheckout
FNDA:0,(anonymous_2)
FNDA:0,(anonymous_3)
DA:1,0
DA:2,0
DA:3,0
DA:56,0
DA:57,0
DA:58,0
DA:59,0
DA:61,0
DA:62,0
DA:63,0
DA:68,0
DA:71,0
DA:72,0
DA:73,0
DA:84,0
DA:85,0
DA:86,0
DA:89,0
DA:90,0
DA:91,0
DA:93,0
DA:94,0
DA:99,0
DA:101,0
DA:105,0
DA:106,0
DA:107,0
DA:112,0
DA:115,0
DA:116,0
DA:117,0
DA:126,0
DA:127,0
DA:130,0
DA:131,0
DA:137,0
DA:139,0
DA:142,0
DA:144,0
DA:149,0
DA:151,0
DA:152,0
DA:157,0
DA:159,0
DA:163,0
LF:45
LH:0
BRDA:62,0,0,0
BRDA:62,0,1,0
BRDA:80,1,0,0
BRDA:80,1,1,0
BRDA:84,2,0,0
BRDA:84,2,1,0
BRDA:86,3,0,0
BRDA:86,3,1,0
BRDA:96,4,0,0
BRDA:96,4,1,0
BRDA:106,5,0,0
BRDA:106,5,1,0
BRDA:126,6,0,0
BRDA:126,6,1,0
BRDA:130,7,0,0
BRDA:130,7,1,0
BRDA:130,8,0,0
BRDA:130,8,1,0
BRDA:137,9,0,0
BRDA:137,9,1,0
BRDA:154,10,0,0
BRDA:154,10,1,0
BRF:22
BRH:0
end_of_record
TN:
SF:lib\utils.ts
FN:4,cn
FN:14,formatearPrecioParaguayo
FNF:2
FNH:0
FNDA:0,cn
FNDA:0,formatearPrecioParaguayo
DA:1,0
DA:2,0
DA:4,0
DA:5,0
DA:14,0
DA:16,0
DA:17,0
LF:7
LH:0
BRF:0
BRH:0
end_of_record
TN:
SF:lib\api\productos.ts
FN:32,(anonymous_1)
FN:41,(anonymous_2)
FN:49,(anonymous_3)
FN:58,(anonymous_4)
FN:67,(anonymous_5)
FN:73,(anonymous_6)
FN:86,(anonymous_7)
FN:98,(anonymous_8)
FN:111,(anonymous_9)
FN:124,(anonymous_10)
FN:148,(anonymous_11)
FN:153,(anonymous_12)
FNF:12
FNH:0
FNDA:0,(anonymous_1)
FNDA:0,(anonymous_2)
FNDA:0,(anonymous_3)
FNDA:0,(anonymous_4)
FNDA:0,(anonymous_5)
FNDA:0,(anonymous_6)
FNDA:0,(anonymous_7)
FNDA:0,(anonymous_8)
FNDA:0,(anonymous_9)
FNDA:0,(anonymous_10)
FNDA:0,(anonymous_11)
FNDA:0,(anonymous_12)
DA:1,0
DA:2,0
DA:33,0
DA:35,0
DA:42,0
DA:44,0
DA:50,0
DA:52,0
DA:59,0
DA:61,0
DA:68,0
DA:70,0
DA:73,0
DA:74,0
DA:75,0
DA:80,0
DA:81,0
DA:85,0
DA:86,0
DA:87,0
DA:91,0
DA:93,0
DA:106,0
DA:108,0
DA:111,0
DA:112,0
DA:113,0
DA:118,0
DA:119,0
DA:123,0
DA:124,0
DA:125,0
DA:130,0
DA:131,0
DA:134,0
DA:135,0
DA:139,0
DA:141,0
DA:143,0
DA:149,0
DA:150,0
DA:154,0
DA:160,0
DA:164,0
LF:44
LH:0
BRDA:32,0,0,0
BRDA:49,1,0,0
BRDA:58,2,0,0
BRDA:74,3,0,0
BRDA:74,3,1,0
BRDA:74,4,0,0
BRDA:74,4,1,0
BRDA:80,5,0,0
BRDA:80,5,1,0
BRDA:85,6,0,0
BRDA:85,6,1,0
BRDA:85,7,0,0
BRDA:85,7,1,0
BRDA:112,8,0,0
BRDA:112,8,1,0
BRDA:112,9,0,0
BRDA:112,9,1,0
BRDA:118,10,0,0
BRDA:118,10,1,0
BRDA:123,11,0,0
BRDA:123,11,1,0
BRDA:123,12,0,0
BRDA:123,12,1,0
BRDA:130,13,0,0
BRDA:130,13,1,0
BRDA:134,14,0,0
BRDA:134,14,1,0
BRF:27
BRH:0
end_of_record
TN:
SF:lib\types\producto.ts
FN:71,mapProductoBackendToFrontend
FN:105,mapProductoFrontendToBackend
FNF:2
FNH:0
FNDA:0,mapProductoBackendToFrontend
FNDA:0,mapProductoFrontendToBackend
DA:71,0
DA:72,0
DA:105,0
DA:106,0
LF:4
LH:0
BRDA:77,0,0,0
BRDA:77,0,1,0
BRDA:79,1,0,0
BRDA:79,1,1,0
BRDA:80,2,0,0
BRDA:80,2,1,0
BRDA:111,3,0,0
BRDA:111,3,1,0
BRDA:116,4,0,0
BRDA:116,4,1,0
BRDA:119,5,0,0
BRDA:119,5,1,0
BRDA:119,5,2,0
BRDA:121,6,0,0
BRDA:121,6,1,0
BRDA:122,7,0,0
BRDA:122,7,1,0
BRDA:124,8,0,0
BRDA:124,8,1,0
BRF:19
BRH:0
end_of_record
